Victor
Smirnov
e7302a803b16771aadf2fa464b31ca6f
[24.4.2023 | 21:20:16] {"type":"cmd","data":"run"}
,[24.4.2023 | 21:20:17] {"client-id":"458139a0-f182-4a80-8b9a-a4501db3f42f","gpioa":0,"gpiob":0,"gpioc":32768,"gpiod":32768,"gpioe":0,"modeltime":0,"type":"gpio"}
,[24.4.2023 | 21:20:17] {"client-id":"458139a0-f182-4a80-8b9a-a4501db3f42f","gpioa":0,"gpiob":0,"gpioc":32768,"gpiod":32768,"gpioe":0,"modeltime":0,"type":"gpio"}
,[24.4.2023 | 21:20:17] {"client-id":"458139a0-f182-4a80-8b9a-a4501db3f42f","gpioa":0,"gpiob":0,"gpioc":32768,"gpiod":32768,"gpioe":0,"modeltime":0,"type":"gpio"}
,[24.4.2023 | 21:20:17] {"client-id":"458139a0-f182-4a80-8b9a-a4501db3f42f","gpioa":0,"gpiob":0,"gpioc":32768,"gpiod":32768,"gpioe":0,"modeltime":0,"type":"gpio"}
,[24.4.2023 | 21:20:17] {"client-id":"458139a0-f182-4a80-8b9a-a4501db3f42f","gpioa":0,"gpiob":0,"gpioc":32768,"gpiod":32768,"gpioe":0,"modeltime":0,"type":"gpio"}
,[24.4.2023 | 21:20:17] {"client-id":"458139a0-f182-4a80-8b9a-a4501db3f42f","gpioa":0,"gpiob":0,"gpioc":32768,"gpiod":32768,"gpioe":0,"modeltime":0,"type":"gpio"}
,[24.4.2023 | 21:20:17] {"client-id":"458139a0-f182-4a80-8b9a-a4501db3f42f","gpioa":0,"gpiob":0,"gpioc":32768,"gpiod":32768,"gpioe":0,"modeltime":0,"type":"gpio"}
,[24.4.2023 | 21:20:17] {"client-id":"458139a0-f182-4a80-8b9a-a4501db3f42f","gpioa":0,"gpiob":0,"gpioc":32768,"gpiod":32768,"gpioe":0,"modeltime":0,"type":"gpio"}
,[24.4.2023 | 21:20:17] {"client-id":"458139a0-f182-4a80-8b9a-a4501db3f42f","gpioa":0,"gpiob":0,"gpioc":32768,"gpiod":32768,"gpioe":0,"modeltime":0,"type":"gpio"}
,[24.4.2023 | 21:20:18] {"client-id":"458139a0-f182-4a80-8b9a-a4501db3f42f","gpioa":0,"gpiob":0,"gpioc":32768,"gpiod":32768,"gpioe":0,"modeltime":0,"type":"gpio"}
,[24.4.2023 | 21:20:18] {"client-id":"458139a0-f182-4a80-8b9a-a4501db3f42f","gpioa":0,"gpiob":0,"gpioc":32768,"gpiod":32768,"gpioe":0,"modeltime":0,"type":"gpio"}
,[24.4.2023 | 21:20:18] {"client-id":"458139a0-f182-4a80-8b9a-a4501db3f42f","gpioa":0,"gpiob":0,"gpioc":32768,"gpiod":32768,"gpioe":0,"modeltime":0,"type":"gpio"}
,[24.4.2023 | 21:20:18] {"client-id":"458139a0-f182-4a80-8b9a-a4501db3f42f","gpioa":0,"gpiob":0,"gpioc":32768,"gpiod":32768,"gpioe":0,"modeltime":0,"type":"gpio"}
,[24.4.2023 | 21:20:18] {"client-id":"458139a0-f182-4a80-8b9a-a4501db3f42f","gpioa":0,"gpiob":0,"gpioc":32768,"gpiod":32768,"gpioe":0,"modeltime":0,"type":"gpio"}
,[24.4.2023 | 21:20:18] {"client-id":"458139a0-f182-4a80-8b9a-a4501db3f42f","gpioa":0,"gpiob":0,"gpioc":32768,"gpiod":32768,"gpioe":0,"modeltime":0,"type":"gpio"}
,[24.4.2023 | 21:20:18] {"client-id":"458139a0-f182-4a80-8b9a-a4501db3f42f","gpioa":0,"gpiob":0,"gpioc":32768,"gpiod":32768,"gpioe":0,"modeltime":0,"type":"gpio"}
,[24.4.2023 | 21:20:18] {"client-id":"458139a0-f182-4a80-8b9a-a4501db3f42f","gpioa":0,"gpiob":0,"gpioc":32768,"gpiod":32832,"gpioe":4096,"modeltime":0,"type":"gpio"}
,[24.4.2023 | 21:20:18] {"client-id":"458139a0-f182-4a80-8b9a-a4501db3f42f","gpioa":0,"gpiob":0,"gpioc":32768,"gpiod":32832,"gpioe":4096,"modeltime":0,"type":"gpio"}
,[24.4.2023 | 21:20:18] {"client-id":"458139a0-f182-4a80-8b9a-a4501db3f42f","gpioa":0,"gpiob":0,"gpioc":32768,"gpiod":32832,"gpioe":4096,"modeltime":0,"type":"gpio"}
,[24.4.2023 | 21:20:19] {"client-id":"458139a0-f182-4a80-8b9a-a4501db3f42f","gpioa":0,"gpiob":0,"gpioc":32768,"gpiod":32832,"gpioe":4096,"modeltime":0,"type":"gpio"}
,[24.4.2023 | 21:20:19] {"client-id":"458139a0-f182-4a80-8b9a-a4501db3f42f","gpioa":0,"gpiob":0,"gpioc":32768,"gpiod":32832,"gpioe":4096,"modeltime":0,"type":"gpio"}
,[24.4.2023 | 21:20:19] {"client-id":"458139a0-f182-4a80-8b9a-a4501db3f42f","gpioa":0,"gpiob":0,"gpioc":32768,"gpiod":32832,"gpioe":4096,"modeltime":0,"type":"gpio"}
,[24.4.2023 | 21:20:19] {"client-id":"458139a0-f182-4a80-8b9a-a4501db3f42f","gpioa":0,"gpiob":0,"gpioc":32768,"gpiod":32832,"gpioe":4096,"modeltime":0,"type":"gpio"}
,[24.4.2023 | 21:20:19] {"client-id":"458139a0-f182-4a80-8b9a-a4501db3f42f","gpioa":0,"gpiob":0,"gpioc":32768,"gpiod":32832,"gpioe":4096,"modeltime":0,"type":"gpio"}
,[24.4.2023 | 21:20:19] {"client-id":"458139a0-f182-4a80-8b9a-a4501db3f42f","gpioa":0,"gpiob":0,"gpioc":32768,"gpiod":32832,"gpioe":4096,"modeltime":0,"type":"gpio"}
,[24.4.2023 | 21:20:19] {"client-id":"458139a0-f182-4a80-8b9a-a4501db3f42f","gpioa":0,"gpiob":0,"gpioc":32768,"gpiod":32832,"gpioe":4096,"modeltime":0,"type":"gpio"}
,[24.4.2023 | 21:20:19] {"client-id":"458139a0-f182-4a80-8b9a-a4501db3f42f","gpioa":0,"gpiob":0,"gpioc":32768,"gpiod":32832,"gpioe":4096,"modeltime":0,"type":"gpio"}
,[24.4.2023 | 21:20:19] {"client-id":"458139a0-f182-4a80-8b9a-a4501db3f42f","gpioa":0,"gpiob":0,"gpioc":32768,"gpiod":8256,"gpioe":4352,"modeltime":0,"type":"gpio"}
,[24.4.2023 | 21:20:19] {"client-id":"458139a0-f182-4a80-8b9a-a4501db3f42f","gpioa":0,"gpiob":0,"gpioc":32768,"gpiod":8256,"gpioe":4352,"modeltime":0,"type":"gpio"}
,[24.4.2023 | 21:20:20] {"client-id":"458139a0-f182-4a80-8b9a-a4501db3f42f","gpioa":0,"gpiob":0,"gpioc":32768,"gpiod":8256,"gpioe":4352,"modeltime":0,"type":"gpio"}
,[24.4.2023 | 21:20:20] {"client-id":"458139a0-f182-4a80-8b9a-a4501db3f42f","gpioa":0,"gpiob":0,"gpioc":32768,"gpiod":8200,"gpioe":4352,"modeltime":0,"type":"gpio"}
,[24.4.2023 | 21:20:20] {"client-id":"458139a0-f182-4a80-8b9a-a4501db3f42f","gpioa":0,"gpiob":0,"gpioc":32768,"gpiod":8200,"gpioe":4352,"modeltime":0,"type":"gpio"}
,[24.4.2023 | 21:20:20] {"client-id":"458139a0-f182-4a80-8b9a-a4501db3f42f","gpioa":0,"gpiob":0,"gpioc":32768,"gpiod":8200,"gpioe":4352,"modeltime":0,"type":"gpio"}
,[24.4.2023 | 21:20:20] {"client-id":"458139a0-f182-4a80-8b9a-a4501db3f42f","gpioa":0,"gpiob":0,"gpioc":32768,"gpiod":8200,"gpioe":4352,"modeltime":0,"type":"gpio"}
,[24.4.2023 | 21:20:20] {"client-id":"458139a0-f182-4a80-8b9a-a4501db3f42f","gpioa":0,"gpiob":0,"gpioc":32768,"gpiod":8200,"gpioe":4352,"modeltime":0,"type":"gpio"}
,[24.4.2023 | 21:20:20] {"client-id":"458139a0-f182-4a80-8b9a-a4501db3f42f","gpioa":0,"gpiob":0,"gpioc":32768,"gpiod":8216,"gpioe":4352,"modeltime":0,"type":"gpio"}
,[24.4.2023 | 21:20:20] {"client-id":"458139a0-f182-4a80-8b9a-a4501db3f42f","gpioa":0,"gpiob":0,"gpioc":32768,"gpiod":8216,"gpioe":4352,"modeltime":0,"type":"gpio"}
,[24.4.2023 | 21:20:20] {"client-id":"458139a0-f182-4a80-8b9a-a4501db3f42f","gpioa":0,"gpiob":0,"gpioc":32768,"gpiod":8216,"gpioe":4352,"modeltime":0,"type":"gpio"}
,[24.4.2023 | 21:20:20] {"client-id":"458139a0-f182-4a80-8b9a-a4501db3f42f","gpioa":0,"gpiob":0,"gpioc":32768,"gpiod":8216,"gpioe":4352,"modeltime":0,"type":"gpio"}
,[24.4.2023 | 21:20:21] {"client-id":"458139a0-f182-4a80-8b9a-a4501db3f42f","gpioa":0,"gpiob":0,"gpioc":32768,"gpiod":8216,"gpioe":4352,"modeltime":0,"type":"gpio"}
,[24.4.2023 | 21:20:21] {"client-id":"458139a0-f182-4a80-8b9a-a4501db3f42f","gpioa":0,"gpiob":0,"gpioc":32768,"gpiod":8248,"gpioe":4352,"modeltime":0,"type":"gpio"}
,[24.4.2023 | 21:20:21] {"client-id":"458139a0-f182-4a80-8b9a-a4501db3f42f","gpioa":0,"gpiob":0,"gpioc":32768,"gpiod":8248,"gpioe":4352,"modeltime":0,"type":"gpio"}
,[24.4.2023 | 21:20:21] {"client-id":"458139a0-f182-4a80-8b9a-a4501db3f42f","gpioa":0,"gpiob":0,"gpioc":32768,"gpiod":8248,"gpioe":4352,"modeltime":0,"type":"gpio"}
,[24.4.2023 | 21:20:21] {"client-id":"458139a0-f182-4a80-8b9a-a4501db3f42f","gpioa":0,"gpiob":0,"gpioc":32768,"gpiod":8248,"gpioe":4352,"modeltime":0,"type":"gpio"}
,[24.4.2023 | 21:20:21] {"client-id":"458139a0-f182-4a80-8b9a-a4501db3f42f","gpioa":0,"gpiob":0,"gpioc":32768,"gpiod":8248,"gpioe":4352,"modeltime":0,"type":"gpio"}
,[24.4.2023 | 21:20:21] {"client-id":"458139a0-f182-4a80-8b9a-a4501db3f42f","gpioa":0,"gpiob":0,"gpioc":32768,"gpiod":8312,"gpioe":4352,"modeltime":0,"type":"gpio"}
,[24.4.2023 | 21:20:21] {"client-id":"458139a0-f182-4a80-8b9a-a4501db3f42f","gpioa":0,"gpiob":0,"gpioc":32768,"gpiod":8312,"gpioe":4352,"modeltime":0,"type":"gpio"}
,[24.4.2023 | 21:20:21] {"client-id":"458139a0-f182-4a80-8b9a-a4501db3f42f","gpioa":0,"gpiob":0,"gpioc":32768,"gpiod":8312,"gpioe":4352,"modeltime":0,"type":"gpio"}
,[24.4.2023 | 21:20:21] {"client-id":"458139a0-f182-4a80-8b9a-a4501db3f42f","gpioa":0,"gpiob":0,"gpioc":32768,"gpiod":8312,"gpioe":4352,"modeltime":0,"type":"gpio"}
,[24.4.2023 | 21:20:22] {"client-id":"458139a0-f182-4a80-8b9a-a4501db3f42f","gpioa":0,"gpiob":0,"gpioc":32768,"gpiod":8312,"gpioe":4352,"modeltime":0,"type":"gpio"}
,[24.4.2023 | 21:20:22] {"client-id":"458139a0-f182-4a80-8b9a-a4501db3f42f","gpioa":0,"gpiob":0,"gpioc":32768,"gpiod":8568,"gpioe":4352,"modeltime":0,"type":"gpio"}
,[24.4.2023 | 21:20:22] {"client-id":"458139a0-f182-4a80-8b9a-a4501db3f42f","gpioa":0,"gpiob":0,"gpioc":32768,"gpiod":8568,"gpioe":4352,"modeltime":0,"type":"gpio"}
,[24.4.2023 | 21:20:22] {"client-id":"458139a0-f182-4a80-8b9a-a4501db3f42f","gpioa":0,"gpiob":0,"gpioc":32768,"gpiod":8568,"gpioe":4352,"modeltime":0,"type":"gpio"}
,[24.4.2023 | 21:20:22] {"client-id":"458139a0-f182-4a80-8b9a-a4501db3f42f","gpioa":0,"gpiob":0,"gpioc":32768,"gpiod":8568,"gpioe":4352,"modeltime":0,"type":"gpio"}
,[24.4.2023 | 21:20:22] {"client-id":"458139a0-f182-4a80-8b9a-a4501db3f42f","gpioa":0,"gpiob":0,"gpioc":32768,"gpiod":8568,"gpioe":4352,"modeltime":0,"type":"gpio"}
,[24.4.2023 | 21:20:22] {"client-id":"458139a0-f182-4a80-8b9a-a4501db3f42f","gpioa":0,"gpiob":0,"gpioc":32768,"gpiod":9080,"gpioe":4352,"modeltime":0,"type":"gpio"}
,[24.4.2023 | 21:20:22] {"client-id":"458139a0-f182-4a80-8b9a-a4501db3f42f","gpioa":0,"gpiob":0,"gpioc":32768,"gpiod":9080,"gpioe":4352,"modeltime":0,"type":"gpio"}
,[24.4.2023 | 21:20:22] {"client-id":"458139a0-f182-4a80-8b9a-a4501db3f42f","gpioa":0,"gpiob":0,"gpioc":32768,"gpiod":9080,"gpioe":4352,"modeltime":0,"type":"gpio"}
,[24.4.2023 | 21:20:23] {"client-id":"458139a0-f182-4a80-8b9a-a4501db3f42f","gpioa":0,"gpiob":0,"gpioc":32768,"gpiod":9080,"gpioe":4352,"modeltime":0,"type":"gpio"}
,[24.4.2023 | 21:20:23] {"client-id":"458139a0-f182-4a80-8b9a-a4501db3f42f","gpioa":0,"gpiob":0,"gpioc":32768,"gpiod":9080,"gpioe":4352,"modeltime":0,"type":"gpio"}
,[24.4.2023 | 21:20:23] {"client-id":"458139a0-f182-4a80-8b9a-a4501db3f42f","gpioa":0,"gpiob":0,"gpioc":32768,"gpiod":11128,"gpioe":4352,"modeltime":0,"type":"gpio"}
,[24.4.2023 | 21:20:23] {"client-id":"458139a0-f182-4a80-8b9a-a4501db3f42f","gpioa":0,"gpiob":0,"gpioc":32768,"gpiod":11128,"gpioe":4352,"modeltime":0,"type":"gpio"}
,[24.4.2023 | 21:20:23] {"client-id":"458139a0-f182-4a80-8b9a-a4501db3f42f","gpioa":0,"gpiob":0,"gpioc":32768,"gpiod":11128,"gpioe":4352,"modeltime":0,"type":"gpio"}
,[24.4.2023 | 21:20:23] {"client-id":"458139a0-f182-4a80-8b9a-a4501db3f42f","gpioa":0,"gpiob":0,"gpioc":32768,"gpiod":11128,"gpioe":4352,"modeltime":0,"type":"gpio"}
,[24.4.2023 | 21:20:23] {"client-id":"458139a0-f182-4a80-8b9a-a4501db3f42f","gpioa":0,"gpiob":0,"gpioc":32768,"gpiod":11128,"gpioe":4352,"modeltime":0,"type":"gpio"}
,[24.4.2023 | 21:20:23] {"client-id":"458139a0-f182-4a80-8b9a-a4501db3f42f","gpioa":0,"gpiob":0,"gpioc":32768,"gpiod":15224,"gpioe":4352,"modeltime":0,"type":"gpio"}
,[24.4.2023 | 21:20:23] {"client-id":"458139a0-f182-4a80-8b9a-a4501db3f42f","gpioa":0,"gpiob":0,"gpioc":32768,"gpiod":15224,"gpioe":4352,"modeltime":0,"type":"gpio"}
,[24.4.2023 | 21:20:23] {"client-id":"458139a0-f182-4a80-8b9a-a4501db3f42f","gpioa":0,"gpiob":0,"gpioc":32768,"gpiod":15224,"gpioe":4352,"modeltime":0,"type":"gpio"}
,[24.4.2023 | 21:20:24] {"client-id":"458139a0-f182-4a80-8b9a-a4501db3f42f","gpioa":0,"gpiob":0,"gpioc":32768,"gpiod":15224,"gpioe":4352,"modeltime":0,"type":"gpio"}
,[24.4.2023 | 21:20:24] {"client-id":"458139a0-f182-4a80-8b9a-a4501db3f42f","gpioa":0,"gpiob":0,"gpioc":32768,"gpiod":15224,"gpioe":4352,"modeltime":0,"type":"gpio"}
,[24.4.2023 | 21:20:24] {"client-id":"458139a0-f182-4a80-8b9a-a4501db3f42f","gpioa":0,"gpiob":0,"gpioc":32768,"gpiod":11128,"gpioe":4352,"modeltime":0,"type":"gpio"}
,[24.4.2023 | 21:20:24] {"client-id":"458139a0-f182-4a80-8b9a-a4501db3f42f","gpioa":0,"gpiob":0,"gpioc":32768,"gpiod":11128,"gpioe":4352,"modeltime":0,"type":"gpio"}
,[24.4.2023 | 21:20:24] {"client-id":"458139a0-f182-4a80-8b9a-a4501db3f42f","gpioa":0,"gpiob":0,"gpioc":32768,"gpiod":11128,"gpioe":4352,"modeltime":0,"type":"gpio"}
,[24.4.2023 | 21:20:24] {"client-id":"458139a0-f182-4a80-8b9a-a4501db3f42f","gpioa":0,"gpiob":0,"gpioc":32768,"gpiod":11128,"gpioe":4352,"modeltime":0,"type":"gpio"}
,[24.4.2023 | 21:20:24] {"client-id":"458139a0-f182-4a80-8b9a-a4501db3f42f","gpioa":0,"gpiob":0,"gpioc":32768,"gpiod":11128,"gpioe":4352,"modeltime":0,"type":"gpio"}
,[24.4.2023 | 21:20:24] {"client-id":"458139a0-f182-4a80-8b9a-a4501db3f42f","gpioa":0,"gpiob":0,"gpioc":32768,"gpiod":9080,"gpioe":4352,"modeltime":0,"type":"gpio"}
,[24.4.2023 | 21:20:24] {"client-id":"458139a0-f182-4a80-8b9a-a4501db3f42f","gpioa":0,"gpiob":0,"gpioc":32768,"gpiod":9080,"gpioe":4352,"modeltime":0,"type":"gpio"}
,[24.4.2023 | 21:20:24] {"client-id":"458139a0-f182-4a80-8b9a-a4501db3f42f","gpioa":0,"gpiob":0,"gpioc":32768,"gpiod":9080,"gpioe":4352,"modeltime":0,"type":"gpio"}
,[24.4.2023 | 21:20:25] {"client-id":"458139a0-f182-4a80-8b9a-a4501db3f42f","gpioa":0,"gpiob":0,"gpioc":32768,"gpiod":9080,"gpioe":4352,"modeltime":0,"type":"gpio"}
,[24.4.2023 | 21:20:25] {"client-id":"458139a0-f182-4a80-8b9a-a4501db3f42f","gpioa":0,"gpiob":0,"gpioc":32768,"gpiod":9080,"gpioe":4352,"modeltime":0,"type":"gpio"}
,[24.4.2023 | 21:20:25] {"client-id":"458139a0-f182-4a80-8b9a-a4501db3f42f","gpioa":0,"gpiob":0,"gpioc":32768,"gpiod":8568,"gpioe":4352,"modeltime":0,"type":"gpio"}
,[24.4.2023 | 21:20:25] {"client-id":"458139a0-f182-4a80-8b9a-a4501db3f42f","gpioa":0,"gpiob":0,"gpioc":32768,"gpiod":8568,"gpioe":4352,"modeltime":0,"type":"gpio"}
,[24.4.2023 | 21:20:25] {"client-id":"458139a0-f182-4a80-8b9a-a4501db3f42f","gpioa":0,"gpiob":0,"gpioc":32768,"gpiod":8568,"gpioe":4352,"modeltime":0,"type":"gpio"}
,[24.4.2023 | 21:20:25] {"client-id":"458139a0-f182-4a80-8b9a-a4501db3f42f","gpioa":0,"gpiob":0,"gpioc":32768,"gpiod":8568,"gpioe":4352,"modeltime":0,"type":"gpio"}
,[24.4.2023 | 21:20:25] {"client-id":"458139a0-f182-4a80-8b9a-a4501db3f42f","gpioa":0,"gpiob":0,"gpioc":32768,"gpiod":8568,"gpioe":4352,"modeltime":0,"type":"gpio"}
,[24.4.2023 | 21:20:25] {"client-id":"458139a0-f182-4a80-8b9a-a4501db3f42f","gpioa":0,"gpiob":0,"gpioc":32768,"gpiod":8312,"gpioe":4352,"modeltime":0,"type":"gpio"}
,[24.4.2023 | 21:20:25] {"client-id":"458139a0-f182-4a80-8b9a-a4501db3f42f","gpioa":0,"gpiob":0,"gpioc":32768,"gpiod":8312,"gpioe":4352,"modeltime":0,"type":"gpio"}
,[24.4.2023 | 21:20:25] {"client-id":"458139a0-f182-4a80-8b9a-a4501db3f42f","gpioa":0,"gpiob":0,"gpioc":32768,"gpiod":8312,"gpioe":4352,"modeltime":0,"type":"gpio"}
,[24.4.2023 | 21:20:26] {"client-id":"458139a0-f182-4a80-8b9a-a4501db3f42f","gpioa":0,"gpiob":0,"gpioc":32768,"gpiod":8312,"gpioe":4352,"modeltime":0,"type":"gpio"}
,[24.4.2023 | 21:20:26] {"client-id":"458139a0-f182-4a80-8b9a-a4501db3f42f","gpioa":0,"gpiob":0,"gpioc":32768,"gpiod":8312,"gpioe":4352,"modeltime":0,"type":"gpio"}
,[24.4.2023 | 21:20:26] {"client-id":"458139a0-f182-4a80-8b9a-a4501db3f42f","gpioa":0,"gpiob":0,"gpioc":32768,"gpiod":8248,"gpioe":4352,"modeltime":0,"type":"gpio"}
,[24.4.2023 | 21:20:26] {"client-id":"458139a0-f182-4a80-8b9a-a4501db3f42f","gpioa":0,"gpiob":0,"gpioc":32768,"gpiod":8248,"gpioe":4352,"modeltime":0,"type":"gpio"}
,[24.4.2023 | 21:20:26] {"client-id":"458139a0-f182-4a80-8b9a-a4501db3f42f","gpioa":0,"gpiob":0,"gpioc":32768,"gpiod":8248,"gpioe":4352,"modeltime":0,"type":"gpio"}
,[24.4.2023 | 21:20:26] {"client-id":"458139a0-f182-4a80-8b9a-a4501db3f42f","gpioa":0,"gpiob":0,"gpioc":32768,"gpiod":8248,"gpioe":4352,"modeltime":0,"type":"gpio"}
,[24.4.2023 | 21:20:26] {"client-id":"458139a0-f182-4a80-8b9a-a4501db3f42f","gpioa":0,"gpiob":0,"gpioc":32768,"gpiod":8248,"gpioe":4352,"modeltime":0,"type":"gpio"}
,[24.4.2023 | 21:20:26] {"client-id":"458139a0-f182-4a80-8b9a-a4501db3f42f","gpioa":0,"gpiob":0,"gpioc":32768,"gpiod":8216,"gpioe":4352,"modeltime":0,"type":"gpio"}
,[24.4.2023 | 21:20:26] {"client-id":"458139a0-f182-4a80-8b9a-a4501db3f42f","gpioa":0,"gpiob":0,"gpioc":32768,"gpiod":8216,"gpioe":4352,"modeltime":0,"type":"gpio"}
,[24.4.2023 | 21:20:26] {"client-id":"458139a0-f182-4a80-8b9a-a4501db3f42f","gpioa":0,"gpiob":0,"gpioc":32768,"gpiod":8216,"gpioe":4352,"modeltime":0,"type":"gpio"}
,[24.4.2023 | 21:20:27] {"client-id":"458139a0-f182-4a80-8b9a-a4501db3f42f","gpioa":0,"gpiob":0,"gpioc":32768,"gpiod":8216,"gpioe":4352,"modeltime":0,"type":"gpio"}
,[24.4.2023 | 21:20:27] {"client-id":"458139a0-f182-4a80-8b9a-a4501db3f42f","gpioa":0,"gpiob":0,"gpioc":32768,"gpiod":8216,"gpioe":4352,"modeltime":0,"type":"gpio"}
,[24.4.2023 | 21:20:27] {"client-id":"458139a0-f182-4a80-8b9a-a4501db3f42f","gpioa":0,"gpiob":0,"gpioc":32768,"gpiod":8200,"gpioe":4352,"modeltime":0,"type":"gpio"}
,[24.4.2023 | 21:20:27] {"client-id":"458139a0-f182-4a80-8b9a-a4501db3f42f","gpioa":0,"gpiob":0,"gpioc":32768,"gpiod":8200,"gpioe":4352,"modeltime":0,"type":"gpio"}
,[24.4.2023 | 21:20:27] {"client-id":"458139a0-f182-4a80-8b9a-a4501db3f42f","gpioa":0,"gpiob":0,"gpioc":32768,"gpiod":8200,"gpioe":4352,"modeltime":0,"type":"gpio"}
,[24.4.2023 | 21:20:27] {"client-id":"458139a0-f182-4a80-8b9a-a4501db3f42f","gpioa":0,"gpiob":0,"gpioc":32768,"gpiod":8200,"gpioe":4352,"modeltime":0,"type":"gpio"}
,[24.4.2023 | 21:20:27] {"client-id":"458139a0-f182-4a80-8b9a-a4501db3f42f","gpioa":0,"gpiob":0,"gpioc":32768,"gpiod":8200,"gpioe":4352,"modeltime":0,"type":"gpio"}
,[24.4.2023 | 21:20:27] {"client-id":"458139a0-f182-4a80-8b9a-a4501db3f42f","gpioa":0,"gpiob":0,"gpioc":32768,"gpiod":8216,"gpioe":4352,"modeltime":0,"type":"gpio"}
,[24.4.2023 | 21:20:27] {"client-id":"458139a0-f182-4a80-8b9a-a4501db3f42f","gpioa":0,"gpiob":0,"gpioc":32768,"gpiod":8216,"gpioe":4352,"modeltime":0,"type":"gpio"}
,[24.4.2023 | 21:20:27] {"client-id":"458139a0-f182-4a80-8b9a-a4501db3f42f","gpioa":0,"gpiob":0,"gpioc":32768,"gpiod":8216,"gpioe":4352,"modeltime":0,"type":"gpio"}
,[24.4.2023 | 21:20:28] {"client-id":"458139a0-f182-4a80-8b9a-a4501db3f42f","gpioa":0,"gpiob":0,"gpioc":32768,"gpiod":8216,"gpioe":4352,"modeltime":0,"type":"gpio"}
,[24.4.2023 | 21:20:28] {"client-id":"458139a0-f182-4a80-8b9a-a4501db3f42f","gpioa":0,"gpiob":0,"gpioc":32768,"gpiod":8216,"gpioe":4352,"modeltime":0,"type":"gpio"}
,[24.4.2023 | 21:20:28] {"client-id":"458139a0-f182-4a80-8b9a-a4501db3f42f","gpioa":0,"gpiob":0,"gpioc":32768,"gpiod":8248,"gpioe":4352,"modeltime":0,"type":"gpio"}
,[24.4.2023 | 21:20:28] {"client-id":"458139a0-f182-4a80-8b9a-a4501db3f42f","gpioa":0,"gpiob":0,"gpioc":32768,"gpiod":8248,"gpioe":4352,"modeltime":0,"type":"gpio"}
,[24.4.2023 | 21:20:28] {"client-id":"458139a0-f182-4a80-8b9a-a4501db3f42f","gpioa":0,"gpiob":0,"gpioc":32768,"gpiod":8248,"gpioe":4352,"modeltime":0,"type":"gpio"}
,[24.4.2023 | 21:20:28] {"client-id":"458139a0-f182-4a80-8b9a-a4501db3f42f","gpioa":0,"gpiob":0,"gpioc":32768,"gpiod":8248,"gpioe":4352,"modeltime":0,"type":"gpio"}
,[24.4.2023 | 21:20:28] {"client-id":"458139a0-f182-4a80-8b9a-a4501db3f42f","gpioa":0,"gpiob":0,"gpioc":32768,"gpiod":8248,"gpioe":4352,"modeltime":0,"type":"gpio"}
,[24.4.2023 | 21:20:28] {"client-id":"458139a0-f182-4a80-8b9a-a4501db3f42f","gpioa":0,"gpiob":0,"gpioc":32768,"gpiod":8312,"gpioe":4352,"modeltime":0,"type":"gpio"}
,[24.4.2023 | 21:20:28] {"client-id":"458139a0-f182-4a80-8b9a-a4501db3f42f","gpioa":0,"gpiob":0,"gpioc":0,"gpiod":8312,"gpioe":4352,"modeltime":0,"type":"gpio"}
,[24.4.2023 | 21:20:28] {"client-id":"458139a0-f182-4a80-8b9a-a4501db3f42f","gpioa":0,"gpiob":0,"gpioc":0,"gpiod":8312,"gpioe":4352,"modeltime":0,"type":"gpio"}
,[24.4.2023 | 21:20:29] {"client-id":"458139a0-f182-4a80-8b9a-a4501db3f42f","gpioa":0,"gpiob":0,"gpioc":0,"gpiod":8312,"gpioe":4352,"modeltime":0,"type":"gpio"}
,[24.4.2023 | 21:20:29] {"client-id":"458139a0-f182-4a80-8b9a-a4501db3f42f","gpioa":0,"gpiob":0,"gpioc":0,"gpiod":8312,"gpioe":4352,"modeltime":0,"type":"gpio"}
,[24.4.2023 | 21:20:29] {"client-id":"458139a0-f182-4a80-8b9a-a4501db3f42f","gpioa":0,"gpiob":0,"gpioc":0,"gpiod":16760,"gpioe":4352,"modeltime":0,"type":"gpio"}
,[24.4.2023 | 21:20:29] {"client-id":"458139a0-f182-4a80-8b9a-a4501db3f42f","gpioa":0,"gpiob":0,"gpioc":32768,"gpiod":16760,"gpioe":4352,"modeltime":0,"type":"gpio"}
,[24.4.2023 | 21:20:29] {"client-id":"458139a0-f182-4a80-8b9a-a4501db3f42f","gpioa":0,"gpiob":0,"gpioc":32768,"gpiod":16760,"gpioe":4352,"modeltime":0,"type":"gpio"}
,[24.4.2023 | 21:20:29] {"client-id":"458139a0-f182-4a80-8b9a-a4501db3f42f","gpioa":0,"gpiob":0,"gpioc":32768,"gpiod":16760,"gpioe":4352,"modeltime":0,"type":"gpio"}
,[24.4.2023 | 21:20:29] {"client-id":"458139a0-f182-4a80-8b9a-a4501db3f42f","gpioa":0,"gpiob":0,"gpioc":32768,"gpiod":16760,"gpioe":4352,"modeltime":0,"type":"gpio"}
,[24.4.2023 | 21:20:29] {"client-id":"458139a0-f182-4a80-8b9a-a4501db3f42f","gpioa":0,"gpiob":0,"gpioc":32768,"gpiod":17272,"gpioe":4352,"modeltime":0,"type":"gpio"}
,[24.4.2023 | 21:20:29] {"client-id":"458139a0-f182-4a80-8b9a-a4501db3f42f","gpioa":0,"gpiob":0,"gpioc":32768,"gpiod":17272,"gpioe":4352,"modeltime":0,"type":"gpio"}
,[24.4.2023 | 21:20:30] {"client-id":"458139a0-f182-4a80-8b9a-a4501db3f42f","gpioa":0,"gpiob":0,"gpioc":32768,"gpiod":17272,"gpioe":4352,"modeltime":0,"type":"gpio"}
,[24.4.2023 | 21:20:30] {"client-id":"458139a0-f182-4a80-8b9a-a4501db3f42f","gpioa":0,"gpiob":0,"gpioc":32768,"gpiod":17272,"gpioe":4352,"modeltime":0,"type":"gpio"}
,[24.4.2023 | 21:20:30] {"client-id":"458139a0-f182-4a80-8b9a-a4501db3f42f","gpioa":0,"gpiob":0,"gpioc":32768,"gpiod":17272,"gpioe":4352,"modeltime":0,"type":"gpio"}
,[24.4.2023 | 21:20:30] {"client-id":"458139a0-f182-4a80-8b9a-a4501db3f42f","gpioa":0,"gpiob":0,"gpioc":32768,"gpiod":17272,"gpioe":4352,"modeltime":0,"type":"gpio"}
,[24.4.2023 | 21:20:30] {"client-id":"458139a0-f182-4a80-8b9a-a4501db3f42f","gpioa":0,"gpiob":0,"gpioc":32768,"gpiod":17272,"gpioe":4352,"modeltime":0,"type":"gpio"}
,[24.4.2023 | 21:20:30] {"client-id":"458139a0-f182-4a80-8b9a-a4501db3f42f","gpioa":0,"gpiob":0,"gpioc":32768,"gpiod":17272,"gpioe":4352,"modeltime":0,"type":"gpio"}
,[24.4.2023 | 21:20:30] {"client-id":"458139a0-f182-4a80-8b9a-a4501db3f42f","gpioa":0,"gpiob":0,"gpioc":32768,"gpiod":17272,"gpioe":4352,"modeltime":0,"type":"gpio"}
,[24.4.2023 | 21:20:30] {"client-id":"458139a0-f182-4a80-8b9a-a4501db3f42f","gpioa":0,"gpiob":0,"gpioc":32768,"gpiod":17272,"gpioe":4352,"modeltime":0,"type":"gpio"}
,[24.4.2023 | 21:20:30] {"client-id":"458139a0-f182-4a80-8b9a-a4501db3f42f","gpioa":0,"gpiob":0,"gpioc":32768,"gpiod":17272,"gpioe":4352,"modeltime":0,"type":"gpio"}
,[24.4.2023 | 21:20:30] {"client-id":"458139a0-f182-4a80-8b9a-a4501db3f42f","gpioa":0,"gpiob":0,"gpioc":32768,"gpiod":17272,"gpioe":4352,"modeltime":0,"type":"gpio"}
,[24.4.2023 | 21:20:31] {"client-id":"458139a0-f182-4a80-8b9a-a4501db3f42f","gpioa":0,"gpiob":0,"gpioc":32768,"gpiod":17272,"gpioe":4352,"modeltime":0,"type":"gpio"}
,[24.4.2023 | 21:20:31] {"client-id":"458139a0-f182-4a80-8b9a-a4501db3f42f","gpioa":0,"gpiob":0,"gpioc":32768,"gpiod":17272,"gpioe":4352,"modeltime":0,"type":"gpio"}
,[24.4.2023 | 21:20:31] {"client-id":"458139a0-f182-4a80-8b9a-a4501db3f42f","gpioa":0,"gpiob":0,"gpioc":32768,"gpiod":17272,"gpioe":4352,"modeltime":0,"type":"gpio"}
,[24.4.2023 | 21:20:31] {"client-id":"458139a0-f182-4a80-8b9a-a4501db3f42f","gpioa":0,"gpiob":0,"gpioc":32768,"gpiod":17272,"gpioe":4352,"modeltime":0,"type":"gpio"}
,[24.4.2023 | 21:20:31] {"client-id":"458139a0-f182-4a80-8b9a-a4501db3f42f","gpioa":0,"gpiob":0,"gpioc":32768,"gpiod":17272,"gpioe":4352,"modeltime":0,"type":"gpio"}
,[24.4.2023 | 21:20:31] {"client-id":"458139a0-f182-4a80-8b9a-a4501db3f42f","gpioa":0,"gpiob":0,"gpioc":32768,"gpiod":17272,"gpioe":4352,"modeltime":0,"type":"gpio"}
,[24.4.2023 | 21:20:31] {"client-id":"458139a0-f182-4a80-8b9a-a4501db3f42f","gpioa":0,"gpiob":0,"gpioc":32768,"gpiod":17272,"gpioe":4352,"modeltime":0,"type":"gpio"}
,[24.4.2023 | 21:20:31] {"client-id":"458139a0-f182-4a80-8b9a-a4501db3f42f","gpioa":0,"gpiob":0,"gpioc":32768,"gpiod":17272,"gpioe":4352,"modeltime":0,"type":"gpio"}
,[24.4.2023 | 21:20:31] {"client-id":"458139a0-f182-4a80-8b9a-a4501db3f42f","gpioa":0,"gpiob":0,"gpioc":32768,"gpiod":17272,"gpioe":4352,"modeltime":0,"type":"gpio"}
,[24.4.2023 | 21:20:31] {"client-id":"458139a0-f182-4a80-8b9a-a4501db3f42f","gpioa":0,"gpiob":0,"gpioc":32768,"gpiod":17272,"gpioe":4352,"modeltime":0,"type":"gpio"}
,[24.4.2023 | 21:20:32] {"client-id":"458139a0-f182-4a80-8b9a-a4501db3f42f","gpioa":0,"gpiob":0,"gpioc":32768,"gpiod":17272,"gpioe":4352,"modeltime":0,"type":"gpio"}
,[24.4.2023 | 21:20:32] {"client-id":"458139a0-f182-4a80-8b9a-a4501db3f42f","gpioa":0,"gpiob":0,"gpioc":32768,"gpiod":17272,"gpioe":4352,"modeltime":0,"type":"gpio"}
,[24.4.2023 | 21:20:32] {"client-id":"458139a0-f182-4a80-8b9a-a4501db3f42f","gpioa":0,"gpiob":0,"gpioc":32768,"gpiod":17272,"gpioe":4352,"modeltime":0,"type":"gpio"}
,[24.4.2023 | 21:20:32] {"client-id":"458139a0-f182-4a80-8b9a-a4501db3f42f","gpioa":0,"gpiob":0,"gpioc":32768,"gpiod":17272,"gpioe":4352,"modeltime":0,"type":"gpio"}
,[24.4.2023 | 21:20:32] {"client-id":"458139a0-f182-4a80-8b9a-a4501db3f42f","gpioa":0,"gpiob":0,"gpioc":32768,"gpiod":17272,"gpioe":4352,"modeltime":0,"type":"gpio"}
,[24.4.2023 | 21:20:32] {"client-id":"458139a0-f182-4a80-8b9a-a4501db3f42f","gpioa":0,"gpiob":0,"gpioc":32768,"gpiod":17272,"gpioe":4352,"modeltime":0,"type":"gpio"}
,[24.4.2023 | 21:20:32] {"client-id":"458139a0-f182-4a80-8b9a-a4501db3f42f","gpioa":0,"gpiob":0,"gpioc":32768,"gpiod":17272,"gpioe":4352,"modeltime":0,"type":"gpio"}
,[24.4.2023 | 21:20:32] {"client-id":"458139a0-f182-4a80-8b9a-a4501db3f42f","gpioa":0,"gpiob":0,"gpioc":32768,"gpiod":17272,"gpioe":4352,"modeltime":0,"type":"gpio"}
,[24.4.2023 | 21:20:32] {"client-id":"458139a0-f182-4a80-8b9a-a4501db3f42f","gpioa":0,"gpiob":0,"gpioc":32768,"gpiod":17272,"gpioe":4352,"modeltime":0,"type":"gpio"}
,[24.4.2023 | 21:20:32] {"client-id":"458139a0-f182-4a80-8b9a-a4501db3f42f","gpioa":0,"gpiob":0,"gpioc":32768,"gpiod":17272,"gpioe":4352,"modeltime":0,"type":"gpio"}
,[24.4.2023 | 21:20:33] {"client-id":"458139a0-f182-4a80-8b9a-a4501db3f42f","gpioa":0,"gpiob":0,"gpioc":32768,"gpiod":17272,"gpioe":4352,"modeltime":0,"type":"gpio"}
,[24.4.2023 | 21:20:33] {"client-id":"458139a0-f182-4a80-8b9a-a4501db3f42f","gpioa":0,"gpiob":0,"gpioc":32768,"gpiod":17272,"gpioe":4352,"modeltime":0,"type":"gpio"}
,[24.4.2023 | 21:20:33] {"client-id":"458139a0-f182-4a80-8b9a-a4501db3f42f","gpioa":0,"gpiob":0,"gpioc":32768,"gpiod":17272,"gpioe":4352,"modeltime":0,"type":"gpio"}
,[24.4.2023 | 21:20:33] {"client-id":"458139a0-f182-4a80-8b9a-a4501db3f42f","gpioa":0,"gpiob":0,"gpioc":32768,"gpiod":17272,"gpioe":4352,"modeltime":0,"type":"gpio"}
,[24.4.2023 | 21:20:33] {"client-id":"458139a0-f182-4a80-8b9a-a4501db3f42f","gpioa":0,"gpiob":0,"gpioc":32768,"gpiod":17272,"gpioe":4352,"modeltime":0,"type":"gpio"}
,[24.4.2023 | 21:20:33] {"client-id":"458139a0-f182-4a80-8b9a-a4501db3f42f","gpioa":0,"gpiob":0,"gpioc":32768,"gpiod":17272,"gpioe":4352,"modeltime":0,"type":"gpio"}
,[24.4.2023 | 21:20:33] {"client-id":"458139a0-f182-4a80-8b9a-a4501db3f42f","gpioa":0,"gpiob":0,"gpioc":32768,"gpiod":17272,"gpioe":4352,"modeltime":0,"type":"gpio"}
,[24.4.2023 | 21:20:33] {"client-id":"458139a0-f182-4a80-8b9a-a4501db3f42f","gpioa":0,"gpiob":0,"gpioc":32768,"gpiod":17272,"gpioe":4352,"modeltime":0,"type":"gpio"}
,[24.4.2023 | 21:20:33] {"client-id":"458139a0-f182-4a80-8b9a-a4501db3f42f","gpioa":0,"gpiob":0,"gpioc":32768,"gpiod":17272,"gpioe":4352,"modeltime":0,"type":"gpio"}
,[24.4.2023 | 21:20:33] {"client-id":"458139a0-f182-4a80-8b9a-a4501db3f42f","gpioa":0,"gpiob":0,"gpioc":32768,"gpiod":17272,"gpioe":4352,"modeltime":0,"type":"gpio"}
,[24.4.2023 | 21:20:34] {"client-id":"458139a0-f182-4a80-8b9a-a4501db3f42f","gpioa":0,"gpiob":0,"gpioc":32768,"gpiod":17272,"gpioe":4352,"modeltime":0,"type":"gpio"}
,[24.4.2023 | 21:20:34] {"client-id":"458139a0-f182-4a80-8b9a-a4501db3f42f","gpioa":0,"gpiob":0,"gpioc":32768,"gpiod":17272,"gpioe":4352,"modeltime":0,"type":"gpio"}
,[24.4.2023 | 21:20:34] {"client-id":"458139a0-f182-4a80-8b9a-a4501db3f42f","gpioa":0,"gpiob":0,"gpioc":32768,"gpiod":17272,"gpioe":4352,"modeltime":0,"type":"gpio"}
,[24.4.2023 | 21:20:34] {"client-id":"458139a0-f182-4a80-8b9a-a4501db3f42f","gpioa":0,"gpiob":0,"gpioc":32768,"gpiod":17272,"gpioe":5376,"modeltime":0,"type":"gpio"}
,[24.4.2023 | 21:20:34] {"client-id":"458139a0-f182-4a80-8b9a-a4501db3f42f","gpioa":0,"gpiob":0,"gpioc":32768,"gpiod":17272,"gpioe":5376,"modeltime":0,"type":"gpio"}
,[24.4.2023 | 21:20:34] {"client-id":"458139a0-f182-4a80-8b9a-a4501db3f42f","gpioa":0,"gpiob":0,"gpioc":32768,"gpiod":17272,"gpioe":5376,"modeltime":0,"type":"gpio"}
,[24.4.2023 | 21:20:34] {"client-id":"458139a0-f182-4a80-8b9a-a4501db3f42f","gpioa":0,"gpiob":0,"gpioc":32768,"gpiod":17272,"gpioe":5376,"modeltime":0,"type":"gpio"}
,[24.4.2023 | 21:20:34] {"client-id":"458139a0-f182-4a80-8b9a-a4501db3f42f","gpioa":0,"gpiob":0,"gpioc":32768,"gpiod":17272,"gpioe":5376,"modeltime":0,"type":"gpio"}
,[24.4.2023 | 21:20:34] {"client-id":"458139a0-f182-4a80-8b9a-a4501db3f42f","gpioa":0,"gpiob":0,"gpioc":32768,"gpiod":32880,"gpioe":5376,"modeltime":0,"type":"gpio"}
,[24.4.2023 | 21:20:34] {"client-id":"458139a0-f182-4a80-8b9a-a4501db3f42f","gpioa":0,"gpiob":0,"gpioc":32768,"gpiod":32880,"gpioe":5376,"modeltime":0,"type":"gpio"}
,[24.4.2023 | 21:20:35] {"client-id":"458139a0-f182-4a80-8b9a-a4501db3f42f","gpioa":0,"gpiob":0,"gpioc":32768,"gpiod":32880,"gpioe":5376,"modeltime":0,"type":"gpio"}
,[24.4.2023 | 21:20:35] {"client-id":"458139a0-f182-4a80-8b9a-a4501db3f42f","gpioa":0,"gpiob":0,"gpioc":32768,"gpiod":32880,"gpioe":5376,"modeltime":0,"type":"gpio"}
,[24.4.2023 | 21:20:35] {"client-id":"458139a0-f182-4a80-8b9a-a4501db3f42f","gpioa":0,"gpiob":0,"gpioc":32768,"gpiod":32880,"gpioe":5376,"modeltime":0,"type":"gpio"}
,[24.4.2023 | 21:20:35] {"client-id":"458139a0-f182-4a80-8b9a-a4501db3f42f","gpioa":0,"gpiob":0,"gpioc":32768,"gpiod":32880,"gpioe":5376,"modeltime":0,"type":"gpio"}
,[24.4.2023 | 21:20:35] {"client-id":"458139a0-f182-4a80-8b9a-a4501db3f42f","gpioa":0,"gpiob":0,"gpioc":32768,"gpiod":32880,"gpioe":5376,"modeltime":0,"type":"gpio"}
,[24.4.2023 | 21:20:35] {"client-id":"458139a0-f182-4a80-8b9a-a4501db3f42f","gpioa":0,"gpiob":0,"gpioc":32768,"gpiod":32880,"gpioe":5376,"modeltime":0,"type":"gpio"}
,[24.4.2023 | 21:20:35] {"client-id":"458139a0-f182-4a80-8b9a-a4501db3f42f","gpioa":0,"gpiob":0,"gpioc":32768,"gpiod":32880,"gpioe":5376,"modeltime":0,"type":"gpio"}
,[24.4.2023 | 21:20:35] {"client-id":"458139a0-f182-4a80-8b9a-a4501db3f42f","gpioa":0,"gpiob":0,"gpioc":32768,"gpiod":32880,"gpioe":5376,"modeltime":0,"type":"gpio"}
,[24.4.2023 | 21:20:35] {"client-id":"458139a0-f182-4a80-8b9a-a4501db3f42f","gpioa":0,"gpiob":0,"gpioc":32768,"gpiod":32880,"gpioe":5376,"modeltime":0,"type":"gpio"}
,[24.4.2023 | 21:20:35] {"client-id":"458139a0-f182-4a80-8b9a-a4501db3f42f","gpioa":0,"gpiob":0,"gpioc":32768,"gpiod":32880,"gpioe":5376,"modeltime":0,"type":"gpio"}
,[24.4.2023 | 21:20:36] {"client-id":"458139a0-f182-4a80-8b9a-a4501db3f42f","gpioa":0,"gpiob":0,"gpioc":32768,"gpiod":32880,"gpioe":5376,"modeltime":0,"type":"gpio"}
,[24.4.2023 | 21:20:36] {"client-id":"458139a0-f182-4a80-8b9a-a4501db3f42f","gpioa":0,"gpiob":0,"gpioc":32768,"gpiod":32880,"gpioe":5376,"modeltime":0,"type":"gpio"}
,[24.4.2023 | 21:20:36] {"client-id":"458139a0-f182-4a80-8b9a-a4501db3f42f","gpioa":0,"gpiob":0,"gpioc":32768,"gpiod":32888,"gpioe":5392,"modeltime":0,"type":"gpio"}
,[24.4.2023 | 21:20:36] {"client-id":"458139a0-f182-4a80-8b9a-a4501db3f42f","gpioa":0,"gpiob":0,"gpioc":32768,"gpiod":32888,"gpioe":5392,"modeltime":0,"type":"gpio"}
,[24.4.2023 | 21:20:36] {"client-id":"458139a0-f182-4a80-8b9a-a4501db3f42f","gpioa":0,"gpiob":0,"gpioc":32768,"gpiod":32888,"gpioe":5392,"modeltime":0,"type":"gpio"}
,[24.4.2023 | 21:20:36] {"client-id":"458139a0-f182-4a80-8b9a-a4501db3f42f","gpioa":0,"gpiob":0,"gpioc":32768,"gpiod":32888,"gpioe":5392,"modeltime":0,"type":"gpio"}
,[24.4.2023 | 21:20:36] {"client-id":"458139a0-f182-4a80-8b9a-a4501db3f42f","gpioa":0,"gpiob":0,"gpioc":32768,"gpiod":32888,"gpioe":5392,"modeltime":0,"type":"gpio"}
,[24.4.2023 | 21:20:36] {"client-id":"458139a0-f182-4a80-8b9a-a4501db3f42f","gpioa":0,"gpiob":0,"gpioc":32768,"gpiod":32888,"gpioe":5392,"modeltime":0,"type":"gpio"}
,[24.4.2023 | 21:20:36] {"client-id":"458139a0-f182-4a80-8b9a-a4501db3f42f","gpioa":0,"gpiob":0,"gpioc":32768,"gpiod":32880,"gpioe":5376,"modeltime":0,"type":"gpio"}
,[24.4.2023 | 21:20:36] {"client-id":"458139a0-f182-4a80-8b9a-a4501db3f42f","gpioa":0,"gpiob":0,"gpioc":32768,"gpiod":32880,"gpioe":5376,"modeltime":0,"type":"gpio"}
,[24.4.2023 | 21:20:37] {"client-id":"458139a0-f182-4a80-8b9a-a4501db3f42f","gpioa":0,"gpiob":0,"gpioc":32768,"gpiod":32880,"gpioe":5376,"modeltime":0,"type":"gpio"}
,[24.4.2023 | 21:20:37] {"client-id":"458139a0-f182-4a80-8b9a-a4501db3f42f","gpioa":0,"gpiob":0,"gpioc":32768,"gpiod":32880,"gpioe":5376,"modeltime":0,"type":"gpio"}
,[24.4.2023 | 21:20:37] {"client-id":"458139a0-f182-4a80-8b9a-a4501db3f42f","gpioa":0,"gpiob":0,"gpioc":32768,"gpiod":32880,"gpioe":5376,"modeltime":0,"type":"gpio"}
,[24.4.2023 | 21:20:37] {"client-id":"458139a0-f182-4a80-8b9a-a4501db3f42f","gpioa":0,"gpiob":0,"gpioc":32768,"gpiod":32880,"gpioe":5376,"modeltime":0,"type":"gpio"}
,[24.4.2023 | 21:20:37] {"client-id":"458139a0-f182-4a80-8b9a-a4501db3f42f","gpioa":0,"gpiob":0,"gpioc":32768,"gpiod":32880,"gpioe":5376,"modeltime":0,"type":"gpio"}
,[24.4.2023 | 21:20:37] {"client-id":"458139a0-f182-4a80-8b9a-a4501db3f42f","gpioa":0,"gpiob":0,"gpioc":32768,"gpiod":32880,"gpioe":5376,"modeltime":0,"type":"gpio"}
,[24.4.2023 | 21:20:37] {"client-id":"458139a0-f182-4a80-8b9a-a4501db3f42f","gpioa":0,"gpiob":0,"gpioc":32768,"gpiod":32880,"gpioe":5376,"modeltime":0,"type":"gpio"}
,[24.4.2023 | 21:20:37] {"client-id":"458139a0-f182-4a80-8b9a-a4501db3f42f","gpioa":0,"gpiob":0,"gpioc":32768,"gpiod":32880,"gpioe":5120,"modeltime":0,"type":"gpio"}
,[24.4.2023 | 21:20:37] {"client-id":"458139a0-f182-4a80-8b9a-a4501db3f42f","gpioa":0,"gpiob":0,"gpioc":32768,"gpiod":32864,"gpioe":5120,"modeltime":0,"type":"gpio"}
,[24.4.2023 | 21:20:37] {"client-id":"458139a0-f182-4a80-8b9a-a4501db3f42f","gpioa":0,"gpiob":0,"gpioc":32768,"gpiod":32864,"gpioe":5120,"modeltime":0,"type":"gpio"}
,[24.4.2023 | 21:20:38] {"client-id":"458139a0-f182-4a80-8b9a-a4501db3f42f","gpioa":0,"gpiob":0,"gpioc":32768,"gpiod":32864,"gpioe":5120,"modeltime":0,"type":"gpio"}
,[24.4.2023 | 21:20:38] {"client-id":"458139a0-f182-4a80-8b9a-a4501db3f42f","gpioa":0,"gpiob":0,"gpioc":32768,"gpiod":32864,"gpioe":5120,"modeltime":0,"type":"gpio"}
,[24.4.2023 | 21:20:38] {"client-id":"458139a0-f182-4a80-8b9a-a4501db3f42f","gpioa":0,"gpiob":0,"gpioc":32768,"gpiod":32864,"gpioe":5120,"modeltime":0,"type":"gpio"}
,[24.4.2023 | 21:20:38] {"client-id":"458139a0-f182-4a80-8b9a-a4501db3f42f","gpioa":0,"gpiob":0,"gpioc":32768,"gpiod":32864,"gpioe":5120,"modeltime":0,"type":"gpio"}
,[24.4.2023 | 21:20:38] {"client-id":"458139a0-f182-4a80-8b9a-a4501db3f42f","gpioa":0,"gpiob":0,"gpioc":32768,"gpiod":32864,"gpioe":5120,"modeltime":0,"type":"gpio"}
,[24.4.2023 | 21:20:38] {"client-id":"458139a0-f182-4a80-8b9a-a4501db3f42f","gpioa":0,"gpiob":0,"gpioc":32768,"gpiod":32864,"gpioe":5120,"modeltime":0,"type":"gpio"}
,[24.4.2023 | 21:20:38] {"client-id":"458139a0-f182-4a80-8b9a-a4501db3f42f","gpioa":0,"gpiob":0,"gpioc":32768,"gpiod":32864,"gpioe":5120,"modeltime":0,"type":"gpio"}
,[24.4.2023 | 21:20:38] {"client-id":"458139a0-f182-4a80-8b9a-a4501db3f42f","gpioa":0,"gpiob":0,"gpioc":32768,"gpiod":32832,"gpioe":4096,"modeltime":0,"type":"gpio"}
,[24.4.2023 | 21:20:38] {"client-id":"458139a0-f182-4a80-8b9a-a4501db3f42f","gpioa":0,"gpiob":0,"gpioc":32768,"gpiod":32832,"gpioe":4096,"modeltime":0,"type":"gpio"}
,[24.4.2023 | 21:20:39] {"client-id":"458139a0-f182-4a80-8b9a-a4501db3f42f","gpioa":0,"gpiob":0,"gpioc":32768,"gpiod":32832,"gpioe":4096,"modeltime":0,"type":"gpio"}
,[24.4.2023 | 21:20:39] {"client-id":"458139a0-f182-4a80-8b9a-a4501db3f42f","gpioa":0,"gpiob":0,"gpioc":32768,"gpiod":32832,"gpioe":4096,"modeltime":0,"type":"gpio"}
,[24.4.2023 | 21:20:39] {"client-id":"458139a0-f182-4a80-8b9a-a4501db3f42f","gpioa":0,"gpiob":0,"gpioc":32768,"gpiod":32832,"gpioe":4096,"modeltime":0,"type":"gpio"}
,[24.4.2023 | 21:20:39] {"client-id":"458139a0-f182-4a80-8b9a-a4501db3f42f","gpioa":0,"gpiob":0,"gpioc":32768,"gpiod":32832,"gpioe":4096,"modeltime":0,"type":"gpio"}
,[24.4.2023 | 21:20:39] {"client-id":"458139a0-f182-4a80-8b9a-a4501db3f42f","gpioa":0,"gpiob":0,"gpioc":32768,"gpiod":32832,"gpioe":4096,"modeltime":0,"type":"gpio"}
,[24.4.2023 | 21:20:39] {"client-id":"458139a0-f182-4a80-8b9a-a4501db3f42f","gpioa":0,"gpiob":0,"gpioc":32768,"gpiod":32832,"gpioe":4096,"modeltime":0,"type":"gpio"}
,[24.4.2023 | 21:20:39] {"client-id":"458139a0-f182-4a80-8b9a-a4501db3f42f","gpioa":0,"gpiob":0,"gpioc":32768,"gpiod":32832,"gpioe":4096,"modeltime":0,"type":"gpio"}
,[24.4.2023 | 21:20:39] {"client-id":"458139a0-f182-4a80-8b9a-a4501db3f42f","gpioa":0,"gpiob":0,"gpioc":32768,"gpiod":32768,"gpioe":0,"modeltime":0,"type":"gpio"}
,[24.4.2023 | 21:20:39] {"client-id":"458139a0-f182-4a80-8b9a-a4501db3f42f","gpioa":0,"gpiob":0,"gpioc":32768,"gpiod":32768,"gpioe":0,"modeltime":0,"type":"gpio"}
,[24.4.2023 | 21:20:39] {"client-id":"458139a0-f182-4a80-8b9a-a4501db3f42f","gpioa":0,"gpiob":0,"gpioc":32768,"gpiod":32768,"gpioe":0,"modeltime":0,"type":"gpio"}
,[24.4.2023 | 21:20:40] {"client-id":"458139a0-f182-4a80-8b9a-a4501db3f42f","gpioa":0,"gpiob":0,"gpioc":32768,"gpiod":32768,"gpioe":0,"modeltime":0,"type":"gpio"}
,[24.4.2023 | 21:20:40] {"client-id":"458139a0-f182-4a80-8b9a-a4501db3f42f","gpioa":0,"gpiob":0,"gpioc":32768,"gpiod":32768,"gpioe":0,"modeltime":0,"type":"gpio"}
,[24.4.2023 | 21:20:40] {"client-id":"458139a0-f182-4a80-8b9a-a4501db3f42f","gpioa":0,"gpiob":0,"gpioc":32768,"gpiod":32768,"gpioe":0,"modeltime":0,"type":"gpio"}
,[24.4.2023 | 21:20:40] {"client-id":"458139a0-f182-4a80-8b9a-a4501db3f42f","gpioa":0,"gpiob":0,"gpioc":32768,"gpiod":32768,"gpioe":0,"modeltime":0,"type":"gpio"}
,[24.4.2023 | 21:20:40] {"client-id":"458139a0-f182-4a80-8b9a-a4501db3f42f","gpioa":0,"gpiob":0,"gpioc":32768,"gpiod":32768,"gpioe":0,"modeltime":0,"type":"gpio"}
,[24.4.2023 | 21:20:40] {"client-id":"458139a0-f182-4a80-8b9a-a4501db3f42f","gpioa":0,"gpiob":0,"gpioc":32768,"gpiod":32768,"gpioe":0,"modeltime":0,"type":"gpio"}
,[24.4.2023 | 21:20:40] {"client-id":"458139a0-f182-4a80-8b9a-a4501db3f42f","gpioa":0,"gpiob":0,"gpioc":32768,"gpiod":32768,"gpioe":0,"modeltime":0,"type":"gpio"}
,[24.4.2023 | 21:20:40] {"client-id":"458139a0-f182-4a80-8b9a-a4501db3f42f","gpioa":0,"gpiob":0,"gpioc":32768,"gpiod":32768,"gpioe":0,"modeltime":0,"type":"gpio"}
,[24.4.2023 | 21:20:40] {"client-id":"458139a0-f182-4a80-8b9a-a4501db3f42f","gpioa":0,"gpiob":0,"gpioc":32768,"gpiod":32768,"gpioe":0,"modeltime":0,"type":"gpio"}
,[24.4.2023 | 21:20:40] {"client-id":"458139a0-f182-4a80-8b9a-a4501db3f42f","gpioa":0,"gpiob":0,"gpioc":32768,"gpiod":32768,"gpioe":0,"modeltime":0,"type":"gpio"}
,[24.4.2023 | 21:20:41] {"client-id":"458139a0-f182-4a80-8b9a-a4501db3f42f","gpioa":0,"gpiob":0,"gpioc":32768,"gpiod":32768,"gpioe":0,"modeltime":0,"type":"gpio"}
,[24.4.2023 | 21:20:41] {"client-id":"458139a0-f182-4a80-8b9a-a4501db3f42f","gpioa":0,"gpiob":0,"gpioc":32768,"gpiod":32768,"gpioe":0,"modeltime":0,"type":"gpio"}
,[24.4.2023 | 21:20:41] {"client-id":"458139a0-f182-4a80-8b9a-a4501db3f42f","gpioa":0,"gpiob":0,"gpioc":32768,"gpiod":32768,"gpioe":0,"modeltime":0,"type":"gpio"}
,[24.4.2023 | 21:20:41] {"client-id":"458139a0-f182-4a80-8b9a-a4501db3f42f","gpioa":0,"gpiob":0,"gpioc":0,"gpiod":32768,"gpioe":0,"modeltime":0,"type":"gpio"}
,[24.4.2023 | 21:20:41] {"client-id":"458139a0-f182-4a80-8b9a-a4501db3f42f","gpioa":0,"gpiob":0,"gpioc":0,"gpiod":32768,"gpioe":0,"modeltime":0,"type":"gpio"}
,[24.4.2023 | 21:20:41] {"client-id":"458139a0-f182-4a80-8b9a-a4501db3f42f","gpioa":0,"gpiob":0,"gpioc":0,"gpiod":32768,"gpioe":0,"modeltime":0,"type":"gpio"}
,[24.4.2023 | 21:20:41] {"client-id":"458139a0-f182-4a80-8b9a-a4501db3f42f","gpioa":0,"gpiob":0,"gpioc":0,"gpiod":32768,"gpioe":0,"modeltime":0,"type":"gpio"}
,[24.4.2023 | 21:20:41] {"client-id":"458139a0-f182-4a80-8b9a-a4501db3f42f","gpioa":0,"gpiob":0,"gpioc":0,"gpiod":32768,"gpioe":0,"modeltime":0,"type":"gpio"}
,[24.4.2023 | 21:20:41] {"client-id":"458139a0-f182-4a80-8b9a-a4501db3f42f","gpioa":0,"gpiob":0,"gpioc":32768,"gpiod":32768,"gpioe":0,"modeltime":0,"type":"gpio"}
,[24.4.2023 | 21:20:41] {"client-id":"458139a0-f182-4a80-8b9a-a4501db3f42f","gpioa":0,"gpiob":0,"gpioc":32768,"gpiod":32768,"gpioe":0,"modeltime":0,"type":"gpio"}
,[24.4.2023 | 21:20:42] {"client-id":"458139a0-f182-4a80-8b9a-a4501db3f42f","gpioa":0,"gpiob":0,"gpioc":32768,"gpiod":32768,"gpioe":0,"modeltime":0,"type":"gpio"}
,[24.4.2023 | 21:20:42] {"client-id":"458139a0-f182-4a80-8b9a-a4501db3f42f","gpioa":0,"gpiob":0,"gpioc":32768,"gpiod":32768,"gpioe":0,"modeltime":0,"type":"gpio"}
,[24.4.2023 | 21:20:42] {"client-id":"458139a0-f182-4a80-8b9a-a4501db3f42f","gpioa":0,"gpiob":0,"gpioc":32768,"gpiod":32768,"gpioe":0,"modeltime":0,"type":"gpio"}
,[24.4.2023 | 21:20:42] {"client-id":"458139a0-f182-4a80-8b9a-a4501db3f42f","gpioa":0,"gpiob":0,"gpioc":32768,"gpiod":32768,"gpioe":0,"modeltime":0,"type":"gpio"}
,[24.4.2023 | 21:20:42] {"client-id":"458139a0-f182-4a80-8b9a-a4501db3f42f","gpioa":0,"gpiob":0,"gpioc":32768,"gpiod":32768,"gpioe":0,"modeltime":0,"type":"gpio"}
,[24.4.2023 | 21:20:42] {"client-id":"458139a0-f182-4a80-8b9a-a4501db3f42f","gpioa":0,"gpiob":0,"gpioc":32768,"gpiod":32768,"gpioe":0,"modeltime":0,"type":"gpio"}
,[24.4.2023 | 21:20:42] {"client-id":"458139a0-f182-4a80-8b9a-a4501db3f42f","gpioa":0,"gpiob":0,"gpioc":32768,"gpiod":32768,"gpioe":0,"modeltime":0,"type":"gpio"}
,[24.4.2023 | 21:20:42] {"client-id":"458139a0-f182-4a80-8b9a-a4501db3f42f","gpioa":0,"gpiob":0,"gpioc":32768,"gpiod":32768,"gpioe":4096,"modeltime":0,"type":"gpio"}
,[24.4.2023 | 21:20:42] {"client-id":"458139a0-f182-4a80-8b9a-a4501db3f42f","gpioa":0,"gpiob":0,"gpioc":32768,"gpiod":32768,"gpioe":4096,"modeltime":0,"type":"gpio"}
,[24.4.2023 | 21:20:42] {"client-id":"458139a0-f182-4a80-8b9a-a4501db3f42f","gpioa":0,"gpiob":0,"gpioc":32768,"gpiod":32832,"gpioe":4096,"modeltime":0,"type":"gpio"}
,[24.4.2023 | 21:20:43] {"client-id":"458139a0-f182-4a80-8b9a-a4501db3f42f","gpioa":0,"gpiob":0,"gpioc":32768,"gpiod":32832,"gpioe":4096,"modeltime":0,"type":"gpio"}
,[24.4.2023 | 21:20:43] {"client-id":"458139a0-f182-4a80-8b9a-a4501db3f42f","gpioa":0,"gpiob":0,"gpioc":32768,"gpiod":32832,"gpioe":4096,"modeltime":0,"type":"gpio"}
,[24.4.2023 | 21:20:43] {"client-id":"458139a0-f182-4a80-8b9a-a4501db3f42f","gpioa":0,"gpiob":0,"gpioc":32768,"gpiod":32832,"gpioe":4096,"modeltime":0,"type":"gpio"}
,[24.4.2023 | 21:20:43] {"client-id":"458139a0-f182-4a80-8b9a-a4501db3f42f","gpioa":0,"gpiob":0,"gpioc":32768,"gpiod":32832,"gpioe":4096,"modeltime":0,"type":"gpio"}
,[24.4.2023 | 21:20:43] {"client-id":"458139a0-f182-4a80-8b9a-a4501db3f42f","gpioa":0,"gpiob":0,"gpioc":32768,"gpiod":32832,"gpioe":4096,"modeltime":0,"type":"gpio"}
,[24.4.2023 | 21:20:43] {"client-id":"458139a0-f182-4a80-8b9a-a4501db3f42f","gpioa":0,"gpiob":0,"gpioc":32768,"gpiod":32832,"gpioe":4096,"modeltime":0,"type":"gpio"}
,[24.4.2023 | 21:20:43] {"client-id":"458139a0-f182-4a80-8b9a-a4501db3f42f","gpioa":0,"gpiob":0,"gpioc":32768,"gpiod":32832,"gpioe":4096,"modeltime":0,"type":"gpio"}
,[24.4.2023 | 21:20:43] {"client-id":"458139a0-f182-4a80-8b9a-a4501db3f42f","gpioa":0,"gpiob":0,"gpioc":32768,"gpiod":32864,"gpioe":5120,"modeltime":0,"type":"gpio"}
,[24.4.2023 | 21:20:43] {"client-id":"458139a0-f182-4a80-8b9a-a4501db3f42f","gpioa":0,"gpiob":0,"gpioc":32768,"gpiod":32864,"gpioe":5120,"modeltime":0,"type":"gpio"}
,[24.4.2023 | 21:20:43] {"client-id":"458139a0-f182-4a80-8b9a-a4501db3f42f","gpioa":0,"gpiob":0,"gpioc":32768,"gpiod":32864,"gpioe":5120,"modeltime":0,"type":"gpio"}
,[24.4.2023 | 21:20:44] {"client-id":"458139a0-f182-4a80-8b9a-a4501db3f42f","gpioa":0,"gpiob":0,"gpioc":32768,"gpiod":32864,"gpioe":5120,"modeltime":0,"type":"gpio"}
,[24.4.2023 | 21:20:44] {"client-id":"458139a0-f182-4a80-8b9a-a4501db3f42f","gpioa":0,"gpiob":0,"gpioc":32768,"gpiod":32864,"gpioe":5120,"modeltime":0,"type":"gpio"}
,[24.4.2023 | 21:20:44] {"client-id":"458139a0-f182-4a80-8b9a-a4501db3f42f","gpioa":0,"gpiob":0,"gpioc":32768,"gpiod":32864,"gpioe":5120,"modeltime":0,"type":"gpio"}
,[24.4.2023 | 21:20:44] {"client-id":"458139a0-f182-4a80-8b9a-a4501db3f42f","gpioa":0,"gpiob":0,"gpioc":32768,"gpiod":32864,"gpioe":5120,"modeltime":0,"type":"gpio"}
,[24.4.2023 | 21:20:44] {"client-id":"458139a0-f182-4a80-8b9a-a4501db3f42f","gpioa":0,"gpiob":0,"gpioc":32768,"gpiod":32880,"gpioe":5376,"modeltime":0,"type":"gpio"}
,[24.4.2023 | 21:20:44] {"client-id":"458139a0-f182-4a80-8b9a-a4501db3f42f","gpioa":0,"gpiob":0,"gpioc":32768,"gpiod":32880,"gpioe":5376,"modeltime":0,"type":"gpio"}
,[24.4.2023 | 21:20:44] {"client-id":"458139a0-f182-4a80-8b9a-a4501db3f42f","gpioa":0,"gpiob":0,"gpioc":32768,"gpiod":32880,"gpioe":5376,"modeltime":0,"type":"gpio"}
,[24.4.2023 | 21:20:44] {"client-id":"458139a0-f182-4a80-8b9a-a4501db3f42f","gpioa":0,"gpiob":0,"gpioc":32768,"gpiod":32880,"gpioe":5376,"modeltime":0,"type":"gpio"}
,[24.4.2023 | 21:20:44] {"client-id":"458139a0-f182-4a80-8b9a-a4501db3f42f","gpioa":0,"gpiob":0,"gpioc":32768,"gpiod":32880,"gpioe":5376,"modeltime":0,"type":"gpio"}
,[24.4.2023 | 21:20:45] {"client-id":"458139a0-f182-4a80-8b9a-a4501db3f42f","gpioa":0,"gpiob":0,"gpioc":32768,"gpiod":32880,"gpioe":5376,"modeltime":0,"type":"gpio"}
,[24.4.2023 | 21:20:45] {"client-id":"458139a0-f182-4a80-8b9a-a4501db3f42f","gpioa":0,"gpiob":0,"gpioc":32768,"gpiod":32880,"gpioe":5376,"modeltime":0,"type":"gpio"}
,[24.4.2023 | 21:20:45] {"client-id":"458139a0-f182-4a80-8b9a-a4501db3f42f","gpioa":0,"gpiob":0,"gpioc":32768,"gpiod":32880,"gpioe":5376,"modeltime":0,"type":"gpio"}
,[24.4.2023 | 21:20:45] {"client-id":"458139a0-f182-4a80-8b9a-a4501db3f42f","gpioa":0,"gpiob":0,"gpioc":32768,"gpiod":32880,"gpioe":5376,"modeltime":0,"type":"gpio"}
,[24.4.2023 | 21:20:45] {"client-id":"458139a0-f182-4a80-8b9a-a4501db3f42f","gpioa":0,"gpiob":0,"gpioc":32768,"gpiod":32880,"gpioe":4352,"modeltime":0,"type":"gpio"}
,[24.4.2023 | 21:20:45] {"client-id":"458139a0-f182-4a80-8b9a-a4501db3f42f","gpioa":0,"gpiob":0,"gpioc":32768,"gpiod":16496,"gpioe":4352,"modeltime":0,"type":"gpio"}
,[24.4.2023 | 21:20:45] {"client-id":"458139a0-f182-4a80-8b9a-a4501db3f42f","gpioa":0,"gpiob":0,"gpioc":32768,"gpiod":16496,"gpioe":4352,"modeltime":0,"type":"gpio"}
,[24.4.2023 | 21:20:45] {"client-id":"458139a0-f182-4a80-8b9a-a4501db3f42f","gpioa":0,"gpiob":0,"gpioc":32768,"gpiod":16496,"gpioe":4352,"modeltime":0,"type":"gpio"}
,[24.4.2023 | 21:20:45] {"client-id":"458139a0-f182-4a80-8b9a-a4501db3f42f","gpioa":0,"gpiob":0,"gpioc":32768,"gpiod":16496,"gpioe":4352,"modeltime":0,"type":"gpio"}
,[24.4.2023 | 21:20:45] {"client-id":"458139a0-f182-4a80-8b9a-a4501db3f42f","gpioa":0,"gpiob":0,"gpioc":32768,"gpiod":16496,"gpioe":4352,"modeltime":0,"type":"gpio"}
,[24.4.2023 | 21:20:46] {"client-id":"458139a0-f182-4a80-8b9a-a4501db3f42f","gpioa":0,"gpiob":0,"gpioc":32768,"gpiod":16392,"gpioe":4352,"modeltime":0,"type":"gpio"}
,[24.4.2023 | 21:20:46] {"client-id":"458139a0-f182-4a80-8b9a-a4501db3f42f","gpioa":0,"gpiob":0,"gpioc":32768,"gpiod":16392,"gpioe":4352,"modeltime":0,"type":"gpio"}
,[24.4.2023 | 21:20:46] {"client-id":"458139a0-f182-4a80-8b9a-a4501db3f42f","gpioa":0,"gpiob":0,"gpioc":32768,"gpiod":16392,"gpioe":4352,"modeltime":0,"type":"gpio"}
,[24.4.2023 | 21:20:46] {"client-id":"458139a0-f182-4a80-8b9a-a4501db3f42f","gpioa":0,"gpiob":0,"gpioc":32768,"gpiod":16392,"gpioe":4352,"modeltime":0,"type":"gpio"}
,[24.4.2023 | 21:20:46] {"client-id":"458139a0-f182-4a80-8b9a-a4501db3f42f","gpioa":0,"gpiob":0,"gpioc":32768,"gpiod":16392,"gpioe":4352,"modeltime":0,"type":"gpio"}
,[24.4.2023 | 21:20:46] {"client-id":"458139a0-f182-4a80-8b9a-a4501db3f42f","gpioa":0,"gpiob":0,"gpioc":32768,"gpiod":16392,"gpioe":4352,"modeltime":0,"type":"gpio"}
,[24.4.2023 | 21:20:46] {"client-id":"458139a0-f182-4a80-8b9a-a4501db3f42f","gpioa":0,"gpiob":0,"gpioc":32768,"gpiod":16392,"gpioe":4352,"modeltime":0,"type":"gpio"}
,[24.4.2023 | 21:20:46] {"client-id":"458139a0-f182-4a80-8b9a-a4501db3f42f","gpioa":0,"gpiob":0,"gpioc":32768,"gpiod":16392,"gpioe":4352,"modeltime":0,"type":"gpio"}
,[24.4.2023 | 21:20:46] {"client-id":"458139a0-f182-4a80-8b9a-a4501db3f42f","gpioa":0,"gpiob":0,"gpioc":32768,"gpiod":16392,"gpioe":4352,"modeltime":0,"type":"gpio"}
,[24.4.2023 | 21:20:46] {"client-id":"458139a0-f182-4a80-8b9a-a4501db3f42f","gpioa":0,"gpiob":0,"gpioc":32768,"gpiod":16392,"gpioe":4352,"modeltime":0,"type":"gpio"}
,[24.4.2023 | 21:20:47] {"client-id":"458139a0-f182-4a80-8b9a-a4501db3f42f","gpioa":0,"gpiob":0,"gpioc":32768,"gpiod":16392,"gpioe":4352,"modeltime":0,"type":"gpio"}
,[24.4.2023 | 21:20:47] {"client-id":"458139a0-f182-4a80-8b9a-a4501db3f42f","gpioa":0,"gpiob":0,"gpioc":32768,"gpiod":16392,"gpioe":4352,"modeltime":0,"type":"gpio"}
,[24.4.2023 | 21:20:47] {"client-id":"458139a0-f182-4a80-8b9a-a4501db3f42f","gpioa":0,"gpiob":0,"gpioc":32768,"gpiod":16392,"gpioe":4352,"modeltime":0,"type":"gpio"}
,[24.4.2023 | 21:20:47] {"client-id":"458139a0-f182-4a80-8b9a-a4501db3f42f","gpioa":0,"gpiob":0,"gpioc":32768,"gpiod":16392,"gpioe":4352,"modeltime":0,"type":"gpio"}
,[24.4.2023 | 21:20:47] {"client-id":"458139a0-f182-4a80-8b9a-a4501db3f42f","gpioa":0,"gpiob":0,"gpioc":32768,"gpiod":16392,"gpioe":4352,"modeltime":0,"type":"gpio"}
,[24.4.2023 | 21:20:47] {"client-id":"458139a0-f182-4a80-8b9a-a4501db3f42f","gpioa":0,"gpiob":0,"gpioc":32768,"gpiod":16392,"gpioe":4352,"modeltime":0,"type":"gpio"}
,[24.4.2023 | 21:20:47] {"client-id":"458139a0-f182-4a80-8b9a-a4501db3f42f","gpioa":0,"gpiob":0,"gpioc":32768,"gpiod":16392,"gpioe":4352,"modeltime":0,"type":"gpio"}
,[24.4.2023 | 21:20:47] {"client-id":"458139a0-f182-4a80-8b9a-a4501db3f42f","gpioa":0,"gpiob":0,"gpioc":32768,"gpiod":16392,"gpioe":4352,"modeltime":0,"type":"gpio"}
,[24.4.2023 | 21:20:47] {"client-id":"458139a0-f182-4a80-8b9a-a4501db3f42f","gpioa":0,"gpiob":0,"gpioc":0,"gpiod":16392,"gpioe":4352,"modeltime":0,"type":"gpio"}
,[24.4.2023 | 21:20:47] {"client-id":"458139a0-f182-4a80-8b9a-a4501db3f42f","gpioa":0,"gpiob":0,"gpioc":0,"gpiod":16392,"gpioe":4352,"modeltime":0,"type":"gpio"}
,[24.4.2023 | 21:20:48] {"client-id":"458139a0-f182-4a80-8b9a-a4501db3f42f","gpioa":0,"gpiob":0,"gpioc":0,"gpiod":8200,"gpioe":4352,"modeltime":0,"type":"gpio"}
,[24.4.2023 | 21:20:48] {"client-id":"458139a0-f182-4a80-8b9a-a4501db3f42f","gpioa":0,"gpiob":0,"gpioc":0,"gpiod":8200,"gpioe":4352,"modeltime":0,"type":"gpio"}
,[24.4.2023 | 21:20:48] {"client-id":"458139a0-f182-4a80-8b9a-a4501db3f42f","gpioa":0,"gpiob":0,"gpioc":0,"gpiod":8200,"gpioe":4352,"modeltime":0,"type":"gpio"}
,[24.4.2023 | 21:20:48] {"client-id":"458139a0-f182-4a80-8b9a-a4501db3f42f","gpioa":0,"gpiob":0,"gpioc":32768,"gpiod":8200,"gpioe":4352,"modeltime":0,"type":"gpio"}
,[24.4.2023 | 21:20:48] {"client-id":"458139a0-f182-4a80-8b9a-a4501db3f42f","gpioa":0,"gpiob":0,"gpioc":32768,"gpiod":8200,"gpioe":4352,"modeltime":0,"type":"gpio"}
,[24.4.2023 | 21:20:48] {"client-id":"458139a0-f182-4a80-8b9a-a4501db3f42f","gpioa":0,"gpiob":0,"gpioc":32768,"gpiod":8200,"gpioe":4352,"modeltime":0,"type":"gpio"}
,[24.4.2023 | 21:20:48] {"client-id":"458139a0-f182-4a80-8b9a-a4501db3f42f","gpioa":0,"gpiob":0,"gpioc":32768,"gpiod":8200,"gpioe":4352,"modeltime":0,"type":"gpio"}
,[24.4.2023 | 21:20:48] {"client-id":"458139a0-f182-4a80-8b9a-a4501db3f42f","gpioa":0,"gpiob":0,"gpioc":32768,"gpiod":8200,"gpioe":4352,"modeltime":0,"type":"gpio"}
,[24.4.2023 | 21:20:48] {"client-id":"458139a0-f182-4a80-8b9a-a4501db3f42f","gpioa":0,"gpiob":0,"gpioc":32768,"gpiod":8200,"gpioe":4352,"modeltime":0,"type":"gpio"}
,[24.4.2023 | 21:20:48] {"client-id":"458139a0-f182-4a80-8b9a-a4501db3f42f","gpioa":0,"gpiob":0,"gpioc":32768,"gpiod":8200,"gpioe":4352,"modeltime":0,"type":"gpio"}
,[24.4.2023 | 21:20:49] {"client-id":"458139a0-f182-4a80-8b9a-a4501db3f42f","gpioa":0,"gpiob":0,"gpioc":0,"gpiod":8216,"gpioe":4352,"modeltime":0,"type":"gpio"}
,[24.4.2023 | 21:20:49] {"client-id":"458139a0-f182-4a80-8b9a-a4501db3f42f","gpioa":0,"gpiob":0,"gpioc":0,"gpiod":8216,"gpioe":4352,"modeltime":0,"type":"gpio"}
,[24.4.2023 | 21:20:49] {"client-id":"458139a0-f182-4a80-8b9a-a4501db3f42f","gpioa":0,"gpiob":0,"gpioc":0,"gpiod":8216,"gpioe":4352,"modeltime":0,"type":"gpio"}
,[24.4.2023 | 21:20:49] {"client-id":"458139a0-f182-4a80-8b9a-a4501db3f42f","gpioa":0,"gpiob":0,"gpioc":0,"gpiod":8216,"gpioe":4352,"modeltime":0,"type":"gpio"}
,[24.4.2023 | 21:20:49] {"client-id":"458139a0-f182-4a80-8b9a-a4501db3f42f","gpioa":0,"gpiob":0,"gpioc":0,"gpiod":8216,"gpioe":4352,"modeltime":0,"type":"gpio"}
,[24.4.2023 | 21:20:49] {"client-id":"458139a0-f182-4a80-8b9a-a4501db3f42f","gpioa":0,"gpiob":0,"gpioc":0,"gpiod":16440,"gpioe":4352,"modeltime":0,"type":"gpio"}
,[24.4.2023 | 21:20:49] {"client-id":"458139a0-f182-4a80-8b9a-a4501db3f42f","gpioa":0,"gpiob":0,"gpioc":0,"gpiod":16440,"gpioe":4352,"modeltime":0,"type":"gpio"}
,[24.4.2023 | 21:20:49] {"client-id":"458139a0-f182-4a80-8b9a-a4501db3f42f","gpioa":0,"gpiob":0,"gpioc":0,"gpiod":16440,"gpioe":4352,"modeltime":0,"type":"gpio"}
,[24.4.2023 | 21:20:49] {"client-id":"458139a0-f182-4a80-8b9a-a4501db3f42f","gpioa":0,"gpiob":0,"gpioc":32768,"gpiod":16440,"gpioe":4352,"modeltime":0,"type":"gpio"}
,[24.4.2023 | 21:20:49] {"client-id":"458139a0-f182-4a80-8b9a-a4501db3f42f","gpioa":0,"gpiob":0,"gpioc":0,"gpiod":16440,"gpioe":4352,"modeltime":0,"type":"gpio"}
,[24.4.2023 | 21:20:50] {"client-id":"458139a0-f182-4a80-8b9a-a4501db3f42f","gpioa":0,"gpiob":0,"gpioc":32768,"gpiod":8312,"gpioe":4352,"modeltime":0,"type":"gpio"}
,[24.4.2023 | 21:20:50] {"client-id":"458139a0-f182-4a80-8b9a-a4501db3f42f","gpioa":0,"gpiob":0,"gpioc":0,"gpiod":8312,"gpioe":4352,"modeltime":0,"type":"gpio"}
,[24.4.2023 | 21:20:50] {"client-id":"458139a0-f182-4a80-8b9a-a4501db3f42f","gpioa":0,"gpiob":0,"gpioc":0,"gpiod":8312,"gpioe":4352,"modeltime":0,"type":"gpio"}
,[24.4.2023 | 21:20:50] {"client-id":"458139a0-f182-4a80-8b9a-a4501db3f42f","gpioa":0,"gpiob":0,"gpioc":0,"gpiod":8312,"gpioe":4352,"modeltime":0,"type":"gpio"}
,[24.4.2023 | 21:20:50] {"client-id":"458139a0-f182-4a80-8b9a-a4501db3f42f","gpioa":0,"gpiob":0,"gpioc":0,"gpiod":8312,"gpioe":4352,"modeltime":0,"type":"gpio"}
,[24.4.2023 | 21:20:50] {"client-id":"458139a0-f182-4a80-8b9a-a4501db3f42f","gpioa":0,"gpiob":0,"gpioc":0,"gpiod":16504,"gpioe":4352,"modeltime":0,"type":"gpio"}
,[24.4.2023 | 21:20:50] {"client-id":"458139a0-f182-4a80-8b9a-a4501db3f42f","gpioa":0,"gpiob":0,"gpioc":0,"gpiod":16504,"gpioe":4352,"modeltime":0,"type":"gpio"}
,[24.4.2023 | 21:20:50] {"client-id":"458139a0-f182-4a80-8b9a-a4501db3f42f","gpioa":0,"gpiob":0,"gpioc":0,"gpiod":16504,"gpioe":4352,"modeltime":0,"type":"gpio"}
,[24.4.2023 | 21:20:50] {"client-id":"458139a0-f182-4a80-8b9a-a4501db3f42f","gpioa":0,"gpiob":0,"gpioc":0,"gpiod":16504,"gpioe":4352,"modeltime":0,"type":"gpio"}
,[24.4.2023 | 21:20:50] {"client-id":"458139a0-f182-4a80-8b9a-a4501db3f42f","gpioa":0,"gpiob":0,"gpioc":0,"gpiod":16504,"gpioe":4352,"modeltime":0,"type":"gpio"}
,[24.4.2023 | 21:20:51] {"client-id":"458139a0-f182-4a80-8b9a-a4501db3f42f","gpioa":0,"gpiob":0,"gpioc":0,"gpiod":8568,"gpioe":4352,"modeltime":0,"type":"gpio"}
,[24.4.2023 | 21:20:51] {"client-id":"458139a0-f182-4a80-8b9a-a4501db3f42f","gpioa":0,"gpiob":0,"gpioc":0,"gpiod":8568,"gpioe":4352,"modeltime":0,"type":"gpio"}
,[24.4.2023 | 21:20:51] {"client-id":"458139a0-f182-4a80-8b9a-a4501db3f42f","gpioa":0,"gpiob":0,"gpioc":0,"gpiod":8568,"gpioe":4352,"modeltime":0,"type":"gpio"}
,[24.4.2023 | 21:20:51] {"client-id":"458139a0-f182-4a80-8b9a-a4501db3f42f","gpioa":0,"gpiob":0,"gpioc":0,"gpiod":8568,"gpioe":4352,"modeltime":0,"type":"gpio"}
,[24.4.2023 | 21:20:51] {"client-id":"458139a0-f182-4a80-8b9a-a4501db3f42f","gpioa":0,"gpiob":0,"gpioc":32768,"gpiod":8568,"gpioe":4352,"modeltime":0,"type":"gpio"}
,[24.4.2023 | 21:20:51] {"client-id":"458139a0-f182-4a80-8b9a-a4501db3f42f","gpioa":0,"gpiob":0,"gpioc":32768,"gpiod":8568,"gpioe":4352,"modeltime":0,"type":"gpio"}
,[24.4.2023 | 21:20:51] {"client-id":"458139a0-f182-4a80-8b9a-a4501db3f42f","gpioa":0,"gpiob":0,"gpioc":0,"gpiod":8568,"gpioe":4352,"modeltime":0,"type":"gpio"}
,[24.4.2023 | 21:20:51] {"client-id":"458139a0-f182-4a80-8b9a-a4501db3f42f","gpioa":0,"gpiob":0,"gpioc":32768,"gpiod":8568,"gpioe":4352,"modeltime":0,"type":"gpio"}
,[24.4.2023 | 21:20:51] {"client-id":"458139a0-f182-4a80-8b9a-a4501db3f42f","gpioa":0,"gpiob":0,"gpioc":0,"gpiod":8568,"gpioe":4352,"modeltime":0,"type":"gpio"}
,[24.4.2023 | 21:20:51] {"client-id":"458139a0-f182-4a80-8b9a-a4501db3f42f","gpioa":0,"gpiob":0,"gpioc":0,"gpiod":8568,"gpioe":4352,"modeltime":0,"type":"gpio"}
,[24.4.2023 | 21:20:52] {"client-id":"458139a0-f182-4a80-8b9a-a4501db3f42f","gpioa":0,"gpiob":0,"gpioc":0,"gpiod":17272,"gpioe":4352,"modeltime":0,"type":"gpio"}
,[24.4.2023 | 21:20:52] {"client-id":"458139a0-f182-4a80-8b9a-a4501db3f42f","gpioa":0,"gpiob":0,"gpioc":0,"gpiod":17272,"gpioe":4352,"modeltime":0,"type":"gpio"}
,[24.4.2023 | 21:20:52] {"client-id":"458139a0-f182-4a80-8b9a-a4501db3f42f","gpioa":0,"gpiob":0,"gpioc":0,"gpiod":17272,"gpioe":4352,"modeltime":0,"type":"gpio"}
,[24.4.2023 | 21:20:52] {"client-id":"458139a0-f182-4a80-8b9a-a4501db3f42f","gpioa":0,"gpiob":0,"gpioc":0,"gpiod":17272,"gpioe":4352,"modeltime":0,"type":"gpio"}
,[24.4.2023 | 21:20:52] {"client-id":"458139a0-f182-4a80-8b9a-a4501db3f42f","gpioa":0,"gpiob":0,"gpioc":0,"gpiod":17272,"gpioe":4352,"modeltime":0,"type":"gpio"}
,[24.4.2023 | 21:20:52] {"client-id":"458139a0-f182-4a80-8b9a-a4501db3f42f","gpioa":0,"gpiob":0,"gpioc":0,"gpiod":11128,"gpioe":4352,"modeltime":0,"type":"gpio"}
,[24.4.2023 | 21:20:52] {"client-id":"458139a0-f182-4a80-8b9a-a4501db3f42f","gpioa":0,"gpiob":0,"gpioc":0,"gpiod":11128,"gpioe":4352,"modeltime":0,"type":"gpio"}
,[24.4.2023 | 21:20:52] {"client-id":"458139a0-f182-4a80-8b9a-a4501db3f42f","gpioa":0,"gpiob":0,"gpioc":0,"gpiod":11128,"gpioe":4352,"modeltime":0,"type":"gpio"}
,[24.4.2023 | 21:20:52] {"client-id":"458139a0-f182-4a80-8b9a-a4501db3f42f","gpioa":0,"gpiob":0,"gpioc":0,"gpiod":11128,"gpioe":4352,"modeltime":0,"type":"gpio"}
,[24.4.2023 | 21:20:53] {"client-id":"458139a0-f182-4a80-8b9a-a4501db3f42f","gpioa":0,"gpiob":0,"gpioc":32768,"gpiod":11128,"gpioe":4352,"modeltime":0,"type":"gpio"}
,[24.4.2023 | 21:20:53] {"client-id":"458139a0-f182-4a80-8b9a-a4501db3f42f","gpioa":0,"gpiob":0,"gpioc":0,"gpiod":11128,"gpioe":4352,"modeltime":0,"type":"gpio"}
,[24.4.2023 | 21:20:53] {"client-id":"458139a0-f182-4a80-8b9a-a4501db3f42f","gpioa":0,"gpiob":0,"gpioc":32768,"gpiod":11128,"gpioe":4352,"modeltime":0,"type":"gpio"}
,[24.4.2023 | 21:20:53] {"client-id":"458139a0-f182-4a80-8b9a-a4501db3f42f","gpioa":0,"gpiob":0,"gpioc":0,"gpiod":11128,"gpioe":4352,"modeltime":0,"type":"gpio"}
,[24.4.2023 | 21:20:53] {"client-id":"458139a0-f182-4a80-8b9a-a4501db3f42f","gpioa":0,"gpiob":0,"gpioc":32768,"gpiod":11128,"gpioe":4352,"modeltime":0,"type":"gpio"}
,[24.4.2023 | 21:20:53] {"client-id":"458139a0-f182-4a80-8b9a-a4501db3f42f","gpioa":0,"gpiob":0,"gpioc":0,"gpiod":11128,"gpioe":4352,"modeltime":0,"type":"gpio"}
,[24.4.2023 | 21:20:53] {"client-id":"458139a0-f182-4a80-8b9a-a4501db3f42f","gpioa":0,"gpiob":0,"gpioc":32768,"gpiod":23416,"gpioe":4352,"modeltime":0,"type":"gpio"}
,[24.4.2023 | 21:20:53] {"client-id":"458139a0-f182-4a80-8b9a-a4501db3f42f","gpioa":0,"gpiob":0,"gpioc":32768,"gpiod":23416,"gpioe":4352,"modeltime":0,"type":"gpio"}
,[24.4.2023 | 21:20:53] {"client-id":"458139a0-f182-4a80-8b9a-a4501db3f42f","gpioa":0,"gpiob":0,"gpioc":32768,"gpiod":23416,"gpioe":4352,"modeltime":0,"type":"gpio"}
,[24.4.2023 | 21:20:53] {"client-id":"458139a0-f182-4a80-8b9a-a4501db3f42f","gpioa":0,"gpiob":0,"gpioc":32768,"gpiod":23416,"gpioe":4352,"modeltime":0,"type":"gpio"}
,[24.4.2023 | 21:20:54] {"client-id":"458139a0-f182-4a80-8b9a-a4501db3f42f","gpioa":0,"gpiob":0,"gpioc":32768,"gpiod":23416,"gpioe":4352,"modeltime":0,"type":"gpio"}
,[24.4.2023 | 21:20:54] {"client-id":"458139a0-f182-4a80-8b9a-a4501db3f42f","gpioa":0,"gpiob":0,"gpioc":32768,"gpiod":19320,"gpioe":4352,"modeltime":0,"type":"gpio"}
,[24.4.2023 | 21:20:54] {"client-id":"458139a0-f182-4a80-8b9a-a4501db3f42f","gpioa":0,"gpiob":0,"gpioc":0,"gpiod":19320,"gpioe":4352,"modeltime":0,"type":"gpio"}
,[24.4.2023 | 21:20:54] {"client-id":"458139a0-f182-4a80-8b9a-a4501db3f42f","gpioa":0,"gpiob":0,"gpioc":0,"gpiod":19320,"gpioe":4352,"modeltime":0,"type":"gpio"}
,[24.4.2023 | 21:20:54] {"client-id":"458139a0-f182-4a80-8b9a-a4501db3f42f","gpioa":0,"gpiob":0,"gpioc":0,"gpiod":19320,"gpioe":4352,"modeltime":0,"type":"gpio"}
,[24.4.2023 | 21:20:54] {"client-id":"458139a0-f182-4a80-8b9a-a4501db3f42f","gpioa":0,"gpiob":0,"gpioc":0,"gpiod":19320,"gpioe":4352,"modeltime":0,"type":"gpio"}
,[24.4.2023 | 21:20:54] {"client-id":"458139a0-f182-4a80-8b9a-a4501db3f42f","gpioa":0,"gpiob":0,"gpioc":0,"gpiod":11128,"gpioe":4352,"modeltime":0,"type":"gpio"}
,[24.4.2023 | 21:20:54] {"client-id":"458139a0-f182-4a80-8b9a-a4501db3f42f","gpioa":0,"gpiob":0,"gpioc":32768,"gpiod":11128,"gpioe":4352,"modeltime":0,"type":"gpio"}
,[24.4.2023 | 21:20:54] {"client-id":"458139a0-f182-4a80-8b9a-a4501db3f42f","gpioa":0,"gpiob":0,"gpioc":32768,"gpiod":11128,"gpioe":4352,"modeltime":0,"type":"gpio"}
,[24.4.2023 | 21:20:54] {"client-id":"458139a0-f182-4a80-8b9a-a4501db3f42f","gpioa":0,"gpiob":0,"gpioc":32768,"gpiod":11128,"gpioe":4352,"modeltime":0,"type":"gpio"}
,[24.4.2023 | 21:20:55] {"client-id":"458139a0-f182-4a80-8b9a-a4501db3f42f","gpioa":0,"gpiob":0,"gpioc":32768,"gpiod":11128,"gpioe":4352,"modeltime":0,"type":"gpio"}
,[24.4.2023 | 21:20:55] {"client-id":"458139a0-f182-4a80-8b9a-a4501db3f42f","gpioa":0,"gpiob":0,"gpioc":32768,"gpiod":11128,"gpioe":4352,"modeltime":0,"type":"gpio"}
,[24.4.2023 | 21:20:55] {"client-id":"458139a0-f182-4a80-8b9a-a4501db3f42f","gpioa":0,"gpiob":0,"gpioc":32768,"gpiod":11128,"gpioe":4352,"modeltime":0,"type":"gpio"}
,[24.4.2023 | 21:20:55] {"client-id":"458139a0-f182-4a80-8b9a-a4501db3f42f","gpioa":0,"gpiob":0,"gpioc":32768,"gpiod":11128,"gpioe":4352,"modeltime":0,"type":"gpio"}
,[24.4.2023 | 21:20:55] {"client-id":"458139a0-f182-4a80-8b9a-a4501db3f42f","gpioa":0,"gpiob":0,"gpioc":32768,"gpiod":11128,"gpioe":4352,"modeltime":0,"type":"gpio"}
,[24.4.2023 | 21:20:55] {"client-id":"458139a0-f182-4a80-8b9a-a4501db3f42f","gpioa":0,"gpiob":0,"gpioc":32768,"gpiod":11128,"gpioe":4352,"modeltime":0,"type":"gpio"}
,[24.4.2023 | 21:20:55] {"client-id":"458139a0-f182-4a80-8b9a-a4501db3f42f","gpioa":0,"gpiob":0,"gpioc":32768,"gpiod":9080,"gpioe":4352,"modeltime":0,"type":"gpio"}
,[24.4.2023 | 21:20:55] {"client-id":"458139a0-f182-4a80-8b9a-a4501db3f42f","gpioa":0,"gpiob":0,"gpioc":32768,"gpiod":9080,"gpioe":4352,"modeltime":0,"type":"gpio"}
,[24.4.2023 | 21:20:55] {"client-id":"458139a0-f182-4a80-8b9a-a4501db3f42f","gpioa":0,"gpiob":0,"gpioc":32768,"gpiod":9080,"gpioe":4352,"modeltime":0,"type":"gpio"}
,[24.4.2023 | 21:20:55] {"client-id":"458139a0-f182-4a80-8b9a-a4501db3f42f","gpioa":0,"gpiob":0,"gpioc":32768,"gpiod":9080,"gpioe":4352,"modeltime":0,"type":"gpio"}
,[24.4.2023 | 21:20:56] {"client-id":"458139a0-f182-4a80-8b9a-a4501db3f42f","gpioa":0,"gpiob":0,"gpioc":32768,"gpiod":9080,"gpioe":4352,"modeltime":0,"type":"gpio"}
,[24.4.2023 | 21:20:56] {"client-id":"458139a0-f182-4a80-8b9a-a4501db3f42f","gpioa":0,"gpiob":0,"gpioc":32768,"gpiod":8568,"gpioe":4352,"modeltime":0,"type":"gpio"}
,[24.4.2023 | 21:20:56] {"client-id":"458139a0-f182-4a80-8b9a-a4501db3f42f","gpioa":0,"gpiob":0,"gpioc":32768,"gpiod":8568,"gpioe":4352,"modeltime":0,"type":"gpio"}
,[24.4.2023 | 21:20:56] {"client-id":"458139a0-f182-4a80-8b9a-a4501db3f42f","gpioa":0,"gpiob":0,"gpioc":32768,"gpiod":8568,"gpioe":4352,"modeltime":0,"type":"gpio"}
,[24.4.2023 | 21:20:56] {"client-id":"458139a0-f182-4a80-8b9a-a4501db3f42f","gpioa":0,"gpiob":0,"gpioc":32768,"gpiod":8568,"gpioe":4352,"modeltime":0,"type":"gpio"}
,[24.4.2023 | 21:20:56] {"client-id":"458139a0-f182-4a80-8b9a-a4501db3f42f","gpioa":0,"gpiob":0,"gpioc":32768,"gpiod":8568,"gpioe":4352,"modeltime":0,"type":"gpio"}
,[24.4.2023 | 21:20:56] {"client-id":"458139a0-f182-4a80-8b9a-a4501db3f42f","gpioa":0,"gpiob":0,"gpioc":32768,"gpiod":8312,"gpioe":4352,"modeltime":0,"type":"gpio"}
,[24.4.2023 | 21:20:56] {"client-id":"458139a0-f182-4a80-8b9a-a4501db3f42f","gpioa":0,"gpiob":0,"gpioc":32768,"gpiod":8312,"gpioe":4352,"modeltime":0,"type":"gpio"}
,[24.4.2023 | 21:20:56] {"client-id":"458139a0-f182-4a80-8b9a-a4501db3f42f","gpioa":0,"gpiob":0,"gpioc":32768,"gpiod":8312,"gpioe":4352,"modeltime":0,"type":"gpio"}
,[24.4.2023 | 21:20:56] {"client-id":"458139a0-f182-4a80-8b9a-a4501db3f42f","gpioa":0,"gpiob":0,"gpioc":32768,"gpiod":8312,"gpioe":4352,"modeltime":0,"type":"gpio"}
,[24.4.2023 | 21:20:57] {"client-id":"458139a0-f182-4a80-8b9a-a4501db3f42f","gpioa":0,"gpiob":0,"gpioc":32768,"gpiod":8312,"gpioe":4352,"modeltime":0,"type":"gpio"}
,[24.4.2023 | 21:20:57] {"client-id":"458139a0-f182-4a80-8b9a-a4501db3f42f","gpioa":0,"gpiob":0,"gpioc":32768,"gpiod":8248,"gpioe":4352,"modeltime":0,"type":"gpio"}
,[24.4.2023 | 21:20:57] {"client-id":"458139a0-f182-4a80-8b9a-a4501db3f42f","gpioa":0,"gpiob":0,"gpioc":32768,"gpiod":8248,"gpioe":4352,"modeltime":0,"type":"gpio"}
,[24.4.2023 | 21:20:57] {"client-id":"458139a0-f182-4a80-8b9a-a4501db3f42f","gpioa":0,"gpiob":0,"gpioc":32768,"gpiod":8248,"gpioe":4352,"modeltime":0,"type":"gpio"}
,[24.4.2023 | 21:20:57] {"client-id":"458139a0-f182-4a80-8b9a-a4501db3f42f","gpioa":0,"gpiob":0,"gpioc":32768,"gpiod":8248,"gpioe":4352,"modeltime":0,"type":"gpio"}
,[24.4.2023 | 21:20:57] {"client-id":"458139a0-f182-4a80-8b9a-a4501db3f42f","gpioa":0,"gpiob":0,"gpioc":32768,"gpiod":8248,"gpioe":4352,"modeltime":0,"type":"gpio"}
,[24.4.2023 | 21:20:57] {"client-id":"458139a0-f182-4a80-8b9a-a4501db3f42f","gpioa":0,"gpiob":0,"gpioc":32768,"gpiod":8216,"gpioe":4352,"modeltime":0,"type":"gpio"}
,[24.4.2023 | 21:20:57] {"client-id":"458139a0-f182-4a80-8b9a-a4501db3f42f","gpioa":0,"gpiob":0,"gpioc":32768,"gpiod":8216,"gpioe":4352,"modeltime":0,"type":"gpio"}
,[24.4.2023 | 21:20:57] {"client-id":"458139a0-f182-4a80-8b9a-a4501db3f42f","gpioa":0,"gpiob":0,"gpioc":32768,"gpiod":8216,"gpioe":4352,"modeltime":0,"type":"gpio"}
,[24.4.2023 | 21:20:57] {"client-id":"458139a0-f182-4a80-8b9a-a4501db3f42f","gpioa":0,"gpiob":0,"gpioc":32768,"gpiod":8216,"gpioe":4352,"modeltime":0,"type":"gpio"}
,[24.4.2023 | 21:20:58] {"client-id":"458139a0-f182-4a80-8b9a-a4501db3f42f","gpioa":0,"gpiob":0,"gpioc":32768,"gpiod":8216,"gpioe":4352,"modeltime":0,"type":"gpio"}
,[24.4.2023 | 21:20:58] {"client-id":"458139a0-f182-4a80-8b9a-a4501db3f42f","gpioa":0,"gpiob":0,"gpioc":32768,"gpiod":8200,"gpioe":4352,"modeltime":0,"type":"gpio"}
,[24.4.2023 | 21:20:58] {"client-id":"458139a0-f182-4a80-8b9a-a4501db3f42f","gpioa":0,"gpiob":0,"gpioc":32768,"gpiod":8200,"gpioe":256,"modeltime":0,"type":"gpio"}
,[24.4.2023 | 21:20:58] {"client-id":"458139a0-f182-4a80-8b9a-a4501db3f42f","gpioa":0,"gpiob":0,"gpioc":32768,"gpiod":8200,"gpioe":256,"modeltime":0,"type":"gpio"}
,[24.4.2023 | 21:20:58] {"client-id":"458139a0-f182-4a80-8b9a-a4501db3f42f","gpioa":0,"gpiob":0,"gpioc":32768,"gpiod":8200,"gpioe":256,"modeltime":0,"type":"gpio"}
,[24.4.2023 | 21:20:58] {"client-id":"458139a0-f182-4a80-8b9a-a4501db3f42f","gpioa":0,"gpiob":0,"gpioc":32768,"gpiod":8200,"gpioe":256,"modeltime":0,"type":"gpio"}
,[24.4.2023 | 21:20:58] {"client-id":"458139a0-f182-4a80-8b9a-a4501db3f42f","gpioa":0,"gpiob":0,"gpioc":32768,"gpiod":32784,"gpioe":256,"modeltime":0,"type":"gpio"}
,[24.4.2023 | 21:20:58] {"client-id":"458139a0-f182-4a80-8b9a-a4501db3f42f","gpioa":0,"gpiob":0,"gpioc":32768,"gpiod":32784,"gpioe":256,"modeltime":0,"type":"gpio"}
,[24.4.2023 | 21:20:58] {"client-id":"458139a0-f182-4a80-8b9a-a4501db3f42f","gpioa":0,"gpiob":0,"gpioc":32768,"gpiod":32784,"gpioe":256,"modeltime":0,"type":"gpio"}
,[24.4.2023 | 21:20:58] {"client-id":"458139a0-f182-4a80-8b9a-a4501db3f42f","gpioa":0,"gpiob":0,"gpioc":32768,"gpiod":32784,"gpioe":256,"modeltime":0,"type":"gpio"}
,[24.4.2023 | 21:20:59] {"client-id":"458139a0-f182-4a80-8b9a-a4501db3f42f","gpioa":0,"gpiob":0,"gpioc":32768,"gpiod":32784,"gpioe":256,"modeltime":0,"type":"gpio"}
,[24.4.2023 | 21:20:59] {"client-id":"458139a0-f182-4a80-8b9a-a4501db3f42f","gpioa":0,"gpiob":0,"gpioc":32768,"gpiod":32784,"gpioe":256,"modeltime":0,"type":"gpio"}
,[24.4.2023 | 21:20:59] {"client-id":"458139a0-f182-4a80-8b9a-a4501db3f42f","gpioa":0,"gpiob":0,"gpioc":32768,"gpiod":32784,"gpioe":256,"modeltime":0,"type":"gpio"}
,[24.4.2023 | 21:20:59] {"client-id":"458139a0-f182-4a80-8b9a-a4501db3f42f","gpioa":0,"gpiob":0,"gpioc":32768,"gpiod":32768,"gpioe":0,"modeltime":0,"type":"gpio"}
,[24.4.2023 | 21:20:59] {"client-id":"458139a0-f182-4a80-8b9a-a4501db3f42f","gpioa":0,"gpiob":0,"gpioc":32768,"gpiod":32768,"gpioe":0,"modeltime":0,"type":"gpio"}
,[24.4.2023 | 21:20:59] {"client-id":"458139a0-f182-4a80-8b9a-a4501db3f42f","gpioa":0,"gpiob":0,"gpioc":32768,"gpiod":32768,"gpioe":0,"modeltime":0,"type":"gpio"}
,[24.4.2023 | 21:20:59] {"client-id":"458139a0-f182-4a80-8b9a-a4501db3f42f","gpioa":0,"gpiob":0,"gpioc":32768,"gpiod":32768,"gpioe":0,"modeltime":0,"type":"gpio"}
,[24.4.2023 | 21:20:59] {"client-id":"458139a0-f182-4a80-8b9a-a4501db3f42f","gpioa":0,"gpiob":0,"gpioc":32768,"gpiod":32768,"gpioe":0,"modeltime":0,"type":"gpio"}
,[24.4.2023 | 21:20:59] {"client-id":"458139a0-f182-4a80-8b9a-a4501db3f42f","gpioa":0,"gpiob":0,"gpioc":32768,"gpiod":32768,"gpioe":0,"modeltime":0,"type":"gpio"}
,[24.4.2023 | 21:20:59] {"client-id":"458139a0-f182-4a80-8b9a-a4501db3f42f","gpioa":0,"gpiob":0,"gpioc":32768,"gpiod":32768,"gpioe":0,"modeltime":0,"type":"gpio"}
,[24.4.2023 | 21:21:0] {"client-id":"458139a0-f182-4a80-8b9a-a4501db3f42f","gpioa":0,"gpiob":0,"gpioc":32768,"gpiod":32768,"gpioe":0,"modeltime":0,"type":"gpio"}
,[24.4.2023 | 21:21:0] {"client-id":"458139a0-f182-4a80-8b9a-a4501db3f42f","gpioa":0,"gpiob":0,"gpioc":32768,"gpiod":32776,"gpioe":16,"modeltime":0,"type":"gpio"}
,[24.4.2023 | 21:21:0] {"client-id":"458139a0-f182-4a80-8b9a-a4501db3f42f","gpioa":0,"gpiob":0,"gpioc":32768,"gpiod":32776,"gpioe":16,"modeltime":0,"type":"gpio"}
,[24.4.2023 | 21:21:0] {"client-id":"458139a0-f182-4a80-8b9a-a4501db3f42f","gpioa":0,"gpiob":0,"gpioc":32768,"gpiod":32776,"gpioe":16,"modeltime":0,"type":"gpio"}
,[24.4.2023 | 21:21:0] {"client-id":"458139a0-f182-4a80-8b9a-a4501db3f42f","gpioa":0,"gpiob":0,"gpioc":32768,"gpiod":32776,"gpioe":16,"modeltime":0,"type":"gpio"}
,[24.4.2023 | 21:21:0] {"client-id":"458139a0-f182-4a80-8b9a-a4501db3f42f","gpioa":0,"gpiob":0,"gpioc":32768,"gpiod":32776,"gpioe":16,"modeltime":0,"type":"gpio"}
,[24.4.2023 | 21:21:0] {"client-id":"458139a0-f182-4a80-8b9a-a4501db3f42f","gpioa":0,"gpiob":0,"gpioc":32768,"gpiod":32776,"gpioe":16,"modeltime":0,"type":"gpio"}
,[24.4.2023 | 21:21:0] {"client-id":"458139a0-f182-4a80-8b9a-a4501db3f42f","gpioa":0,"gpiob":0,"gpioc":32768,"gpiod":32776,"gpioe":16,"modeltime":0,"type":"gpio"}
,[24.4.2023 | 21:21:0] {"client-id":"458139a0-f182-4a80-8b9a-a4501db3f42f","gpioa":0,"gpiob":0,"gpioc":32768,"gpiod":32776,"gpioe":16,"modeltime":0,"type":"gpio"}
,[24.4.2023 | 21:21:0] {"client-id":"458139a0-f182-4a80-8b9a-a4501db3f42f","gpioa":0,"gpiob":0,"gpioc":32768,"gpiod":32792,"gpioe":272,"modeltime":0,"type":"gpio"}
,[24.4.2023 | 21:21:1] {"client-id":"458139a0-f182-4a80-8b9a-a4501db3f42f","gpioa":0,"gpiob":0,"gpioc":32768,"gpiod":32792,"gpioe":272,"modeltime":0,"type":"gpio"}
,[24.4.2023 | 21:21:1] {"client-id":"458139a0-f182-4a80-8b9a-a4501db3f42f","gpioa":0,"gpiob":0,"gpioc":32768,"gpiod":32792,"gpioe":272,"modeltime":0,"type":"gpio"}
,[24.4.2023 | 21:21:1] {"client-id":"458139a0-f182-4a80-8b9a-a4501db3f42f","gpioa":0,"gpiob":0,"gpioc":32768,"gpiod":32792,"gpioe":272,"modeltime":0,"type":"gpio"}
,[24.4.2023 | 21:21:1] {"client-id":"458139a0-f182-4a80-8b9a-a4501db3f42f","gpioa":0,"gpiob":0,"gpioc":32768,"gpiod":32792,"gpioe":272,"modeltime":0,"type":"gpio"}
,[24.4.2023 | 21:21:1] {"client-id":"458139a0-f182-4a80-8b9a-a4501db3f42f","gpioa":0,"gpiob":0,"gpioc":32768,"gpiod":32792,"gpioe":272,"modeltime":0,"type":"gpio"}
,[24.4.2023 | 21:21:1] {"client-id":"458139a0-f182-4a80-8b9a-a4501db3f42f","gpioa":0,"gpiob":0,"gpioc":32768,"gpiod":32792,"gpioe":272,"modeltime":0,"type":"gpio"}
,[24.4.2023 | 21:21:1] {"client-id":"458139a0-f182-4a80-8b9a-a4501db3f42f","gpioa":0,"gpiob":0,"gpioc":32768,"gpiod":32792,"gpioe":272,"modeltime":0,"type":"gpio"}
,[24.4.2023 | 21:21:1] {"client-id":"458139a0-f182-4a80-8b9a-a4501db3f42f","gpioa":0,"gpiob":0,"gpioc":32768,"gpiod":32792,"gpioe":272,"modeltime":0,"type":"gpio"}
,[24.4.2023 | 21:21:1] {"client-id":"458139a0-f182-4a80-8b9a-a4501db3f42f","gpioa":0,"gpiob":0,"gpioc":32768,"gpiod":32824,"gpioe":1296,"modeltime":0,"type":"gpio"}
,[24.4.2023 | 21:21:1] {"client-id":"458139a0-f182-4a80-8b9a-a4501db3f42f","gpioa":0,"gpiob":0,"gpioc":32768,"gpiod":32824,"gpioe":1296,"modeltime":0,"type":"gpio"}
,[24.4.2023 | 21:21:2] {"client-id":"458139a0-f182-4a80-8b9a-a4501db3f42f","gpioa":0,"gpiob":0,"gpioc":32768,"gpiod":32824,"gpioe":1296,"modeltime":0,"type":"gpio"}
,[24.4.2023 | 21:21:2] {"client-id":"458139a0-f182-4a80-8b9a-a4501db3f42f","gpioa":0,"gpiob":0,"gpioc":32768,"gpiod":32824,"gpioe":1296,"modeltime":0,"type":"gpio"}
,[24.4.2023 | 21:21:2] {"client-id":"458139a0-f182-4a80-8b9a-a4501db3f42f","gpioa":0,"gpiob":0,"gpioc":32768,"gpiod":32824,"gpioe":1296,"modeltime":0,"type":"gpio"}
,[24.4.2023 | 21:21:2] {"client-id":"458139a0-f182-4a80-8b9a-a4501db3f42f","gpioa":0,"gpiob":0,"gpioc":32768,"gpiod":32824,"gpioe":1296,"modeltime":0,"type":"gpio"}
,[24.4.2023 | 21:21:2] {"client-id":"458139a0-f182-4a80-8b9a-a4501db3f42f","gpioa":0,"gpiob":0,"gpioc":32768,"gpiod":32824,"gpioe":1296,"modeltime":0,"type":"gpio"}
,[24.4.2023 | 21:21:2] {"client-id":"458139a0-f182-4a80-8b9a-a4501db3f42f","gpioa":0,"gpiob":0,"gpioc":32768,"gpiod":32824,"gpioe":1296,"modeltime":0,"type":"gpio"}
,[24.4.2023 | 21:21:2] {"client-id":"458139a0-f182-4a80-8b9a-a4501db3f42f","gpioa":0,"gpiob":0,"gpioc":32768,"gpiod":32888,"gpioe":5392,"modeltime":0,"type":"gpio"}
,[24.4.2023 | 21:21:2] {"client-id":"458139a0-f182-4a80-8b9a-a4501db3f42f","gpioa":0,"gpiob":0,"gpioc":32768,"gpiod":32888,"gpioe":5392,"modeltime":0,"type":"gpio"}
,[24.4.2023 | 21:21:2] {"client-id":"458139a0-f182-4a80-8b9a-a4501db3f42f","gpioa":0,"gpiob":0,"gpioc":32768,"gpiod":32888,"gpioe":5392,"modeltime":0,"type":"gpio"}
,[24.4.2023 | 21:21:2] {"client-id":"458139a0-f182-4a80-8b9a-a4501db3f42f","gpioa":0,"gpiob":0,"gpioc":32768,"gpiod":32888,"gpioe":5392,"modeltime":0,"type":"gpio"}
,[24.4.2023 | 21:21:3] {"client-id":"458139a0-f182-4a80-8b9a-a4501db3f42f","gpioa":0,"gpiob":0,"gpioc":32768,"gpiod":32888,"gpioe":5392,"modeltime":0,"type":"gpio"}
,[24.4.2023 | 21:21:3] {"client-id":"458139a0-f182-4a80-8b9a-a4501db3f42f","gpioa":0,"gpiob":0,"gpioc":32768,"gpiod":32888,"gpioe":5392,"modeltime":0,"type":"gpio"}
,[24.4.2023 | 21:21:3] {"client-id":"458139a0-f182-4a80-8b9a-a4501db3f42f","gpioa":0,"gpiob":0,"gpioc":32768,"gpiod":32824,"gpioe":1296,"modeltime":0,"type":"gpio"}
,[24.4.2023 | 21:21:3] {"client-id":"458139a0-f182-4a80-8b9a-a4501db3f42f","gpioa":0,"gpiob":0,"gpioc":32768,"gpiod":32824,"gpioe":1296,"modeltime":0,"type":"gpio"}
,[24.4.2023 | 21:21:3] {"client-id":"458139a0-f182-4a80-8b9a-a4501db3f42f","gpioa":0,"gpiob":0,"gpioc":32768,"gpiod":32824,"gpioe":1296,"modeltime":0,"type":"gpio"}
,[24.4.2023 | 21:21:3] {"client-id":"458139a0-f182-4a80-8b9a-a4501db3f42f","gpioa":0,"gpiob":0,"gpioc":32768,"gpiod":32824,"gpioe":1296,"modeltime":0,"type":"gpio"}
,[24.4.2023 | 21:21:3] {"client-id":"458139a0-f182-4a80-8b9a-a4501db3f42f","gpioa":0,"gpiob":0,"gpioc":32768,"gpiod":32824,"gpioe":1296,"modeltime":0,"type":"gpio"}
,[24.4.2023 | 21:21:3] {"client-id":"458139a0-f182-4a80-8b9a-a4501db3f42f","gpioa":0,"gpiob":0,"gpioc":32768,"gpiod":32888,"gpioe":5392,"modeltime":0,"type":"gpio"}
,[24.4.2023 | 21:21:3] {"client-id":"458139a0-f182-4a80-8b9a-a4501db3f42f","gpioa":0,"gpiob":0,"gpioc":32768,"gpiod":32888,"gpioe":5392,"modeltime":0,"type":"gpio"}
,[24.4.2023 | 21:21:4] {"client-id":"458139a0-f182-4a80-8b9a-a4501db3f42f","gpioa":0,"gpiob":0,"gpioc":32768,"gpiod":32888,"gpioe":5392,"modeltime":0,"type":"gpio"}
,[24.4.2023 | 21:21:4] {"client-id":"458139a0-f182-4a80-8b9a-a4501db3f42f","gpioa":0,"gpiob":0,"gpioc":32768,"gpiod":32888,"gpioe":5392,"modeltime":0,"type":"gpio"}
,[24.4.2023 | 21:21:4] {"client-id":"458139a0-f182-4a80-8b9a-a4501db3f42f","gpioa":0,"gpiob":0,"gpioc":32768,"gpiod":32888,"gpioe":5392,"modeltime":0,"type":"gpio"}
,[24.4.2023 | 21:21:4] {"client-id":"458139a0-f182-4a80-8b9a-a4501db3f42f","gpioa":0,"gpiob":0,"gpioc":32768,"gpiod":32888,"gpioe":5392,"modeltime":0,"type":"gpio"}
,[24.4.2023 | 21:21:4] {"client-id":"458139a0-f182-4a80-8b9a-a4501db3f42f","gpioa":0,"gpiob":0,"gpioc":32768,"gpiod":32888,"gpioe":5392,"modeltime":0,"type":"gpio"}
,[24.4.2023 | 21:21:4] {"client-id":"458139a0-f182-4a80-8b9a-a4501db3f42f","gpioa":0,"gpiob":0,"gpioc":32768,"gpiod":32888,"gpioe":5392,"modeltime":0,"type":"gpio"}
,[24.4.2023 | 21:21:4] {"client-id":"458139a0-f182-4a80-8b9a-a4501db3f42f","gpioa":0,"gpiob":0,"gpioc":32768,"gpiod":32888,"gpioe":5392,"modeltime":0,"type":"gpio"}
,[24.4.2023 | 21:21:4] {"client-id":"458139a0-f182-4a80-8b9a-a4501db3f42f","gpioa":0,"gpiob":0,"gpioc":32768,"gpiod":32888,"gpioe":5392,"modeltime":0,"type":"gpio"}
,[24.4.2023 | 21:21:4] {"client-id":"458139a0-f182-4a80-8b9a-a4501db3f42f","gpioa":0,"gpiob":0,"gpioc":32768,"gpiod":32856,"gpioe":4368,"modeltime":0,"type":"gpio"}
,[24.4.2023 | 21:21:4] {"client-id":"458139a0-f182-4a80-8b9a-a4501db3f42f","gpioa":0,"gpiob":0,"gpioc":32768,"gpiod":32856,"gpioe":4368,"modeltime":0,"type":"gpio"}
,[24.4.2023 | 21:21:5] {"client-id":"458139a0-f182-4a80-8b9a-a4501db3f42f","gpioa":0,"gpiob":0,"gpioc":32768,"gpiod":32856,"gpioe":4368,"modeltime":0,"type":"gpio"}
,[24.4.2023 | 21:21:5] {"client-id":"458139a0-f182-4a80-8b9a-a4501db3f42f","gpioa":0,"gpiob":0,"gpioc":32768,"gpiod":32856,"gpioe":4368,"modeltime":0,"type":"gpio"}
,[24.4.2023 | 21:21:5] {"client-id":"458139a0-f182-4a80-8b9a-a4501db3f42f","gpioa":0,"gpiob":0,"gpioc":32768,"gpiod":32856,"gpioe":4368,"modeltime":0,"type":"gpio"}
,[24.4.2023 | 21:21:5] {"client-id":"458139a0-f182-4a80-8b9a-a4501db3f42f","gpioa":0,"gpiob":0,"gpioc":32768,"gpiod":32856,"gpioe":4368,"modeltime":0,"type":"gpio"}
,[24.4.2023 | 21:21:5] {"client-id":"458139a0-f182-4a80-8b9a-a4501db3f42f","gpioa":0,"gpiob":0,"gpioc":32768,"gpiod":32856,"gpioe":4368,"modeltime":0,"type":"gpio"}
,[24.4.2023 | 21:21:5] {"client-id":"458139a0-f182-4a80-8b9a-a4501db3f42f","gpioa":0,"gpiob":0,"gpioc":32768,"gpiod":32856,"gpioe":4368,"modeltime":0,"type":"gpio"}
,[24.4.2023 | 21:21:5] {"client-id":"458139a0-f182-4a80-8b9a-a4501db3f42f","gpioa":0,"gpiob":0,"gpioc":32768,"gpiod":32856,"gpioe":4368,"modeltime":0,"type":"gpio"}
,[24.4.2023 | 21:21:5] {"client-id":"458139a0-f182-4a80-8b9a-a4501db3f42f","gpioa":0,"gpiob":0,"gpioc":32768,"gpiod":32856,"gpioe":4368,"modeltime":0,"type":"gpio"}
,[24.4.2023 | 21:21:5] {"client-id":"458139a0-f182-4a80-8b9a-a4501db3f42f","gpioa":0,"gpiob":0,"gpioc":32768,"gpiod":8280,"gpioe":4352,"modeltime":0,"type":"gpio"}
,[24.4.2023 | 21:21:5] {"client-id":"458139a0-f182-4a80-8b9a-a4501db3f42f","gpioa":0,"gpiob":0,"gpioc":32768,"gpiod":8280,"gpioe":4352,"modeltime":0,"type":"gpio"}
,[24.4.2023 | 21:21:6] {"client-id":"458139a0-f182-4a80-8b9a-a4501db3f42f","gpioa":0,"gpiob":0,"gpioc":32768,"gpiod":8280,"gpioe":4352,"modeltime":0,"type":"gpio"}
,[24.4.2023 | 21:21:6] {"client-id":"458139a0-f182-4a80-8b9a-a4501db3f42f","gpioa":0,"gpiob":0,"gpioc":32768,"gpiod":8280,"gpioe":4352,"modeltime":0,"type":"gpio"}
,[24.4.2023 | 21:21:6] {"client-id":"458139a0-f182-4a80-8b9a-a4501db3f42f","gpioa":0,"gpiob":0,"gpioc":32768,"gpiod":8200,"gpioe":4352,"modeltime":0,"type":"gpio"}
,[24.4.2023 | 21:21:6] {"client-id":"458139a0-f182-4a80-8b9a-a4501db3f42f","gpioa":0,"gpiob":0,"gpioc":32768,"gpiod":8200,"gpioe":4352,"modeltime":0,"type":"gpio"}
,[24.4.2023 | 21:21:6] {"client-id":"458139a0-f182-4a80-8b9a-a4501db3f42f","gpioa":0,"gpiob":0,"gpioc":32768,"gpiod":8200,"gpioe":4352,"modeltime":0,"type":"gpio"}
,[24.4.2023 | 21:21:6] {"client-id":"458139a0-f182-4a80-8b9a-a4501db3f42f","gpioa":0,"gpiob":0,"gpioc":32768,"gpiod":8200,"gpioe":4352,"modeltime":0,"type":"gpio"}
,[24.4.2023 | 21:21:6] {"client-id":"458139a0-f182-4a80-8b9a-a4501db3f42f","gpioa":0,"gpiob":0,"gpioc":32768,"gpiod":8200,"gpioe":4352,"modeltime":0,"type":"gpio"}
,[24.4.2023 | 21:21:6] {"client-id":"458139a0-f182-4a80-8b9a-a4501db3f42f","gpioa":0,"gpiob":0,"gpioc":32768,"gpiod":8216,"gpioe":4352,"modeltime":0,"type":"gpio"}
,[24.4.2023 | 21:21:6] {"client-id":"458139a0-f182-4a80-8b9a-a4501db3f42f","gpioa":0,"gpiob":0,"gpioc":32768,"gpiod":8216,"gpioe":4352,"modeltime":0,"type":"gpio"}
,[24.4.2023 | 21:21:6] {"client-id":"458139a0-f182-4a80-8b9a-a4501db3f42f","gpioa":0,"gpiob":0,"gpioc":32768,"gpiod":8216,"gpioe":4352,"modeltime":0,"type":"gpio"}
,[24.4.2023 | 21:21:7] {"client-id":"458139a0-f182-4a80-8b9a-a4501db3f42f","gpioa":0,"gpiob":0,"gpioc":32768,"gpiod":8216,"gpioe":4352,"modeltime":0,"type":"gpio"}
,[24.4.2023 | 21:21:7] {"client-id":"458139a0-f182-4a80-8b9a-a4501db3f42f","gpioa":0,"gpiob":0,"gpioc":32768,"gpiod":8216,"gpioe":4352,"modeltime":0,"type":"gpio"}
,[24.4.2023 | 21:21:7] {"client-id":"458139a0-f182-4a80-8b9a-a4501db3f42f","gpioa":0,"gpiob":0,"gpioc":32768,"gpiod":8248,"gpioe":4352,"modeltime":0,"type":"gpio"}
,[24.4.2023 | 21:21:7] {"client-id":"458139a0-f182-4a80-8b9a-a4501db3f42f","gpioa":0,"gpiob":0,"gpioc":32768,"gpiod":8248,"gpioe":4352,"modeltime":0,"type":"gpio"}
,[24.4.2023 | 21:21:7] {"client-id":"458139a0-f182-4a80-8b9a-a4501db3f42f","gpioa":0,"gpiob":0,"gpioc":32768,"gpiod":8248,"gpioe":4352,"modeltime":0,"type":"gpio"}
,[24.4.2023 | 21:21:7] {"client-id":"458139a0-f182-4a80-8b9a-a4501db3f42f","gpioa":0,"gpiob":0,"gpioc":0,"gpiod":8248,"gpioe":4352,"modeltime":0,"type":"gpio"}
,[24.4.2023 | 21:21:7] {"client-id":"458139a0-f182-4a80-8b9a-a4501db3f42f","gpioa":0,"gpiob":0,"gpioc":0,"gpiod":8248,"gpioe":4352,"modeltime":0,"type":"gpio"}
,[24.4.2023 | 21:21:7] {"client-id":"458139a0-f182-4a80-8b9a-a4501db3f42f","gpioa":0,"gpiob":0,"gpioc":0,"gpiod":16504,"gpioe":4352,"modeltime":0,"type":"gpio"}
,[24.4.2023 | 21:21:7] {"client-id":"458139a0-f182-4a80-8b9a-a4501db3f42f","gpioa":0,"gpiob":0,"gpioc":0,"gpiod":16504,"gpioe":4352,"modeltime":0,"type":"gpio"}
,[24.4.2023 | 21:21:7] {"client-id":"458139a0-f182-4a80-8b9a-a4501db3f42f","gpioa":0,"gpiob":0,"gpioc":0,"gpiod":16504,"gpioe":4352,"modeltime":0,"type":"gpio"}
,[24.4.2023 | 21:21:8] {"client-id":"458139a0-f182-4a80-8b9a-a4501db3f42f","gpioa":0,"gpiob":0,"gpioc":32768,"gpiod":16504,"gpioe":4352,"modeltime":0,"type":"gpio"}
,[24.4.2023 | 21:21:8] {"client-id":"458139a0-f182-4a80-8b9a-a4501db3f42f","gpioa":0,"gpiob":0,"gpioc":32768,"gpiod":16504,"gpioe":4352,"modeltime":0,"type":"gpio"}
,[24.4.2023 | 21:21:8] {"client-id":"458139a0-f182-4a80-8b9a-a4501db3f42f","gpioa":0,"gpiob":0,"gpioc":32768,"gpiod":16760,"gpioe":4352,"modeltime":0,"type":"gpio"}
,[24.4.2023 | 21:21:8] {"client-id":"458139a0-f182-4a80-8b9a-a4501db3f42f","gpioa":0,"gpiob":0,"gpioc":32768,"gpiod":16760,"gpioe":4352,"modeltime":0,"type":"gpio"}
,[24.4.2023 | 21:21:8] {"client-id":"458139a0-f182-4a80-8b9a-a4501db3f42f","gpioa":0,"gpiob":0,"gpioc":32768,"gpiod":16760,"gpioe":4352,"modeltime":0,"type":"gpio"}
,[24.4.2023 | 21:21:8] {"client-id":"458139a0-f182-4a80-8b9a-a4501db3f42f","gpioa":0,"gpiob":0,"gpioc":32768,"gpiod":16760,"gpioe":4352,"modeltime":0,"type":"gpio"}
,[24.4.2023 | 21:21:8] {"client-id":"458139a0-f182-4a80-8b9a-a4501db3f42f","gpioa":0,"gpiob":0,"gpioc":32768,"gpiod":16760,"gpioe":4352,"modeltime":0,"type":"gpio"}
,[24.4.2023 | 21:21:8] {"client-id":"458139a0-f182-4a80-8b9a-a4501db3f42f","gpioa":0,"gpiob":0,"gpioc":32768,"gpiod":16760,"gpioe":4352,"modeltime":0,"type":"gpio"}
,[24.4.2023 | 21:21:8] {"client-id":"458139a0-f182-4a80-8b9a-a4501db3f42f","gpioa":0,"gpiob":0,"gpioc":32768,"gpiod":16760,"gpioe":4352,"modeltime":0,"type":"gpio"}
,[24.4.2023 | 21:21:8] {"client-id":"458139a0-f182-4a80-8b9a-a4501db3f42f","gpioa":0,"gpiob":0,"gpioc":32768,"gpiod":16760,"gpioe":4352,"modeltime":0,"type":"gpio"}
,[24.4.2023 | 21:21:9] {"client-id":"458139a0-f182-4a80-8b9a-a4501db3f42f","gpioa":0,"gpiob":0,"gpioc":32768,"gpiod":16760,"gpioe":4352,"modeltime":0,"type":"gpio"}
,[24.4.2023 | 21:21:9] {"client-id":"458139a0-f182-4a80-8b9a-a4501db3f42f","gpioa":0,"gpiob":0,"gpioc":32768,"gpiod":16760,"gpioe":4352,"modeltime":0,"type":"gpio"}
,[24.4.2023 | 21:21:9] {"client-id":"458139a0-f182-4a80-8b9a-a4501db3f42f","gpioa":0,"gpiob":0,"gpioc":32768,"gpiod":16760,"gpioe":4352,"modeltime":0,"type":"gpio"}
,[24.4.2023 | 21:21:9] {"client-id":"458139a0-f182-4a80-8b9a-a4501db3f42f","gpioa":0,"gpiob":0,"gpioc":32768,"gpiod":16760,"gpioe":4352,"modeltime":0,"type":"gpio"}
,[24.4.2023 | 21:21:9] {"client-id":"458139a0-f182-4a80-8b9a-a4501db3f42f","gpioa":0,"gpiob":0,"gpioc":32768,"gpiod":16760,"gpioe":4352,"modeltime":0,"type":"gpio"}
,[24.4.2023 | 21:21:9] {"client-id":"458139a0-f182-4a80-8b9a-a4501db3f42f","gpioa":0,"gpiob":0,"gpioc":32768,"gpiod":16760,"gpioe":4352,"modeltime":0,"type":"gpio"}
,[24.4.2023 | 21:21:9] {"client-id":"458139a0-f182-4a80-8b9a-a4501db3f42f","gpioa":0,"gpiob":0,"gpioc":32768,"gpiod":16760,"gpioe":4352,"modeltime":0,"type":"gpio"}
,[24.4.2023 | 21:21:9] {"client-id":"458139a0-f182-4a80-8b9a-a4501db3f42f","gpioa":0,"gpiob":0,"gpioc":32768,"gpiod":16760,"gpioe":4352,"modeltime":0,"type":"gpio"}
,[24.4.2023 | 21:21:9] {"client-id":"458139a0-f182-4a80-8b9a-a4501db3f42f","gpioa":0,"gpiob":0,"gpioc":32768,"gpiod":16760,"gpioe":4352,"modeltime":0,"type":"gpio"}
,[24.4.2023 | 21:21:9] {"client-id":"458139a0-f182-4a80-8b9a-a4501db3f42f","gpioa":0,"gpiob":0,"gpioc":32768,"gpiod":16760,"gpioe":4352,"modeltime":0,"type":"gpio"}
,[24.4.2023 | 21:21:10] {"client-id":"458139a0-f182-4a80-8b9a-a4501db3f42f","gpioa":0,"gpiob":0,"gpioc":32768,"gpiod":16760,"gpioe":4352,"modeltime":0,"type":"gpio"}
,[24.4.2023 | 21:21:10] {"client-id":"458139a0-f182-4a80-8b9a-a4501db3f42f","gpioa":0,"gpiob":0,"gpioc":32768,"gpiod":16760,"gpioe":4352,"modeltime":0,"type":"gpio"}
,[24.4.2023 | 21:21:10] {"client-id":"458139a0-f182-4a80-8b9a-a4501db3f42f","gpioa":0,"gpiob":0,"gpioc":32768,"gpiod":16760,"gpioe":4352,"modeltime":0,"type":"gpio"}
,[24.4.2023 | 21:21:10] {"client-id":"458139a0-f182-4a80-8b9a-a4501db3f42f","gpioa":0,"gpiob":0,"gpioc":32768,"gpiod":16760,"gpioe":4352,"modeltime":0,"type":"gpio"}
,[24.4.2023 | 21:21:10] {"client-id":"458139a0-f182-4a80-8b9a-a4501db3f42f","gpioa":0,"gpiob":0,"gpioc":32768,"gpiod":16760,"gpioe":4352,"modeltime":0,"type":"gpio"}
,[24.4.2023 | 21:21:10] {"client-id":"458139a0-f182-4a80-8b9a-a4501db3f42f","gpioa":0,"gpiob":0,"gpioc":32768,"gpiod":16760,"gpioe":4352,"modeltime":0,"type":"gpio"}
,[24.4.2023 | 21:21:10] {"client-id":"458139a0-f182-4a80-8b9a-a4501db3f42f","gpioa":0,"gpiob":0,"gpioc":32768,"gpiod":16760,"gpioe":4352,"modeltime":0,"type":"gpio"}
,[24.4.2023 | 21:21:10] {"client-id":"458139a0-f182-4a80-8b9a-a4501db3f42f","gpioa":0,"gpiob":0,"gpioc":32768,"gpiod":16760,"gpioe":4352,"modeltime":0,"type":"gpio"}
,[24.4.2023 | 21:21:10] {"client-id":"458139a0-f182-4a80-8b9a-a4501db3f42f","gpioa":0,"gpiob":0,"gpioc":32768,"gpiod":16760,"gpioe":4352,"modeltime":0,"type":"gpio"}
,[24.4.2023 | 21:21:10] {"client-id":"458139a0-f182-4a80-8b9a-a4501db3f42f","gpioa":0,"gpiob":0,"gpioc":32768,"gpiod":16760,"gpioe":4352,"modeltime":0,"type":"gpio"}
,[24.4.2023 | 21:21:11] {"client-id":"458139a0-f182-4a80-8b9a-a4501db3f42f","gpioa":0,"gpiob":0,"gpioc":32768,"gpiod":16760,"gpioe":4352,"modeltime":0,"type":"gpio"}
,[24.4.2023 | 21:21:11] {"client-id":"458139a0-f182-4a80-8b9a-a4501db3f42f","gpioa":0,"gpiob":0,"gpioc":32768,"gpiod":16760,"gpioe":4352,"modeltime":0,"type":"gpio"}
,[24.4.2023 | 21:21:11] {"client-id":"458139a0-f182-4a80-8b9a-a4501db3f42f","gpioa":0,"gpiob":0,"gpioc":32768,"gpiod":16760,"gpioe":4352,"modeltime":0,"type":"gpio"}
,[24.4.2023 | 21:21:11] {"client-id":"458139a0-f182-4a80-8b9a-a4501db3f42f","gpioa":0,"gpiob":0,"gpioc":32768,"gpiod":16760,"gpioe":4352,"modeltime":0,"type":"gpio"}
,[24.4.2023 | 21:21:11] {"client-id":"458139a0-f182-4a80-8b9a-a4501db3f42f","gpioa":0,"gpiob":0,"gpioc":32768,"gpiod":16760,"gpioe":4352,"modeltime":0,"type":"gpio"}
,[24.4.2023 | 21:21:11] {"client-id":"458139a0-f182-4a80-8b9a-a4501db3f42f","gpioa":0,"gpiob":0,"gpioc":32768,"gpiod":16760,"gpioe":4352,"modeltime":0,"type":"gpio"}
,[24.4.2023 | 21:21:11] {"client-id":"458139a0-f182-4a80-8b9a-a4501db3f42f","gpioa":0,"gpiob":0,"gpioc":32768,"gpiod":16760,"gpioe":4352,"modeltime":0,"type":"gpio"}
,[24.4.2023 | 21:21:11] {"client-id":"458139a0-f182-4a80-8b9a-a4501db3f42f","gpioa":0,"gpiob":0,"gpioc":32768,"gpiod":16760,"gpioe":4352,"modeltime":0,"type":"gpio"}
,[24.4.2023 | 21:21:11] {"client-id":"458139a0-f182-4a80-8b9a-a4501db3f42f","gpioa":0,"gpiob":0,"gpioc":32768,"gpiod":16760,"gpioe":4352,"modeltime":0,"type":"gpio"}
,[24.4.2023 | 21:21:12] {"client-id":"458139a0-f182-4a80-8b9a-a4501db3f42f","gpioa":0,"gpiob":0,"gpioc":32768,"gpiod":16760,"gpioe":4352,"modeltime":0,"type":"gpio"}
,[24.4.2023 | 21:21:12] {"client-id":"458139a0-f182-4a80-8b9a-a4501db3f42f","gpioa":0,"gpiob":0,"gpioc":32768,"gpiod":16760,"gpioe":4352,"modeltime":0,"type":"gpio"}
,[24.4.2023 | 21:21:12] {"client-id":"458139a0-f182-4a80-8b9a-a4501db3f42f","gpioa":0,"gpiob":0,"gpioc":32768,"gpiod":16760,"gpioe":4352,"modeltime":0,"type":"gpio"}
,[24.4.2023 | 21:21:12] {"client-id":"458139a0-f182-4a80-8b9a-a4501db3f42f","gpioa":0,"gpiob":0,"gpioc":32768,"gpiod":16760,"gpioe":4352,"modeltime":0,"type":"gpio"}
,[24.4.2023 | 21:21:12] {"client-id":"458139a0-f182-4a80-8b9a-a4501db3f42f","gpioa":0,"gpiob":0,"gpioc":32768,"gpiod":16760,"gpioe":4352,"modeltime":0,"type":"gpio"}
