Victor
Smirnov
e7302a803b16771aadf2fa464b31ca6f
[26.4.2023 | 15:24:35] {"type":"cmd","data":"run"}
,[26.4.2023 | 15:24:35] {"client-id":"5fa70df9-f0d0-479c-86db-faf3180cb8bd","gpioa":0,"gpiob":0,"gpioc":32768,"gpiod":0,"gpioe":0,"modeltime":0,"type":"gpio"}
,[26.4.2023 | 15:24:35] {"client-id":"5fa70df9-f0d0-479c-86db-faf3180cb8bd","gpioa":0,"gpiob":0,"gpioc":32768,"gpiod":0,"gpioe":0,"modeltime":0,"type":"gpio"}
,[26.4.2023 | 15:24:35] {"client-id":"5fa70df9-f0d0-479c-86db-faf3180cb8bd","gpioa":0,"gpiob":0,"gpioc":32768,"gpiod":0,"gpioe":0,"modeltime":0,"type":"gpio"}
,[26.4.2023 | 15:24:36] {"client-id":"5fa70df9-f0d0-479c-86db-faf3180cb8bd","gpioa":0,"gpiob":0,"gpioc":32768,"gpiod":0,"gpioe":0,"modeltime":0,"type":"gpio"}
,[26.4.2023 | 15:24:36] {"client-id":"5fa70df9-f0d0-479c-86db-faf3180cb8bd","gpioa":0,"gpiob":0,"gpioc":32768,"gpiod":0,"gpioe":0,"modeltime":0,"type":"gpio"}
,[26.4.2023 | 15:24:36] {"client-id":"5fa70df9-f0d0-479c-86db-faf3180cb8bd","gpioa":0,"gpiob":0,"gpioc":32768,"gpiod":6144,"gpioe":0,"modeltime":0,"type":"gpio"}
,[26.4.2023 | 15:24:36] {"client-id":"5fa70df9-f0d0-479c-86db-faf3180cb8bd","gpioa":0,"gpiob":0,"gpioc":32768,"gpiod":6144,"gpioe":0,"modeltime":0,"type":"gpio"}
,[26.4.2023 | 15:24:36] {"client-id":"5fa70df9-f0d0-479c-86db-faf3180cb8bd","gpioa":0,"gpiob":0,"gpioc":32768,"gpiod":6144,"gpioe":0,"modeltime":0,"type":"gpio"}
,[26.4.2023 | 15:24:36] {"client-id":"5fa70df9-f0d0-479c-86db-faf3180cb8bd","gpioa":0,"gpiob":0,"gpioc":32768,"gpiod":6144,"gpioe":0,"modeltime":0,"type":"gpio"}
,[26.4.2023 | 15:24:36] {"client-id":"5fa70df9-f0d0-479c-86db-faf3180cb8bd","gpioa":0,"gpiob":0,"gpioc":32768,"gpiod":6144,"gpioe":0,"modeltime":0,"type":"gpio"}
,[26.4.2023 | 15:24:36] {"client-id":"5fa70df9-f0d0-479c-86db-faf3180cb8bd","gpioa":0,"gpiob":0,"gpioc":32768,"gpiod":2560,"gpioe":0,"modeltime":0,"type":"gpio"}
,[26.4.2023 | 15:24:36] {"client-id":"5fa70df9-f0d0-479c-86db-faf3180cb8bd","gpioa":0,"gpiob":0,"gpioc":32768,"gpiod":2560,"gpioe":0,"modeltime":0,"type":"gpio"}
,[26.4.2023 | 15:24:36] {"client-id":"5fa70df9-f0d0-479c-86db-faf3180cb8bd","gpioa":0,"gpiob":0,"gpioc":32768,"gpiod":2560,"gpioe":0,"modeltime":0,"type":"gpio"}
,[26.4.2023 | 15:24:37] {"client-id":"5fa70df9-f0d0-479c-86db-faf3180cb8bd","gpioa":0,"gpiob":0,"gpioc":32768,"gpiod":2560,"gpioe":0,"modeltime":0,"type":"gpio"}
,[26.4.2023 | 15:24:37] {"client-id":"5fa70df9-f0d0-479c-86db-faf3180cb8bd","gpioa":0,"gpiob":0,"gpioc":32768,"gpiod":2560,"gpioe":0,"modeltime":0,"type":"gpio"}
,[26.4.2023 | 15:24:37] {"client-id":"5fa70df9-f0d0-479c-86db-faf3180cb8bd","gpioa":0,"gpiob":0,"gpioc":32768,"gpiod":768,"gpioe":0,"modeltime":0,"type":"gpio"}
,[26.4.2023 | 15:24:37] {"client-id":"5fa70df9-f0d0-479c-86db-faf3180cb8bd","gpioa":0,"gpiob":0,"gpioc":32768,"gpiod":768,"gpioe":0,"modeltime":0,"type":"gpio"}
,[26.4.2023 | 15:24:37] {"client-id":"5fa70df9-f0d0-479c-86db-faf3180cb8bd","gpioa":0,"gpiob":0,"gpioc":32768,"gpiod":768,"gpioe":0,"modeltime":0,"type":"gpio"}
,[26.4.2023 | 15:24:37] {"client-id":"5fa70df9-f0d0-479c-86db-faf3180cb8bd","gpioa":0,"gpiob":0,"gpioc":32768,"gpiod":768,"gpioe":0,"modeltime":0,"type":"gpio"}
,[26.4.2023 | 15:24:37] {"client-id":"5fa70df9-f0d0-479c-86db-faf3180cb8bd","gpioa":0,"gpiob":0,"gpioc":32768,"gpiod":768,"gpioe":0,"modeltime":0,"type":"gpio"}
,[26.4.2023 | 15:24:37] {"client-id":"5fa70df9-f0d0-479c-86db-faf3180cb8bd","gpioa":0,"gpiob":0,"gpioc":32768,"gpiod":320,"gpioe":0,"modeltime":0,"type":"gpio"}
,[26.4.2023 | 15:24:37] {"client-id":"5fa70df9-f0d0-479c-86db-faf3180cb8bd","gpioa":0,"gpiob":0,"gpioc":32768,"gpiod":320,"gpioe":0,"modeltime":0,"type":"gpio"}
,[26.4.2023 | 15:24:37] {"client-id":"5fa70df9-f0d0-479c-86db-faf3180cb8bd","gpioa":0,"gpiob":0,"gpioc":32768,"gpiod":320,"gpioe":0,"modeltime":0,"type":"gpio"}
,[26.4.2023 | 15:24:38] {"client-id":"5fa70df9-f0d0-479c-86db-faf3180cb8bd","gpioa":0,"gpiob":0,"gpioc":32768,"gpiod":320,"gpioe":0,"modeltime":0,"type":"gpio"}
,[26.4.2023 | 15:24:38] {"client-id":"5fa70df9-f0d0-479c-86db-faf3180cb8bd","gpioa":0,"gpiob":0,"gpioc":32768,"gpiod":320,"gpioe":0,"modeltime":0,"type":"gpio"}
,[26.4.2023 | 15:24:38] {"client-id":"5fa70df9-f0d0-479c-86db-faf3180cb8bd","gpioa":0,"gpiob":0,"gpioc":32768,"gpiod":96,"gpioe":0,"modeltime":0,"type":"gpio"}
,[26.4.2023 | 15:24:38] {"client-id":"5fa70df9-f0d0-479c-86db-faf3180cb8bd","gpioa":0,"gpiob":0,"gpioc":32768,"gpiod":96,"gpioe":0,"modeltime":0,"type":"gpio"}
,[26.4.2023 | 15:24:38] {"client-id":"5fa70df9-f0d0-479c-86db-faf3180cb8bd","gpioa":0,"gpiob":0,"gpioc":32768,"gpiod":96,"gpioe":0,"modeltime":0,"type":"gpio"}
,[26.4.2023 | 15:24:38] {"client-id":"5fa70df9-f0d0-479c-86db-faf3180cb8bd","gpioa":0,"gpiob":0,"gpioc":32768,"gpiod":96,"gpioe":0,"modeltime":0,"type":"gpio"}
,[26.4.2023 | 15:24:38] {"client-id":"5fa70df9-f0d0-479c-86db-faf3180cb8bd","gpioa":0,"gpiob":0,"gpioc":32768,"gpiod":96,"gpioe":0,"modeltime":0,"type":"gpio"}
,[26.4.2023 | 15:24:38] {"client-id":"5fa70df9-f0d0-479c-86db-faf3180cb8bd","gpioa":0,"gpiob":0,"gpioc":32768,"gpiod":48,"gpioe":0,"modeltime":0,"type":"gpio"}
,[26.4.2023 | 15:24:38] {"client-id":"5fa70df9-f0d0-479c-86db-faf3180cb8bd","gpioa":0,"gpiob":0,"gpioc":32768,"gpiod":48,"gpioe":0,"modeltime":0,"type":"gpio"}
,[26.4.2023 | 15:24:38] {"client-id":"5fa70df9-f0d0-479c-86db-faf3180cb8bd","gpioa":0,"gpiob":0,"gpioc":32768,"gpiod":48,"gpioe":0,"modeltime":0,"type":"gpio"}
,[26.4.2023 | 15:24:39] {"client-id":"5fa70df9-f0d0-479c-86db-faf3180cb8bd","gpioa":0,"gpiob":0,"gpioc":32768,"gpiod":48,"gpioe":0,"modeltime":0,"type":"gpio"}
,[26.4.2023 | 15:24:39] {"client-id":"5fa70df9-f0d0-479c-86db-faf3180cb8bd","gpioa":0,"gpiob":0,"gpioc":32768,"gpiod":48,"gpioe":0,"modeltime":0,"type":"gpio"}
,[26.4.2023 | 15:24:39] {"client-id":"5fa70df9-f0d0-479c-86db-faf3180cb8bd","gpioa":0,"gpiob":0,"gpioc":32768,"gpiod":24,"gpioe":0,"modeltime":0,"type":"gpio"}
,[26.4.2023 | 15:24:39] {"client-id":"5fa70df9-f0d0-479c-86db-faf3180cb8bd","gpioa":0,"gpiob":0,"gpioc":32768,"gpiod":24,"gpioe":0,"modeltime":0,"type":"gpio"}
,[26.4.2023 | 15:24:39] {"client-id":"5fa70df9-f0d0-479c-86db-faf3180cb8bd","gpioa":0,"gpiob":0,"gpioc":32768,"gpiod":24,"gpioe":0,"modeltime":0,"type":"gpio"}
,[26.4.2023 | 15:24:39] {"client-id":"5fa70df9-f0d0-479c-86db-faf3180cb8bd","gpioa":0,"gpiob":0,"gpioc":32768,"gpiod":24,"gpioe":0,"modeltime":0,"type":"gpio"}
,[26.4.2023 | 15:24:39] {"client-id":"5fa70df9-f0d0-479c-86db-faf3180cb8bd","gpioa":0,"gpiob":0,"gpioc":32768,"gpiod":24,"gpioe":0,"modeltime":0,"type":"gpio"}
,[26.4.2023 | 15:24:39] {"client-id":"5fa70df9-f0d0-479c-86db-faf3180cb8bd","gpioa":0,"gpiob":0,"gpioc":32768,"gpiod":48,"gpioe":0,"modeltime":0,"type":"gpio"}
,[26.4.2023 | 15:24:39] {"client-id":"5fa70df9-f0d0-479c-86db-faf3180cb8bd","gpioa":0,"gpiob":0,"gpioc":32768,"gpiod":48,"gpioe":0,"modeltime":0,"type":"gpio"}
,[26.4.2023 | 15:24:39] {"client-id":"5fa70df9-f0d0-479c-86db-faf3180cb8bd","gpioa":0,"gpiob":0,"gpioc":32768,"gpiod":48,"gpioe":0,"modeltime":0,"type":"gpio"}
,[26.4.2023 | 15:24:40] {"client-id":"5fa70df9-f0d0-479c-86db-faf3180cb8bd","gpioa":0,"gpiob":0,"gpioc":32768,"gpiod":48,"gpioe":0,"modeltime":0,"type":"gpio"}
,[26.4.2023 | 15:24:40] {"client-id":"5fa70df9-f0d0-479c-86db-faf3180cb8bd","gpioa":0,"gpiob":0,"gpioc":32768,"gpiod":48,"gpioe":0,"modeltime":0,"type":"gpio"}
,[26.4.2023 | 15:24:40] {"client-id":"5fa70df9-f0d0-479c-86db-faf3180cb8bd","gpioa":0,"gpiob":0,"gpioc":32768,"gpiod":96,"gpioe":0,"modeltime":0,"type":"gpio"}
,[26.4.2023 | 15:24:40] {"client-id":"5fa70df9-f0d0-479c-86db-faf3180cb8bd","gpioa":0,"gpiob":0,"gpioc":32768,"gpiod":96,"gpioe":0,"modeltime":0,"type":"gpio"}
,[26.4.2023 | 15:24:40] {"client-id":"5fa70df9-f0d0-479c-86db-faf3180cb8bd","gpioa":0,"gpiob":0,"gpioc":32768,"gpiod":96,"gpioe":0,"modeltime":0,"type":"gpio"}
,[26.4.2023 | 15:24:40] {"client-id":"5fa70df9-f0d0-479c-86db-faf3180cb8bd","gpioa":0,"gpiob":0,"gpioc":32768,"gpiod":96,"gpioe":0,"modeltime":0,"type":"gpio"}
,[26.4.2023 | 15:24:40] {"client-id":"5fa70df9-f0d0-479c-86db-faf3180cb8bd","gpioa":0,"gpiob":0,"gpioc":32768,"gpiod":96,"gpioe":0,"modeltime":0,"type":"gpio"}
,[26.4.2023 | 15:24:40] {"client-id":"5fa70df9-f0d0-479c-86db-faf3180cb8bd","gpioa":0,"gpiob":0,"gpioc":32768,"gpiod":320,"gpioe":0,"modeltime":0,"type":"gpio"}
,[26.4.2023 | 15:24:40] {"client-id":"5fa70df9-f0d0-479c-86db-faf3180cb8bd","gpioa":0,"gpiob":0,"gpioc":32768,"gpiod":320,"gpioe":0,"modeltime":0,"type":"gpio"}
,[26.4.2023 | 15:24:40] {"client-id":"5fa70df9-f0d0-479c-86db-faf3180cb8bd","gpioa":0,"gpiob":0,"gpioc":32768,"gpiod":320,"gpioe":0,"modeltime":0,"type":"gpio"}
,[26.4.2023 | 15:24:41] {"client-id":"5fa70df9-f0d0-479c-86db-faf3180cb8bd","gpioa":0,"gpiob":0,"gpioc":32768,"gpiod":320,"gpioe":0,"modeltime":0,"type":"gpio"}
,[26.4.2023 | 15:24:41] {"client-id":"5fa70df9-f0d0-479c-86db-faf3180cb8bd","gpioa":0,"gpiob":0,"gpioc":32768,"gpiod":320,"gpioe":0,"modeltime":0,"type":"gpio"}
,[26.4.2023 | 15:24:41] {"client-id":"5fa70df9-f0d0-479c-86db-faf3180cb8bd","gpioa":0,"gpiob":0,"gpioc":32768,"gpiod":768,"gpioe":0,"modeltime":0,"type":"gpio"}
,[26.4.2023 | 15:24:41] {"client-id":"5fa70df9-f0d0-479c-86db-faf3180cb8bd","gpioa":0,"gpiob":0,"gpioc":32768,"gpiod":768,"gpioe":0,"modeltime":0,"type":"gpio"}
,[26.4.2023 | 15:24:41] {"client-id":"5fa70df9-f0d0-479c-86db-faf3180cb8bd","gpioa":0,"gpiob":0,"gpioc":32768,"gpiod":768,"gpioe":0,"modeltime":0,"type":"gpio"}
,[26.4.2023 | 15:24:41] {"client-id":"5fa70df9-f0d0-479c-86db-faf3180cb8bd","gpioa":0,"gpiob":0,"gpioc":32768,"gpiod":768,"gpioe":0,"modeltime":0,"type":"gpio"}
,[26.4.2023 | 15:24:41] {"client-id":"5fa70df9-f0d0-479c-86db-faf3180cb8bd","gpioa":0,"gpiob":0,"gpioc":32768,"gpiod":768,"gpioe":0,"modeltime":0,"type":"gpio"}
,[26.4.2023 | 15:24:41] {"client-id":"5fa70df9-f0d0-479c-86db-faf3180cb8bd","gpioa":0,"gpiob":0,"gpioc":32768,"gpiod":2560,"gpioe":0,"modeltime":0,"type":"gpio"}
,[26.4.2023 | 15:24:41] {"client-id":"5fa70df9-f0d0-479c-86db-faf3180cb8bd","gpioa":0,"gpiob":0,"gpioc":32768,"gpiod":2560,"gpioe":0,"modeltime":0,"type":"gpio"}
,[26.4.2023 | 15:24:41] {"client-id":"5fa70df9-f0d0-479c-86db-faf3180cb8bd","gpioa":0,"gpiob":0,"gpioc":32768,"gpiod":2560,"gpioe":0,"modeltime":0,"type":"gpio"}
,[26.4.2023 | 15:24:42] {"client-id":"5fa70df9-f0d0-479c-86db-faf3180cb8bd","gpioa":0,"gpiob":0,"gpioc":32768,"gpiod":2560,"gpioe":0,"modeltime":0,"type":"gpio"}
,[26.4.2023 | 15:24:42] {"client-id":"5fa70df9-f0d0-479c-86db-faf3180cb8bd","gpioa":0,"gpiob":0,"gpioc":32768,"gpiod":2560,"gpioe":0,"modeltime":0,"type":"gpio"}
,[26.4.2023 | 15:24:42] {"client-id":"5fa70df9-f0d0-479c-86db-faf3180cb8bd","gpioa":0,"gpiob":0,"gpioc":32768,"gpiod":6144,"gpioe":0,"modeltime":0,"type":"gpio"}
,[26.4.2023 | 15:24:42] {"client-id":"5fa70df9-f0d0-479c-86db-faf3180cb8bd","gpioa":0,"gpiob":0,"gpioc":32768,"gpiod":6144,"gpioe":0,"modeltime":0,"type":"gpio"}
,[26.4.2023 | 15:24:42] {"client-id":"5fa70df9-f0d0-479c-86db-faf3180cb8bd","gpioa":0,"gpiob":0,"gpioc":32768,"gpiod":6144,"gpioe":0,"modeltime":0,"type":"gpio"}
,[26.4.2023 | 15:24:42] {"client-id":"5fa70df9-f0d0-479c-86db-faf3180cb8bd","gpioa":0,"gpiob":0,"gpioc":32768,"gpiod":6144,"gpioe":0,"modeltime":0,"type":"gpio"}
,[26.4.2023 | 15:24:42] {"client-id":"5fa70df9-f0d0-479c-86db-faf3180cb8bd","gpioa":0,"gpiob":0,"gpioc":32768,"gpiod":6144,"gpioe":0,"modeltime":0,"type":"gpio"}
,[26.4.2023 | 15:24:42] {"client-id":"5fa70df9-f0d0-479c-86db-faf3180cb8bd","gpioa":0,"gpiob":0,"gpioc":32768,"gpiod":2560,"gpioe":0,"modeltime":0,"type":"gpio"}
,[26.4.2023 | 15:24:42] {"client-id":"5fa70df9-f0d0-479c-86db-faf3180cb8bd","gpioa":0,"gpiob":0,"gpioc":32768,"gpiod":2560,"gpioe":0,"modeltime":0,"type":"gpio"}
,[26.4.2023 | 15:24:43] {"client-id":"5fa70df9-f0d0-479c-86db-faf3180cb8bd","gpioa":0,"gpiob":0,"gpioc":32768,"gpiod":2560,"gpioe":0,"modeltime":0,"type":"gpio"}
,[26.4.2023 | 15:24:43] {"client-id":"5fa70df9-f0d0-479c-86db-faf3180cb8bd","gpioa":0,"gpiob":0,"gpioc":32768,"gpiod":2560,"gpioe":0,"modeltime":0,"type":"gpio"}
,[26.4.2023 | 15:24:43] {"client-id":"5fa70df9-f0d0-479c-86db-faf3180cb8bd","gpioa":0,"gpiob":0,"gpioc":32768,"gpiod":2560,"gpioe":0,"modeltime":0,"type":"gpio"}
,[26.4.2023 | 15:24:43] {"client-id":"5fa70df9-f0d0-479c-86db-faf3180cb8bd","gpioa":0,"gpiob":0,"gpioc":32768,"gpiod":768,"gpioe":0,"modeltime":0,"type":"gpio"}
,[26.4.2023 | 15:24:43] {"client-id":"5fa70df9-f0d0-479c-86db-faf3180cb8bd","gpioa":0,"gpiob":0,"gpioc":32768,"gpiod":768,"gpioe":0,"modeltime":0,"type":"gpio"}
,[26.4.2023 | 15:24:43] {"client-id":"5fa70df9-f0d0-479c-86db-faf3180cb8bd","gpioa":0,"gpiob":0,"gpioc":32768,"gpiod":768,"gpioe":0,"modeltime":0,"type":"gpio"}
,[26.4.2023 | 15:24:43] {"client-id":"5fa70df9-f0d0-479c-86db-faf3180cb8bd","gpioa":0,"gpiob":0,"gpioc":32768,"gpiod":768,"gpioe":0,"modeltime":0,"type":"gpio"}
,[26.4.2023 | 15:24:43] {"client-id":"5fa70df9-f0d0-479c-86db-faf3180cb8bd","gpioa":0,"gpiob":0,"gpioc":32768,"gpiod":768,"gpioe":0,"modeltime":0,"type":"gpio"}
,[26.4.2023 | 15:24:43] {"client-id":"5fa70df9-f0d0-479c-86db-faf3180cb8bd","gpioa":0,"gpiob":0,"gpioc":32768,"gpiod":320,"gpioe":0,"modeltime":0,"type":"gpio"}
,[26.4.2023 | 15:24:43] {"client-id":"5fa70df9-f0d0-479c-86db-faf3180cb8bd","gpioa":0,"gpiob":0,"gpioc":32768,"gpiod":320,"gpioe":0,"modeltime":0,"type":"gpio"}
,[26.4.2023 | 15:24:44] {"client-id":"5fa70df9-f0d0-479c-86db-faf3180cb8bd","gpioa":0,"gpiob":0,"gpioc":32768,"gpiod":320,"gpioe":0,"modeltime":0,"type":"gpio"}
,[26.4.2023 | 15:24:44] {"client-id":"5fa70df9-f0d0-479c-86db-faf3180cb8bd","gpioa":0,"gpiob":0,"gpioc":32768,"gpiod":320,"gpioe":0,"modeltime":0,"type":"gpio"}
,[26.4.2023 | 15:24:44] {"client-id":"5fa70df9-f0d0-479c-86db-faf3180cb8bd","gpioa":0,"gpiob":0,"gpioc":32768,"gpiod":320,"gpioe":0,"modeltime":0,"type":"gpio"}
,[26.4.2023 | 15:24:44] {"client-id":"5fa70df9-f0d0-479c-86db-faf3180cb8bd","gpioa":0,"gpiob":0,"gpioc":32768,"gpiod":96,"gpioe":4096,"modeltime":0,"type":"gpio"}
,[26.4.2023 | 15:24:44] {"client-id":"5fa70df9-f0d0-479c-86db-faf3180cb8bd","gpioa":0,"gpiob":0,"gpioc":32768,"gpiod":96,"gpioe":4096,"modeltime":0,"type":"gpio"}
,[26.4.2023 | 15:24:44] {"client-id":"5fa70df9-f0d0-479c-86db-faf3180cb8bd","gpioa":0,"gpiob":0,"gpioc":32768,"gpiod":96,"gpioe":4096,"modeltime":0,"type":"gpio"}
,[26.4.2023 | 15:24:44] {"client-id":"5fa70df9-f0d0-479c-86db-faf3180cb8bd","gpioa":0,"gpiob":0,"gpioc":32768,"gpiod":96,"gpioe":4096,"modeltime":0,"type":"gpio"}
,[26.4.2023 | 15:24:44] {"client-id":"5fa70df9-f0d0-479c-86db-faf3180cb8bd","gpioa":0,"gpiob":0,"gpioc":32768,"gpiod":96,"gpioe":4096,"modeltime":0,"type":"gpio"}
,[26.4.2023 | 15:24:44] {"client-id":"5fa70df9-f0d0-479c-86db-faf3180cb8bd","gpioa":0,"gpiob":0,"gpioc":32768,"gpiod":48,"gpioe":4096,"modeltime":0,"type":"gpio"}
,[26.4.2023 | 15:24:44] {"client-id":"5fa70df9-f0d0-479c-86db-faf3180cb8bd","gpioa":0,"gpiob":0,"gpioc":32768,"gpiod":48,"gpioe":4096,"modeltime":0,"type":"gpio"}
,[26.4.2023 | 15:24:45] {"client-id":"5fa70df9-f0d0-479c-86db-faf3180cb8bd","gpioa":0,"gpiob":0,"gpioc":32768,"gpiod":48,"gpioe":4096,"modeltime":0,"type":"gpio"}
,[26.4.2023 | 15:24:45] {"client-id":"5fa70df9-f0d0-479c-86db-faf3180cb8bd","gpioa":0,"gpiob":0,"gpioc":32768,"gpiod":48,"gpioe":4096,"modeltime":0,"type":"gpio"}
,[26.4.2023 | 15:24:45] {"client-id":"5fa70df9-f0d0-479c-86db-faf3180cb8bd","gpioa":0,"gpiob":0,"gpioc":32768,"gpiod":48,"gpioe":4096,"modeltime":0,"type":"gpio"}
,[26.4.2023 | 15:24:45] {"client-id":"5fa70df9-f0d0-479c-86db-faf3180cb8bd","gpioa":0,"gpiob":0,"gpioc":32768,"gpiod":24,"gpioe":4096,"modeltime":0,"type":"gpio"}
,[26.4.2023 | 15:24:45] {"client-id":"5fa70df9-f0d0-479c-86db-faf3180cb8bd","gpioa":0,"gpiob":0,"gpioc":32768,"gpiod":24,"gpioe":4096,"modeltime":0,"type":"gpio"}
,[26.4.2023 | 15:24:45] {"client-id":"5fa70df9-f0d0-479c-86db-faf3180cb8bd","gpioa":0,"gpiob":0,"gpioc":32768,"gpiod":24,"gpioe":4096,"modeltime":0,"type":"gpio"}
,[26.4.2023 | 15:24:45] {"client-id":"5fa70df9-f0d0-479c-86db-faf3180cb8bd","gpioa":0,"gpiob":0,"gpioc":32768,"gpiod":24,"gpioe":4096,"modeltime":0,"type":"gpio"}
,[26.4.2023 | 15:24:45] {"client-id":"5fa70df9-f0d0-479c-86db-faf3180cb8bd","gpioa":0,"gpiob":0,"gpioc":32768,"gpiod":24,"gpioe":4096,"modeltime":0,"type":"gpio"}
,[26.4.2023 | 15:24:45] {"client-id":"5fa70df9-f0d0-479c-86db-faf3180cb8bd","gpioa":0,"gpiob":0,"gpioc":32768,"gpiod":48,"gpioe":4096,"modeltime":0,"type":"gpio"}
,[26.4.2023 | 15:24:45] {"client-id":"5fa70df9-f0d0-479c-86db-faf3180cb8bd","gpioa":0,"gpiob":0,"gpioc":32768,"gpiod":48,"gpioe":4096,"modeltime":0,"type":"gpio"}
,[26.4.2023 | 15:24:46] {"client-id":"5fa70df9-f0d0-479c-86db-faf3180cb8bd","gpioa":0,"gpiob":0,"gpioc":32768,"gpiod":48,"gpioe":4096,"modeltime":0,"type":"gpio"}
,[26.4.2023 | 15:24:46] {"client-id":"5fa70df9-f0d0-479c-86db-faf3180cb8bd","gpioa":0,"gpiob":0,"gpioc":32768,"gpiod":48,"gpioe":4096,"modeltime":0,"type":"gpio"}
,[26.4.2023 | 15:24:46] {"client-id":"5fa70df9-f0d0-479c-86db-faf3180cb8bd","gpioa":0,"gpiob":0,"gpioc":32768,"gpiod":48,"gpioe":4096,"modeltime":0,"type":"gpio"}
,[26.4.2023 | 15:24:46] {"client-id":"5fa70df9-f0d0-479c-86db-faf3180cb8bd","gpioa":0,"gpiob":0,"gpioc":32768,"gpiod":96,"gpioe":4096,"modeltime":0,"type":"gpio"}
,[26.4.2023 | 15:24:46] {"client-id":"5fa70df9-f0d0-479c-86db-faf3180cb8bd","gpioa":0,"gpiob":0,"gpioc":32768,"gpiod":96,"gpioe":4096,"modeltime":0,"type":"gpio"}
,[26.4.2023 | 15:24:46] {"client-id":"5fa70df9-f0d0-479c-86db-faf3180cb8bd","gpioa":0,"gpiob":0,"gpioc":32768,"gpiod":96,"gpioe":4096,"modeltime":0,"type":"gpio"}
,[26.4.2023 | 15:24:46] {"client-id":"5fa70df9-f0d0-479c-86db-faf3180cb8bd","gpioa":0,"gpiob":0,"gpioc":32768,"gpiod":96,"gpioe":4096,"modeltime":0,"type":"gpio"}
,[26.4.2023 | 15:24:46] {"client-id":"5fa70df9-f0d0-479c-86db-faf3180cb8bd","gpioa":0,"gpiob":0,"gpioc":32768,"gpiod":96,"gpioe":4096,"modeltime":0,"type":"gpio"}
,[26.4.2023 | 15:24:46] {"client-id":"5fa70df9-f0d0-479c-86db-faf3180cb8bd","gpioa":0,"gpiob":0,"gpioc":32768,"gpiod":96,"gpioe":4096,"modeltime":0,"type":"gpio"}
,[26.4.2023 | 15:24:46] {"client-id":"5fa70df9-f0d0-479c-86db-faf3180cb8bd","gpioa":0,"gpiob":0,"gpioc":32768,"gpiod":96,"gpioe":4096,"modeltime":0,"type":"gpio"}
,[26.4.2023 | 15:24:47] {"client-id":"5fa70df9-f0d0-479c-86db-faf3180cb8bd","gpioa":0,"gpiob":0,"gpioc":32768,"gpiod":96,"gpioe":4096,"modeltime":0,"type":"gpio"}
,[26.4.2023 | 15:24:47] {"client-id":"5fa70df9-f0d0-479c-86db-faf3180cb8bd","gpioa":0,"gpiob":0,"gpioc":32768,"gpiod":96,"gpioe":4096,"modeltime":0,"type":"gpio"}
,[26.4.2023 | 15:24:47] {"client-id":"5fa70df9-f0d0-479c-86db-faf3180cb8bd","gpioa":0,"gpiob":0,"gpioc":32768,"gpiod":96,"gpioe":4096,"modeltime":0,"type":"gpio"}
,[26.4.2023 | 15:24:47] {"client-id":"5fa70df9-f0d0-479c-86db-faf3180cb8bd","gpioa":0,"gpiob":0,"gpioc":32768,"gpiod":320,"gpioe":4096,"modeltime":0,"type":"gpio"}
,[26.4.2023 | 15:24:47] {"client-id":"5fa70df9-f0d0-479c-86db-faf3180cb8bd","gpioa":0,"gpiob":0,"gpioc":32768,"gpiod":320,"gpioe":4096,"modeltime":0,"type":"gpio"}
,[26.4.2023 | 15:24:47] {"client-id":"5fa70df9-f0d0-479c-86db-faf3180cb8bd","gpioa":0,"gpiob":0,"gpioc":32768,"gpiod":320,"gpioe":4096,"modeltime":0,"type":"gpio"}
,[26.4.2023 | 15:24:47] {"client-id":"5fa70df9-f0d0-479c-86db-faf3180cb8bd","gpioa":0,"gpiob":0,"gpioc":32768,"gpiod":320,"gpioe":4096,"modeltime":0,"type":"gpio"}
,[26.4.2023 | 15:24:47] {"client-id":"5fa70df9-f0d0-479c-86db-faf3180cb8bd","gpioa":0,"gpiob":0,"gpioc":32768,"gpiod":320,"gpioe":4096,"modeltime":0,"type":"gpio"}
,[26.4.2023 | 15:24:47] {"client-id":"5fa70df9-f0d0-479c-86db-faf3180cb8bd","gpioa":0,"gpiob":0,"gpioc":32768,"gpiod":768,"gpioe":4096,"modeltime":0,"type":"gpio"}
,[26.4.2023 | 15:24:47] {"client-id":"5fa70df9-f0d0-479c-86db-faf3180cb8bd","gpioa":0,"gpiob":0,"gpioc":32768,"gpiod":768,"gpioe":4096,"modeltime":0,"type":"gpio"}
,[26.4.2023 | 15:24:48] {"client-id":"5fa70df9-f0d0-479c-86db-faf3180cb8bd","gpioa":0,"gpiob":0,"gpioc":32768,"gpiod":768,"gpioe":4096,"modeltime":0,"type":"gpio"}
,[26.4.2023 | 15:24:48] {"client-id":"5fa70df9-f0d0-479c-86db-faf3180cb8bd","gpioa":0,"gpiob":0,"gpioc":32768,"gpiod":768,"gpioe":4096,"modeltime":0,"type":"gpio"}
,[26.4.2023 | 15:24:48] {"client-id":"5fa70df9-f0d0-479c-86db-faf3180cb8bd","gpioa":0,"gpiob":0,"gpioc":32768,"gpiod":768,"gpioe":4096,"modeltime":0,"type":"gpio"}
,[26.4.2023 | 15:24:48] {"client-id":"5fa70df9-f0d0-479c-86db-faf3180cb8bd","gpioa":0,"gpiob":0,"gpioc":32768,"gpiod":2560,"gpioe":5120,"modeltime":0,"type":"gpio"}
,[26.4.2023 | 15:24:48] {"client-id":"5fa70df9-f0d0-479c-86db-faf3180cb8bd","gpioa":0,"gpiob":0,"gpioc":32768,"gpiod":2560,"gpioe":5120,"modeltime":0,"type":"gpio"}
,[26.4.2023 | 15:24:48] {"client-id":"5fa70df9-f0d0-479c-86db-faf3180cb8bd","gpioa":0,"gpiob":0,"gpioc":32768,"gpiod":2560,"gpioe":5120,"modeltime":0,"type":"gpio"}
,[26.4.2023 | 15:24:48] {"client-id":"5fa70df9-f0d0-479c-86db-faf3180cb8bd","gpioa":0,"gpiob":0,"gpioc":32768,"gpiod":2560,"gpioe":5120,"modeltime":0,"type":"gpio"}
,[26.4.2023 | 15:24:48] {"client-id":"5fa70df9-f0d0-479c-86db-faf3180cb8bd","gpioa":0,"gpiob":0,"gpioc":32768,"gpiod":2560,"gpioe":5120,"modeltime":0,"type":"gpio"}
,[26.4.2023 | 15:24:48] {"client-id":"5fa70df9-f0d0-479c-86db-faf3180cb8bd","gpioa":0,"gpiob":0,"gpioc":32768,"gpiod":2560,"gpioe":5120,"modeltime":0,"type":"gpio"}
,[26.4.2023 | 15:24:48] {"client-id":"5fa70df9-f0d0-479c-86db-faf3180cb8bd","gpioa":0,"gpiob":0,"gpioc":32768,"gpiod":2560,"gpioe":5120,"modeltime":0,"type":"gpio"}
,[26.4.2023 | 15:24:49] {"client-id":"5fa70df9-f0d0-479c-86db-faf3180cb8bd","gpioa":0,"gpiob":0,"gpioc":32768,"gpiod":2560,"gpioe":5120,"modeltime":0,"type":"gpio"}
,[26.4.2023 | 15:24:49] {"client-id":"5fa70df9-f0d0-479c-86db-faf3180cb8bd","gpioa":0,"gpiob":0,"gpioc":32768,"gpiod":2560,"gpioe":5120,"modeltime":0,"type":"gpio"}
,[26.4.2023 | 15:24:49] {"client-id":"5fa70df9-f0d0-479c-86db-faf3180cb8bd","gpioa":0,"gpiob":0,"gpioc":32768,"gpiod":2560,"gpioe":5120,"modeltime":0,"type":"gpio"}
,[26.4.2023 | 15:24:49] {"client-id":"5fa70df9-f0d0-479c-86db-faf3180cb8bd","gpioa":0,"gpiob":0,"gpioc":32768,"gpiod":6144,"gpioe":5120,"modeltime":0,"type":"gpio"}
,[26.4.2023 | 15:24:49] {"client-id":"5fa70df9-f0d0-479c-86db-faf3180cb8bd","gpioa":0,"gpiob":0,"gpioc":32768,"gpiod":6144,"gpioe":5120,"modeltime":0,"type":"gpio"}
,[26.4.2023 | 15:24:49] {"client-id":"5fa70df9-f0d0-479c-86db-faf3180cb8bd","gpioa":0,"gpiob":0,"gpioc":32768,"gpiod":6144,"gpioe":5120,"modeltime":0,"type":"gpio"}
,[26.4.2023 | 15:24:49] {"client-id":"5fa70df9-f0d0-479c-86db-faf3180cb8bd","gpioa":0,"gpiob":0,"gpioc":32768,"gpiod":6144,"gpioe":5120,"modeltime":0,"type":"gpio"}
,[26.4.2023 | 15:24:49] {"client-id":"5fa70df9-f0d0-479c-86db-faf3180cb8bd","gpioa":0,"gpiob":0,"gpioc":32768,"gpiod":6144,"gpioe":5120,"modeltime":0,"type":"gpio"}
,[26.4.2023 | 15:24:49] {"client-id":"5fa70df9-f0d0-479c-86db-faf3180cb8bd","gpioa":0,"gpiob":0,"gpioc":32768,"gpiod":6144,"gpioe":5120,"modeltime":0,"type":"gpio"}
,[26.4.2023 | 15:24:49] {"client-id":"5fa70df9-f0d0-479c-86db-faf3180cb8bd","gpioa":0,"gpiob":0,"gpioc":32768,"gpiod":6144,"gpioe":5120,"modeltime":0,"type":"gpio"}
,[26.4.2023 | 15:24:50] {"client-id":"5fa70df9-f0d0-479c-86db-faf3180cb8bd","gpioa":0,"gpiob":0,"gpioc":32768,"gpiod":6144,"gpioe":5120,"modeltime":0,"type":"gpio"}
,[26.4.2023 | 15:24:50] {"client-id":"5fa70df9-f0d0-479c-86db-faf3180cb8bd","gpioa":0,"gpiob":0,"gpioc":32768,"gpiod":6144,"gpioe":5120,"modeltime":0,"type":"gpio"}
,[26.4.2023 | 15:24:50] {"client-id":"5fa70df9-f0d0-479c-86db-faf3180cb8bd","gpioa":0,"gpiob":0,"gpioc":32768,"gpiod":6144,"gpioe":5120,"modeltime":0,"type":"gpio"}
,[26.4.2023 | 15:24:50] {"client-id":"5fa70df9-f0d0-479c-86db-faf3180cb8bd","gpioa":0,"gpiob":0,"gpioc":32768,"gpiod":2560,"gpioe":5120,"modeltime":0,"type":"gpio"}
,[26.4.2023 | 15:24:50] {"client-id":"5fa70df9-f0d0-479c-86db-faf3180cb8bd","gpioa":0,"gpiob":0,"gpioc":32768,"gpiod":2560,"gpioe":5120,"modeltime":0,"type":"gpio"}
,[26.4.2023 | 15:24:50] {"client-id":"5fa70df9-f0d0-479c-86db-faf3180cb8bd","gpioa":0,"gpiob":0,"gpioc":32768,"gpiod":2560,"gpioe":5120,"modeltime":0,"type":"gpio"}
,[26.4.2023 | 15:24:50] {"client-id":"5fa70df9-f0d0-479c-86db-faf3180cb8bd","gpioa":0,"gpiob":0,"gpioc":32768,"gpiod":2560,"gpioe":5120,"modeltime":0,"type":"gpio"}
,[26.4.2023 | 15:24:50] {"client-id":"5fa70df9-f0d0-479c-86db-faf3180cb8bd","gpioa":0,"gpiob":0,"gpioc":32768,"gpiod":2560,"gpioe":5120,"modeltime":0,"type":"gpio"}
,[26.4.2023 | 15:24:50] {"client-id":"5fa70df9-f0d0-479c-86db-faf3180cb8bd","gpioa":0,"gpiob":0,"gpioc":32768,"gpiod":768,"gpioe":5120,"modeltime":0,"type":"gpio"}
,[26.4.2023 | 15:24:50] {"client-id":"5fa70df9-f0d0-479c-86db-faf3180cb8bd","gpioa":0,"gpiob":0,"gpioc":32768,"gpiod":768,"gpioe":5120,"modeltime":0,"type":"gpio"}
,[26.4.2023 | 15:24:51] {"client-id":"5fa70df9-f0d0-479c-86db-faf3180cb8bd","gpioa":0,"gpiob":0,"gpioc":32768,"gpiod":768,"gpioe":5120,"modeltime":0,"type":"gpio"}
,[26.4.2023 | 15:24:51] {"client-id":"5fa70df9-f0d0-479c-86db-faf3180cb8bd","gpioa":0,"gpiob":0,"gpioc":32768,"gpiod":768,"gpioe":5120,"modeltime":0,"type":"gpio"}
,[26.4.2023 | 15:24:51] {"client-id":"5fa70df9-f0d0-479c-86db-faf3180cb8bd","gpioa":0,"gpiob":0,"gpioc":32768,"gpiod":768,"gpioe":5120,"modeltime":0,"type":"gpio"}
,[26.4.2023 | 15:24:51] {"client-id":"5fa70df9-f0d0-479c-86db-faf3180cb8bd","gpioa":0,"gpiob":0,"gpioc":32768,"gpiod":768,"gpioe":5120,"modeltime":0,"type":"gpio"}
,[26.4.2023 | 15:24:51] {"client-id":"5fa70df9-f0d0-479c-86db-faf3180cb8bd","gpioa":0,"gpiob":0,"gpioc":32768,"gpiod":768,"gpioe":5120,"modeltime":0,"type":"gpio"}
,[26.4.2023 | 15:24:51] {"client-id":"5fa70df9-f0d0-479c-86db-faf3180cb8bd","gpioa":0,"gpiob":0,"gpioc":32768,"gpiod":768,"gpioe":5120,"modeltime":0,"type":"gpio"}
,[26.4.2023 | 15:24:51] {"client-id":"5fa70df9-f0d0-479c-86db-faf3180cb8bd","gpioa":0,"gpiob":0,"gpioc":32768,"gpiod":768,"gpioe":5120,"modeltime":0,"type":"gpio"}
,[26.4.2023 | 15:24:51] {"client-id":"5fa70df9-f0d0-479c-86db-faf3180cb8bd","gpioa":0,"gpiob":0,"gpioc":32768,"gpiod":768,"gpioe":5120,"modeltime":0,"type":"gpio"}
,[26.4.2023 | 15:24:51] {"client-id":"5fa70df9-f0d0-479c-86db-faf3180cb8bd","gpioa":0,"gpiob":0,"gpioc":32768,"gpiod":320,"gpioe":5120,"modeltime":0,"type":"gpio"}
,[26.4.2023 | 15:24:51] {"client-id":"5fa70df9-f0d0-479c-86db-faf3180cb8bd","gpioa":0,"gpiob":0,"gpioc":32768,"gpiod":320,"gpioe":5120,"modeltime":0,"type":"gpio"}
,[26.4.2023 | 15:24:52] {"client-id":"5fa70df9-f0d0-479c-86db-faf3180cb8bd","gpioa":0,"gpiob":0,"gpioc":32768,"gpiod":320,"gpioe":5120,"modeltime":0,"type":"gpio"}
,[26.4.2023 | 15:24:52] {"client-id":"5fa70df9-f0d0-479c-86db-faf3180cb8bd","gpioa":0,"gpiob":0,"gpioc":32768,"gpiod":320,"gpioe":5120,"modeltime":0,"type":"gpio"}
,[26.4.2023 | 15:24:52] {"client-id":"5fa70df9-f0d0-479c-86db-faf3180cb8bd","gpioa":0,"gpiob":0,"gpioc":32768,"gpiod":320,"gpioe":5120,"modeltime":0,"type":"gpio"}
,[26.4.2023 | 15:24:52] {"client-id":"5fa70df9-f0d0-479c-86db-faf3180cb8bd","gpioa":0,"gpiob":0,"gpioc":32768,"gpiod":320,"gpioe":5120,"modeltime":0,"type":"gpio"}
,[26.4.2023 | 15:24:52] {"client-id":"5fa70df9-f0d0-479c-86db-faf3180cb8bd","gpioa":0,"gpiob":0,"gpioc":32768,"gpiod":320,"gpioe":5120,"modeltime":0,"type":"gpio"}
,[26.4.2023 | 15:24:52] {"client-id":"5fa70df9-f0d0-479c-86db-faf3180cb8bd","gpioa":0,"gpiob":0,"gpioc":32768,"gpiod":320,"gpioe":5120,"modeltime":0,"type":"gpio"}
,[26.4.2023 | 15:24:52] {"client-id":"5fa70df9-f0d0-479c-86db-faf3180cb8bd","gpioa":0,"gpiob":0,"gpioc":32768,"gpiod":320,"gpioe":5120,"modeltime":0,"type":"gpio"}
,[26.4.2023 | 15:24:52] {"client-id":"5fa70df9-f0d0-479c-86db-faf3180cb8bd","gpioa":0,"gpiob":0,"gpioc":32768,"gpiod":320,"gpioe":5120,"modeltime":0,"type":"gpio"}
,[26.4.2023 | 15:24:52] {"client-id":"5fa70df9-f0d0-479c-86db-faf3180cb8bd","gpioa":0,"gpiob":0,"gpioc":32768,"gpiod":96,"gpioe":5120,"modeltime":0,"type":"gpio"}
,[26.4.2023 | 15:24:52] {"client-id":"5fa70df9-f0d0-479c-86db-faf3180cb8bd","gpioa":0,"gpiob":0,"gpioc":32768,"gpiod":96,"gpioe":5120,"modeltime":0,"type":"gpio"}
,[26.4.2023 | 15:24:53] {"client-id":"5fa70df9-f0d0-479c-86db-faf3180cb8bd","gpioa":0,"gpiob":0,"gpioc":32768,"gpiod":96,"gpioe":5120,"modeltime":0,"type":"gpio"}
,[26.4.2023 | 15:24:53] {"client-id":"5fa70df9-f0d0-479c-86db-faf3180cb8bd","gpioa":0,"gpiob":0,"gpioc":32768,"gpiod":96,"gpioe":5120,"modeltime":0,"type":"gpio"}
,[26.4.2023 | 15:24:53] {"client-id":"5fa70df9-f0d0-479c-86db-faf3180cb8bd","gpioa":0,"gpiob":0,"gpioc":32768,"gpiod":96,"gpioe":5120,"modeltime":0,"type":"gpio"}
,[26.4.2023 | 15:24:53] {"client-id":"5fa70df9-f0d0-479c-86db-faf3180cb8bd","gpioa":0,"gpiob":0,"gpioc":32768,"gpiod":96,"gpioe":5120,"modeltime":0,"type":"gpio"}
,[26.4.2023 | 15:24:53] {"client-id":"5fa70df9-f0d0-479c-86db-faf3180cb8bd","gpioa":0,"gpiob":0,"gpioc":32768,"gpiod":96,"gpioe":5120,"modeltime":0,"type":"gpio"}
,[26.4.2023 | 15:24:53] {"client-id":"5fa70df9-f0d0-479c-86db-faf3180cb8bd","gpioa":0,"gpiob":0,"gpioc":32768,"gpiod":96,"gpioe":5120,"modeltime":0,"type":"gpio"}
,[26.4.2023 | 15:24:53] {"client-id":"5fa70df9-f0d0-479c-86db-faf3180cb8bd","gpioa":0,"gpiob":0,"gpioc":32768,"gpiod":96,"gpioe":5120,"modeltime":0,"type":"gpio"}
,[26.4.2023 | 15:24:53] {"client-id":"5fa70df9-f0d0-479c-86db-faf3180cb8bd","gpioa":0,"gpiob":0,"gpioc":32768,"gpiod":96,"gpioe":5120,"modeltime":0,"type":"gpio"}
,[26.4.2023 | 15:24:53] {"client-id":"5fa70df9-f0d0-479c-86db-faf3180cb8bd","gpioa":0,"gpiob":0,"gpioc":32768,"gpiod":48,"gpioe":5120,"modeltime":0,"type":"gpio"}
,[26.4.2023 | 15:24:53] {"client-id":"5fa70df9-f0d0-479c-86db-faf3180cb8bd","gpioa":0,"gpiob":0,"gpioc":32768,"gpiod":48,"gpioe":5120,"modeltime":0,"type":"gpio"}
,[26.4.2023 | 15:24:54] {"client-id":"5fa70df9-f0d0-479c-86db-faf3180cb8bd","gpioa":0,"gpiob":0,"gpioc":32768,"gpiod":48,"gpioe":5120,"modeltime":0,"type":"gpio"}
,[26.4.2023 | 15:24:54] {"client-id":"5fa70df9-f0d0-479c-86db-faf3180cb8bd","gpioa":0,"gpiob":0,"gpioc":32768,"gpiod":48,"gpioe":5120,"modeltime":0,"type":"gpio"}
,[26.4.2023 | 15:24:54] {"client-id":"5fa70df9-f0d0-479c-86db-faf3180cb8bd","gpioa":0,"gpiob":0,"gpioc":32768,"gpiod":48,"gpioe":5120,"modeltime":0,"type":"gpio"}
,[26.4.2023 | 15:24:54] {"client-id":"5fa70df9-f0d0-479c-86db-faf3180cb8bd","gpioa":0,"gpiob":0,"gpioc":32768,"gpiod":48,"gpioe":5120,"modeltime":0,"type":"gpio"}
,[26.4.2023 | 15:24:54] {"client-id":"5fa70df9-f0d0-479c-86db-faf3180cb8bd","gpioa":0,"gpiob":0,"gpioc":32768,"gpiod":48,"gpioe":5120,"modeltime":0,"type":"gpio"}
,[26.4.2023 | 15:24:54] {"client-id":"5fa70df9-f0d0-479c-86db-faf3180cb8bd","gpioa":0,"gpiob":0,"gpioc":32768,"gpiod":48,"gpioe":5120,"modeltime":0,"type":"gpio"}
,[26.4.2023 | 15:24:54] {"client-id":"5fa70df9-f0d0-479c-86db-faf3180cb8bd","gpioa":0,"gpiob":0,"gpioc":32768,"gpiod":48,"gpioe":5120,"modeltime":0,"type":"gpio"}
,[26.4.2023 | 15:24:54] {"client-id":"5fa70df9-f0d0-479c-86db-faf3180cb8bd","gpioa":0,"gpiob":0,"gpioc":32768,"gpiod":48,"gpioe":5120,"modeltime":0,"type":"gpio"}
,[26.4.2023 | 15:24:54] {"client-id":"5fa70df9-f0d0-479c-86db-faf3180cb8bd","gpioa":0,"gpiob":0,"gpioc":32768,"gpiod":24,"gpioe":5120,"modeltime":0,"type":"gpio"}
,[26.4.2023 | 15:24:55] {"client-id":"5fa70df9-f0d0-479c-86db-faf3180cb8bd","gpioa":0,"gpiob":0,"gpioc":32768,"gpiod":24,"gpioe":5120,"modeltime":0,"type":"gpio"}
,[26.4.2023 | 15:24:55] {"client-id":"5fa70df9-f0d0-479c-86db-faf3180cb8bd","gpioa":0,"gpiob":0,"gpioc":32768,"gpiod":24,"gpioe":5120,"modeltime":0,"type":"gpio"}
,[26.4.2023 | 15:24:55] {"client-id":"5fa70df9-f0d0-479c-86db-faf3180cb8bd","gpioa":0,"gpiob":0,"gpioc":32768,"gpiod":24,"gpioe":5120,"modeltime":0,"type":"gpio"}
,[26.4.2023 | 15:24:55] {"client-id":"5fa70df9-f0d0-479c-86db-faf3180cb8bd","gpioa":0,"gpiob":0,"gpioc":32768,"gpiod":24,"gpioe":5120,"modeltime":0,"type":"gpio"}
,[26.4.2023 | 15:24:55] {"client-id":"5fa70df9-f0d0-479c-86db-faf3180cb8bd","gpioa":0,"gpiob":0,"gpioc":32768,"gpiod":24,"gpioe":5120,"modeltime":0,"type":"gpio"}
,[26.4.2023 | 15:24:55] {"client-id":"5fa70df9-f0d0-479c-86db-faf3180cb8bd","gpioa":0,"gpiob":0,"gpioc":32768,"gpiod":24,"gpioe":5120,"modeltime":0,"type":"gpio"}
,[26.4.2023 | 15:24:55] {"client-id":"5fa70df9-f0d0-479c-86db-faf3180cb8bd","gpioa":0,"gpiob":0,"gpioc":32768,"gpiod":24,"gpioe":5120,"modeltime":0,"type":"gpio"}
,[26.4.2023 | 15:24:55] {"client-id":"5fa70df9-f0d0-479c-86db-faf3180cb8bd","gpioa":0,"gpiob":0,"gpioc":32768,"gpiod":24,"gpioe":5120,"modeltime":0,"type":"gpio"}
,[26.4.2023 | 15:24:55] {"client-id":"5fa70df9-f0d0-479c-86db-faf3180cb8bd","gpioa":0,"gpiob":0,"gpioc":32768,"gpiod":24,"gpioe":5120,"modeltime":0,"type":"gpio"}
,[26.4.2023 | 15:24:55] {"client-id":"5fa70df9-f0d0-479c-86db-faf3180cb8bd","gpioa":0,"gpiob":0,"gpioc":32768,"gpiod":48,"gpioe":5120,"modeltime":0,"type":"gpio"}
,[26.4.2023 | 15:24:55] {"client-id":"5fa70df9-f0d0-479c-86db-faf3180cb8bd","gpioa":0,"gpiob":0,"gpioc":32768,"gpiod":48,"gpioe":5120,"modeltime":0,"type":"gpio"}
,[26.4.2023 | 15:24:56] {"client-id":"5fa70df9-f0d0-479c-86db-faf3180cb8bd","gpioa":0,"gpiob":0,"gpioc":32768,"gpiod":48,"gpioe":5120,"modeltime":0,"type":"gpio"}
,[26.4.2023 | 15:24:56] {"client-id":"5fa70df9-f0d0-479c-86db-faf3180cb8bd","gpioa":0,"gpiob":0,"gpioc":32768,"gpiod":48,"gpioe":5120,"modeltime":0,"type":"gpio"}
,[26.4.2023 | 15:24:56] {"client-id":"5fa70df9-f0d0-479c-86db-faf3180cb8bd","gpioa":0,"gpiob":0,"gpioc":32768,"gpiod":48,"gpioe":5120,"modeltime":0,"type":"gpio"}
,[26.4.2023 | 15:24:56] {"client-id":"5fa70df9-f0d0-479c-86db-faf3180cb8bd","gpioa":0,"gpiob":0,"gpioc":32768,"gpiod":48,"gpioe":5120,"modeltime":0,"type":"gpio"}
,[26.4.2023 | 15:24:56] {"client-id":"5fa70df9-f0d0-479c-86db-faf3180cb8bd","gpioa":0,"gpiob":0,"gpioc":32768,"gpiod":48,"gpioe":5376,"modeltime":0,"type":"gpio"}
,[26.4.2023 | 15:24:56] {"client-id":"5fa70df9-f0d0-479c-86db-faf3180cb8bd","gpioa":0,"gpiob":0,"gpioc":32768,"gpiod":48,"gpioe":5376,"modeltime":0,"type":"gpio"}
,[26.4.2023 | 15:24:56] {"client-id":"5fa70df9-f0d0-479c-86db-faf3180cb8bd","gpioa":0,"gpiob":0,"gpioc":32768,"gpiod":48,"gpioe":5376,"modeltime":0,"type":"gpio"}
,[26.4.2023 | 15:24:56] {"client-id":"5fa70df9-f0d0-479c-86db-faf3180cb8bd","gpioa":0,"gpiob":0,"gpioc":32768,"gpiod":48,"gpioe":5376,"modeltime":0,"type":"gpio"}
,[26.4.2023 | 15:24:56] {"client-id":"5fa70df9-f0d0-479c-86db-faf3180cb8bd","gpioa":0,"gpiob":0,"gpioc":32768,"gpiod":96,"gpioe":5376,"modeltime":0,"type":"gpio"}
,[26.4.2023 | 15:24:57] {"client-id":"5fa70df9-f0d0-479c-86db-faf3180cb8bd","gpioa":0,"gpiob":0,"gpioc":32768,"gpiod":96,"gpioe":5376,"modeltime":0,"type":"gpio"}
,[26.4.2023 | 15:24:57] {"client-id":"5fa70df9-f0d0-479c-86db-faf3180cb8bd","gpioa":0,"gpiob":0,"gpioc":32768,"gpiod":96,"gpioe":5376,"modeltime":0,"type":"gpio"}
,[26.4.2023 | 15:24:57] {"client-id":"5fa70df9-f0d0-479c-86db-faf3180cb8bd","gpioa":0,"gpiob":0,"gpioc":32768,"gpiod":96,"gpioe":5376,"modeltime":0,"type":"gpio"}
,[26.4.2023 | 15:24:57] {"client-id":"5fa70df9-f0d0-479c-86db-faf3180cb8bd","gpioa":0,"gpiob":0,"gpioc":32768,"gpiod":96,"gpioe":5376,"modeltime":0,"type":"gpio"}
,[26.4.2023 | 15:24:57] {"client-id":"5fa70df9-f0d0-479c-86db-faf3180cb8bd","gpioa":0,"gpiob":0,"gpioc":32768,"gpiod":96,"gpioe":5376,"modeltime":0,"type":"gpio"}
,[26.4.2023 | 15:24:57] {"client-id":"5fa70df9-f0d0-479c-86db-faf3180cb8bd","gpioa":0,"gpiob":0,"gpioc":32768,"gpiod":96,"gpioe":5376,"modeltime":0,"type":"gpio"}
,[26.4.2023 | 15:24:57] {"client-id":"5fa70df9-f0d0-479c-86db-faf3180cb8bd","gpioa":0,"gpiob":0,"gpioc":32768,"gpiod":96,"gpioe":5376,"modeltime":0,"type":"gpio"}
,[26.4.2023 | 15:24:57] {"client-id":"5fa70df9-f0d0-479c-86db-faf3180cb8bd","gpioa":0,"gpiob":0,"gpioc":32768,"gpiod":96,"gpioe":5376,"modeltime":0,"type":"gpio"}
,[26.4.2023 | 15:24:57] {"client-id":"5fa70df9-f0d0-479c-86db-faf3180cb8bd","gpioa":0,"gpiob":0,"gpioc":32768,"gpiod":96,"gpioe":5376,"modeltime":0,"type":"gpio"}
,[26.4.2023 | 15:24:57] {"client-id":"5fa70df9-f0d0-479c-86db-faf3180cb8bd","gpioa":0,"gpiob":0,"gpioc":32768,"gpiod":96,"gpioe":5376,"modeltime":0,"type":"gpio"}
,[26.4.2023 | 15:24:58] {"client-id":"5fa70df9-f0d0-479c-86db-faf3180cb8bd","gpioa":0,"gpiob":0,"gpioc":32768,"gpiod":96,"gpioe":5376,"modeltime":0,"type":"gpio"}
,[26.4.2023 | 15:24:58] {"client-id":"5fa70df9-f0d0-479c-86db-faf3180cb8bd","gpioa":0,"gpiob":0,"gpioc":32768,"gpiod":96,"gpioe":5376,"modeltime":0,"type":"gpio"}
,[26.4.2023 | 15:24:58] {"client-id":"5fa70df9-f0d0-479c-86db-faf3180cb8bd","gpioa":0,"gpiob":0,"gpioc":32768,"gpiod":96,"gpioe":5376,"modeltime":0,"type":"gpio"}
,[26.4.2023 | 15:24:58] {"client-id":"5fa70df9-f0d0-479c-86db-faf3180cb8bd","gpioa":0,"gpiob":0,"gpioc":32768,"gpiod":96,"gpioe":5376,"modeltime":0,"type":"gpio"}
,[26.4.2023 | 15:24:58] {"client-id":"5fa70df9-f0d0-479c-86db-faf3180cb8bd","gpioa":0,"gpiob":0,"gpioc":32768,"gpiod":320,"gpioe":5376,"modeltime":0,"type":"gpio"}
,[26.4.2023 | 15:24:58] {"client-id":"5fa70df9-f0d0-479c-86db-faf3180cb8bd","gpioa":0,"gpiob":0,"gpioc":32768,"gpiod":320,"gpioe":5376,"modeltime":0,"type":"gpio"}
,[26.4.2023 | 15:24:58] {"client-id":"5fa70df9-f0d0-479c-86db-faf3180cb8bd","gpioa":0,"gpiob":0,"gpioc":32768,"gpiod":320,"gpioe":5376,"modeltime":0,"type":"gpio"}
,[26.4.2023 | 15:24:58] {"client-id":"5fa70df9-f0d0-479c-86db-faf3180cb8bd","gpioa":0,"gpiob":0,"gpioc":32768,"gpiod":320,"gpioe":5376,"modeltime":0,"type":"gpio"}
,[26.4.2023 | 15:24:58] {"client-id":"5fa70df9-f0d0-479c-86db-faf3180cb8bd","gpioa":0,"gpiob":0,"gpioc":32768,"gpiod":320,"gpioe":5376,"modeltime":0,"type":"gpio"}
,[26.4.2023 | 15:24:58] {"client-id":"5fa70df9-f0d0-479c-86db-faf3180cb8bd","gpioa":0,"gpiob":0,"gpioc":32768,"gpiod":320,"gpioe":5376,"modeltime":0,"type":"gpio"}
,[26.4.2023 | 15:24:59] {"client-id":"5fa70df9-f0d0-479c-86db-faf3180cb8bd","gpioa":0,"gpiob":0,"gpioc":32768,"gpiod":320,"gpioe":5376,"modeltime":0,"type":"gpio"}
,[26.4.2023 | 15:24:59] {"client-id":"5fa70df9-f0d0-479c-86db-faf3180cb8bd","gpioa":0,"gpiob":0,"gpioc":32768,"gpiod":320,"gpioe":5376,"modeltime":0,"type":"gpio"}
,[26.4.2023 | 15:24:59] {"client-id":"5fa70df9-f0d0-479c-86db-faf3180cb8bd","gpioa":0,"gpiob":0,"gpioc":32768,"gpiod":320,"gpioe":5376,"modeltime":0,"type":"gpio"}
,[26.4.2023 | 15:24:59] {"client-id":"5fa70df9-f0d0-479c-86db-faf3180cb8bd","gpioa":0,"gpiob":0,"gpioc":32768,"gpiod":320,"gpioe":5376,"modeltime":0,"type":"gpio"}
,[26.4.2023 | 15:24:59] {"client-id":"5fa70df9-f0d0-479c-86db-faf3180cb8bd","gpioa":0,"gpiob":0,"gpioc":32768,"gpiod":320,"gpioe":5376,"modeltime":0,"type":"gpio"}
,[26.4.2023 | 15:24:59] {"client-id":"5fa70df9-f0d0-479c-86db-faf3180cb8bd","gpioa":0,"gpiob":0,"gpioc":32768,"gpiod":320,"gpioe":5376,"modeltime":0,"type":"gpio"}
,[26.4.2023 | 15:24:59] {"client-id":"5fa70df9-f0d0-479c-86db-faf3180cb8bd","gpioa":0,"gpiob":0,"gpioc":32768,"gpiod":320,"gpioe":5376,"modeltime":0,"type":"gpio"}
,[26.4.2023 | 15:24:59] {"client-id":"5fa70df9-f0d0-479c-86db-faf3180cb8bd","gpioa":0,"gpiob":0,"gpioc":32768,"gpiod":320,"gpioe":5376,"modeltime":0,"type":"gpio"}
,[26.4.2023 | 15:24:59] {"client-id":"5fa70df9-f0d0-479c-86db-faf3180cb8bd","gpioa":0,"gpiob":0,"gpioc":32768,"gpiod":320,"gpioe":5376,"modeltime":0,"type":"gpio"}
,[26.4.2023 | 15:24:59] {"client-id":"5fa70df9-f0d0-479c-86db-faf3180cb8bd","gpioa":0,"gpiob":0,"gpioc":32768,"gpiod":768,"gpioe":5376,"modeltime":0,"type":"gpio"}
,[26.4.2023 | 15:25:0] {"client-id":"5fa70df9-f0d0-479c-86db-faf3180cb8bd","gpioa":0,"gpiob":0,"gpioc":32768,"gpiod":768,"gpioe":5376,"modeltime":0,"type":"gpio"}
,[26.4.2023 | 15:25:0] {"client-id":"5fa70df9-f0d0-479c-86db-faf3180cb8bd","gpioa":0,"gpiob":0,"gpioc":32768,"gpiod":768,"gpioe":5376,"modeltime":0,"type":"gpio"}
,[26.4.2023 | 15:25:0] {"client-id":"5fa70df9-f0d0-479c-86db-faf3180cb8bd","gpioa":0,"gpiob":0,"gpioc":32768,"gpiod":768,"gpioe":5376,"modeltime":0,"type":"gpio"}
,[26.4.2023 | 15:25:0] {"client-id":"5fa70df9-f0d0-479c-86db-faf3180cb8bd","gpioa":0,"gpiob":0,"gpioc":32768,"gpiod":768,"gpioe":5376,"modeltime":0,"type":"gpio"}
,[26.4.2023 | 15:25:0] {"client-id":"5fa70df9-f0d0-479c-86db-faf3180cb8bd","gpioa":0,"gpiob":0,"gpioc":32768,"gpiod":768,"gpioe":5392,"modeltime":0,"type":"gpio"}
,[26.4.2023 | 15:25:0] {"client-id":"5fa70df9-f0d0-479c-86db-faf3180cb8bd","gpioa":0,"gpiob":0,"gpioc":32768,"gpiod":768,"gpioe":5392,"modeltime":0,"type":"gpio"}
,[26.4.2023 | 15:25:0] {"client-id":"5fa70df9-f0d0-479c-86db-faf3180cb8bd","gpioa":0,"gpiob":0,"gpioc":32768,"gpiod":768,"gpioe":5392,"modeltime":0,"type":"gpio"}
,[26.4.2023 | 15:25:0] {"client-id":"5fa70df9-f0d0-479c-86db-faf3180cb8bd","gpioa":0,"gpiob":0,"gpioc":32768,"gpiod":768,"gpioe":5392,"modeltime":0,"type":"gpio"}
,[26.4.2023 | 15:25:0] {"client-id":"5fa70df9-f0d0-479c-86db-faf3180cb8bd","gpioa":0,"gpiob":0,"gpioc":32768,"gpiod":768,"gpioe":5392,"modeltime":0,"type":"gpio"}
,[26.4.2023 | 15:25:0] {"client-id":"5fa70df9-f0d0-479c-86db-faf3180cb8bd","gpioa":0,"gpiob":0,"gpioc":32768,"gpiod":768,"gpioe":5392,"modeltime":0,"type":"gpio"}
,[26.4.2023 | 15:25:1] {"client-id":"5fa70df9-f0d0-479c-86db-faf3180cb8bd","gpioa":0,"gpiob":0,"gpioc":32768,"gpiod":768,"gpioe":5392,"modeltime":0,"type":"gpio"}
,[26.4.2023 | 15:25:1] {"client-id":"5fa70df9-f0d0-479c-86db-faf3180cb8bd","gpioa":0,"gpiob":0,"gpioc":32768,"gpiod":768,"gpioe":5392,"modeltime":0,"type":"gpio"}
,[26.4.2023 | 15:25:1] {"client-id":"5fa70df9-f0d0-479c-86db-faf3180cb8bd","gpioa":0,"gpiob":0,"gpioc":32768,"gpiod":768,"gpioe":5392,"modeltime":0,"type":"gpio"}
,[26.4.2023 | 15:25:1] {"client-id":"5fa70df9-f0d0-479c-86db-faf3180cb8bd","gpioa":0,"gpiob":0,"gpioc":32768,"gpiod":768,"gpioe":5392,"modeltime":0,"type":"gpio"}
,[26.4.2023 | 15:25:1] {"client-id":"5fa70df9-f0d0-479c-86db-faf3180cb8bd","gpioa":0,"gpiob":0,"gpioc":32768,"gpiod":2560,"gpioe":5392,"modeltime":0,"type":"gpio"}
,[26.4.2023 | 15:25:1] {"client-id":"5fa70df9-f0d0-479c-86db-faf3180cb8bd","gpioa":0,"gpiob":0,"gpioc":32768,"gpiod":2560,"gpioe":5392,"modeltime":0,"type":"gpio"}
,[26.4.2023 | 15:25:1] {"client-id":"5fa70df9-f0d0-479c-86db-faf3180cb8bd","gpioa":0,"gpiob":0,"gpioc":32768,"gpiod":2560,"gpioe":5392,"modeltime":0,"type":"gpio"}
,[26.4.2023 | 15:25:1] {"client-id":"5fa70df9-f0d0-479c-86db-faf3180cb8bd","gpioa":0,"gpiob":0,"gpioc":32768,"gpiod":2560,"gpioe":5392,"modeltime":0,"type":"gpio"}
,[26.4.2023 | 15:25:1] {"client-id":"5fa70df9-f0d0-479c-86db-faf3180cb8bd","gpioa":0,"gpiob":0,"gpioc":32768,"gpiod":2560,"gpioe":5392,"modeltime":0,"type":"gpio"}
,[26.4.2023 | 15:25:1] {"client-id":"5fa70df9-f0d0-479c-86db-faf3180cb8bd","gpioa":0,"gpiob":0,"gpioc":32768,"gpiod":2560,"gpioe":5392,"modeltime":0,"type":"gpio"}
,[26.4.2023 | 15:25:2] {"client-id":"5fa70df9-f0d0-479c-86db-faf3180cb8bd","gpioa":0,"gpiob":0,"gpioc":32768,"gpiod":2560,"gpioe":5392,"modeltime":0,"type":"gpio"}
,[26.4.2023 | 15:25:2] {"client-id":"5fa70df9-f0d0-479c-86db-faf3180cb8bd","gpioa":0,"gpiob":0,"gpioc":32768,"gpiod":2560,"gpioe":5392,"modeltime":0,"type":"gpio"}
,[26.4.2023 | 15:25:2] {"client-id":"5fa70df9-f0d0-479c-86db-faf3180cb8bd","gpioa":0,"gpiob":0,"gpioc":32768,"gpiod":2560,"gpioe":5392,"modeltime":0,"type":"gpio"}
,[26.4.2023 | 15:25:2] {"client-id":"5fa70df9-f0d0-479c-86db-faf3180cb8bd","gpioa":0,"gpiob":0,"gpioc":32768,"gpiod":2560,"gpioe":5392,"modeltime":0,"type":"gpio"}
,[26.4.2023 | 15:25:2] {"client-id":"5fa70df9-f0d0-479c-86db-faf3180cb8bd","gpioa":0,"gpiob":0,"gpioc":32768,"gpiod":2560,"gpioe":5392,"modeltime":0,"type":"gpio"}
,[26.4.2023 | 15:25:2] {"client-id":"5fa70df9-f0d0-479c-86db-faf3180cb8bd","gpioa":0,"gpiob":0,"gpioc":32768,"gpiod":2560,"gpioe":5392,"modeltime":0,"type":"gpio"}
,[26.4.2023 | 15:25:2] {"client-id":"5fa70df9-f0d0-479c-86db-faf3180cb8bd","gpioa":0,"gpiob":0,"gpioc":32768,"gpiod":2560,"gpioe":5392,"modeltime":0,"type":"gpio"}
,[26.4.2023 | 15:25:2] {"client-id":"5fa70df9-f0d0-479c-86db-faf3180cb8bd","gpioa":0,"gpiob":0,"gpioc":32768,"gpiod":2560,"gpioe":5392,"modeltime":0,"type":"gpio"}
,[26.4.2023 | 15:25:2] {"client-id":"5fa70df9-f0d0-479c-86db-faf3180cb8bd","gpioa":0,"gpiob":0,"gpioc":32768,"gpiod":2560,"gpioe":5392,"modeltime":0,"type":"gpio"}
,[26.4.2023 | 15:25:3] {"client-id":"5fa70df9-f0d0-479c-86db-faf3180cb8bd","gpioa":0,"gpiob":0,"gpioc":32768,"gpiod":2560,"gpioe":5392,"modeltime":0,"type":"gpio"}
,[26.4.2023 | 15:25:3] {"client-id":"5fa70df9-f0d0-479c-86db-faf3180cb8bd","gpioa":0,"gpiob":0,"gpioc":32768,"gpiod":2560,"gpioe":5392,"modeltime":0,"type":"gpio"}
,[26.4.2023 | 15:25:3] {"client-id":"5fa70df9-f0d0-479c-86db-faf3180cb8bd","gpioa":0,"gpiob":0,"gpioc":32768,"gpiod":2560,"gpioe":5392,"modeltime":0,"type":"gpio"}
,[26.4.2023 | 15:25:3] {"client-id":"5fa70df9-f0d0-479c-86db-faf3180cb8bd","gpioa":0,"gpiob":0,"gpioc":32768,"gpiod":2560,"gpioe":5392,"modeltime":0,"type":"gpio"}
,[26.4.2023 | 15:25:3] {"client-id":"5fa70df9-f0d0-479c-86db-faf3180cb8bd","gpioa":0,"gpiob":0,"gpioc":32768,"gpiod":2560,"gpioe":5392,"modeltime":0,"type":"gpio"}
,[26.4.2023 | 15:25:3] {"client-id":"5fa70df9-f0d0-479c-86db-faf3180cb8bd","gpioa":0,"gpiob":0,"gpioc":32768,"gpiod":2560,"gpioe":5392,"modeltime":0,"type":"gpio"}
,[26.4.2023 | 15:25:3] {"client-id":"5fa70df9-f0d0-479c-86db-faf3180cb8bd","gpioa":0,"gpiob":0,"gpioc":32768,"gpiod":2560,"gpioe":5392,"modeltime":0,"type":"gpio"}
,[26.4.2023 | 15:25:3] {"client-id":"5fa70df9-f0d0-479c-86db-faf3180cb8bd","gpioa":0,"gpiob":0,"gpioc":32768,"gpiod":2560,"gpioe":5392,"modeltime":0,"type":"gpio"}
,[26.4.2023 | 15:25:3] {"client-id":"5fa70df9-f0d0-479c-86db-faf3180cb8bd","gpioa":0,"gpiob":0,"gpioc":32768,"gpiod":2560,"gpioe":5392,"modeltime":0,"type":"gpio"}
,[26.4.2023 | 15:25:3] {"client-id":"5fa70df9-f0d0-479c-86db-faf3180cb8bd","gpioa":0,"gpiob":0,"gpioc":32768,"gpiod":2560,"gpioe":5392,"modeltime":0,"type":"gpio"}
,[26.4.2023 | 15:25:4] {"client-id":"5fa70df9-f0d0-479c-86db-faf3180cb8bd","gpioa":0,"gpiob":0,"gpioc":32768,"gpiod":2560,"gpioe":5392,"modeltime":0,"type":"gpio"}
,[26.4.2023 | 15:25:4] {"client-id":"5fa70df9-f0d0-479c-86db-faf3180cb8bd","gpioa":0,"gpiob":0,"gpioc":32768,"gpiod":2560,"gpioe":5392,"modeltime":0,"type":"gpio"}
,[26.4.2023 | 15:25:4] {"client-id":"5fa70df9-f0d0-479c-86db-faf3180cb8bd","gpioa":0,"gpiob":0,"gpioc":32768,"gpiod":2560,"gpioe":5392,"modeltime":0,"type":"gpio"}
,[26.4.2023 | 15:25:4] {"client-id":"5fa70df9-f0d0-479c-86db-faf3180cb8bd","gpioa":0,"gpiob":0,"gpioc":32768,"gpiod":2560,"gpioe":5392,"modeltime":0,"type":"gpio"}
,[26.4.2023 | 15:25:4] {"client-id":"5fa70df9-f0d0-479c-86db-faf3180cb8bd","gpioa":0,"gpiob":0,"gpioc":32768,"gpiod":2560,"gpioe":5392,"modeltime":0,"type":"gpio"}
,[26.4.2023 | 15:25:4] {"client-id":"5fa70df9-f0d0-479c-86db-faf3180cb8bd","gpioa":0,"gpiob":0,"gpioc":32768,"gpiod":6144,"gpioe":5392,"modeltime":0,"type":"gpio"}
,[26.4.2023 | 15:25:4] {"client-id":"5fa70df9-f0d0-479c-86db-faf3180cb8bd","gpioa":0,"gpiob":0,"gpioc":32768,"gpiod":6144,"gpioe":5392,"modeltime":0,"type":"gpio"}
,[26.4.2023 | 15:25:4] {"client-id":"5fa70df9-f0d0-479c-86db-faf3180cb8bd","gpioa":0,"gpiob":0,"gpioc":32768,"gpiod":6144,"gpioe":5392,"modeltime":0,"type":"gpio"}
,[26.4.2023 | 15:25:4] {"client-id":"5fa70df9-f0d0-479c-86db-faf3180cb8bd","gpioa":0,"gpiob":0,"gpioc":32768,"gpiod":6144,"gpioe":5392,"modeltime":0,"type":"gpio"}
,[26.4.2023 | 15:25:4] {"client-id":"5fa70df9-f0d0-479c-86db-faf3180cb8bd","gpioa":0,"gpiob":0,"gpioc":32768,"gpiod":6144,"gpioe":5392,"modeltime":0,"type":"gpio"}
,[26.4.2023 | 15:25:5] {"client-id":"5fa70df9-f0d0-479c-86db-faf3180cb8bd","gpioa":0,"gpiob":0,"gpioc":32768,"gpiod":6144,"gpioe":5392,"modeltime":0,"type":"gpio"}
,[26.4.2023 | 15:25:5] {"client-id":"5fa70df9-f0d0-479c-86db-faf3180cb8bd","gpioa":0,"gpiob":0,"gpioc":32768,"gpiod":6144,"gpioe":5392,"modeltime":0,"type":"gpio"}
,[26.4.2023 | 15:25:5] {"client-id":"5fa70df9-f0d0-479c-86db-faf3180cb8bd","gpioa":0,"gpiob":0,"gpioc":32768,"gpiod":6144,"gpioe":5392,"modeltime":0,"type":"gpio"}
,[26.4.2023 | 15:25:5] {"client-id":"5fa70df9-f0d0-479c-86db-faf3180cb8bd","gpioa":0,"gpiob":0,"gpioc":32768,"gpiod":6144,"gpioe":5392,"modeltime":0,"type":"gpio"}
,[26.4.2023 | 15:25:5] {"client-id":"5fa70df9-f0d0-479c-86db-faf3180cb8bd","gpioa":0,"gpiob":0,"gpioc":32768,"gpiod":6144,"gpioe":5392,"modeltime":0,"type":"gpio"}
,[26.4.2023 | 15:25:5] {"client-id":"5fa70df9-f0d0-479c-86db-faf3180cb8bd","gpioa":0,"gpiob":0,"gpioc":32768,"gpiod":6144,"gpioe":5392,"modeltime":0,"type":"gpio"}
,[26.4.2023 | 15:25:5] {"client-id":"5fa70df9-f0d0-479c-86db-faf3180cb8bd","gpioa":0,"gpiob":0,"gpioc":32768,"gpiod":6144,"gpioe":5392,"modeltime":0,"type":"gpio"}
,[26.4.2023 | 15:25:5] {"client-id":"5fa70df9-f0d0-479c-86db-faf3180cb8bd","gpioa":0,"gpiob":0,"gpioc":32768,"gpiod":6144,"gpioe":5392,"modeltime":0,"type":"gpio"}
,[26.4.2023 | 15:25:5] {"client-id":"5fa70df9-f0d0-479c-86db-faf3180cb8bd","gpioa":0,"gpiob":0,"gpioc":32768,"gpiod":6144,"gpioe":5392,"modeltime":0,"type":"gpio"}
,[26.4.2023 | 15:25:5] {"client-id":"5fa70df9-f0d0-479c-86db-faf3180cb8bd","gpioa":0,"gpiob":0,"gpioc":32768,"gpiod":6144,"gpioe":5392,"modeltime":0,"type":"gpio"}
,[26.4.2023 | 15:25:6] {"client-id":"5fa70df9-f0d0-479c-86db-faf3180cb8bd","gpioa":0,"gpiob":0,"gpioc":32768,"gpiod":6144,"gpioe":5392,"modeltime":0,"type":"gpio"}
,[26.4.2023 | 15:25:6] {"client-id":"5fa70df9-f0d0-479c-86db-faf3180cb8bd","gpioa":0,"gpiob":0,"gpioc":32768,"gpiod":6144,"gpioe":5392,"modeltime":0,"type":"gpio"}
,[26.4.2023 | 15:25:6] {"client-id":"5fa70df9-f0d0-479c-86db-faf3180cb8bd","gpioa":0,"gpiob":0,"gpioc":32768,"gpiod":6144,"gpioe":5392,"modeltime":0,"type":"gpio"}
,[26.4.2023 | 15:25:6] {"client-id":"5fa70df9-f0d0-479c-86db-faf3180cb8bd","gpioa":0,"gpiob":0,"gpioc":32768,"gpiod":6144,"gpioe":5392,"modeltime":0,"type":"gpio"}
,[26.4.2023 | 15:25:6] {"client-id":"5fa70df9-f0d0-479c-86db-faf3180cb8bd","gpioa":0,"gpiob":0,"gpioc":32768,"gpiod":6144,"gpioe":5392,"modeltime":0,"type":"gpio"}
,[26.4.2023 | 15:25:6] {"client-id":"5fa70df9-f0d0-479c-86db-faf3180cb8bd","gpioa":0,"gpiob":0,"gpioc":32768,"gpiod":6144,"gpioe":5392,"modeltime":0,"type":"gpio"}
,[26.4.2023 | 15:25:6] {"client-id":"5fa70df9-f0d0-479c-86db-faf3180cb8bd","gpioa":0,"gpiob":0,"gpioc":32768,"gpiod":6144,"gpioe":5392,"modeltime":0,"type":"gpio"}
,[26.4.2023 | 15:25:6] {"client-id":"5fa70df9-f0d0-479c-86db-faf3180cb8bd","gpioa":0,"gpiob":0,"gpioc":32768,"gpiod":6144,"gpioe":5392,"modeltime":0,"type":"gpio"}
,[26.4.2023 | 15:25:6] {"client-id":"5fa70df9-f0d0-479c-86db-faf3180cb8bd","gpioa":0,"gpiob":0,"gpioc":32768,"gpiod":6144,"gpioe":5392,"modeltime":0,"type":"gpio"}
,[26.4.2023 | 15:25:6] {"client-id":"5fa70df9-f0d0-479c-86db-faf3180cb8bd","gpioa":0,"gpiob":0,"gpioc":32768,"gpiod":6144,"gpioe":5392,"modeltime":0,"type":"gpio"}
,[26.4.2023 | 15:25:7] {"client-id":"5fa70df9-f0d0-479c-86db-faf3180cb8bd","gpioa":0,"gpiob":0,"gpioc":32768,"gpiod":2560,"gpioe":5392,"modeltime":0,"type":"gpio"}
,[26.4.2023 | 15:25:7] {"client-id":"5fa70df9-f0d0-479c-86db-faf3180cb8bd","gpioa":0,"gpiob":0,"gpioc":32768,"gpiod":2560,"gpioe":5392,"modeltime":0,"type":"gpio"}
,[26.4.2023 | 15:25:7] {"client-id":"5fa70df9-f0d0-479c-86db-faf3180cb8bd","gpioa":0,"gpiob":0,"gpioc":32768,"gpiod":2560,"gpioe":5392,"modeltime":0,"type":"gpio"}
,[26.4.2023 | 15:25:7] {"client-id":"5fa70df9-f0d0-479c-86db-faf3180cb8bd","gpioa":0,"gpiob":0,"gpioc":32768,"gpiod":2560,"gpioe":5392,"modeltime":0,"type":"gpio"}
,[26.4.2023 | 15:25:7] {"client-id":"5fa70df9-f0d0-479c-86db-faf3180cb8bd","gpioa":0,"gpiob":0,"gpioc":32768,"gpiod":2560,"gpioe":5392,"modeltime":0,"type":"gpio"}
,[26.4.2023 | 15:25:7] {"client-id":"5fa70df9-f0d0-479c-86db-faf3180cb8bd","gpioa":0,"gpiob":0,"gpioc":32768,"gpiod":2560,"gpioe":5392,"modeltime":0,"type":"gpio"}
,[26.4.2023 | 15:25:7] {"client-id":"5fa70df9-f0d0-479c-86db-faf3180cb8bd","gpioa":0,"gpiob":0,"gpioc":32768,"gpiod":2560,"gpioe":5392,"modeltime":0,"type":"gpio"}
,[26.4.2023 | 15:25:7] {"client-id":"5fa70df9-f0d0-479c-86db-faf3180cb8bd","gpioa":0,"gpiob":0,"gpioc":32768,"gpiod":2560,"gpioe":5392,"modeltime":0,"type":"gpio"}
,[26.4.2023 | 15:25:7] {"client-id":"5fa70df9-f0d0-479c-86db-faf3180cb8bd","gpioa":0,"gpiob":0,"gpioc":32768,"gpiod":2560,"gpioe":5392,"modeltime":0,"type":"gpio"}
,[26.4.2023 | 15:25:7] {"client-id":"5fa70df9-f0d0-479c-86db-faf3180cb8bd","gpioa":0,"gpiob":0,"gpioc":32768,"gpiod":2560,"gpioe":5392,"modeltime":0,"type":"gpio"}
,[26.4.2023 | 15:25:8] {"client-id":"5fa70df9-f0d0-479c-86db-faf3180cb8bd","gpioa":0,"gpiob":0,"gpioc":32768,"gpiod":2560,"gpioe":1296,"modeltime":0,"type":"gpio"}
,[26.4.2023 | 15:25:8] {"client-id":"5fa70df9-f0d0-479c-86db-faf3180cb8bd","gpioa":0,"gpiob":0,"gpioc":32768,"gpiod":2560,"gpioe":1296,"modeltime":0,"type":"gpio"}
,[26.4.2023 | 15:25:8] {"client-id":"5fa70df9-f0d0-479c-86db-faf3180cb8bd","gpioa":0,"gpiob":0,"gpioc":32768,"gpiod":2560,"gpioe":1296,"modeltime":0,"type":"gpio"}
,[26.4.2023 | 15:25:8] {"client-id":"5fa70df9-f0d0-479c-86db-faf3180cb8bd","gpioa":0,"gpiob":0,"gpioc":32768,"gpiod":2560,"gpioe":1296,"modeltime":0,"type":"gpio"}
,[26.4.2023 | 15:25:8] {"client-id":"5fa70df9-f0d0-479c-86db-faf3180cb8bd","gpioa":0,"gpiob":0,"gpioc":32768,"gpiod":2560,"gpioe":1296,"modeltime":0,"type":"gpio"}
,[26.4.2023 | 15:25:8] {"client-id":"5fa70df9-f0d0-479c-86db-faf3180cb8bd","gpioa":0,"gpiob":0,"gpioc":32768,"gpiod":2560,"gpioe":1296,"modeltime":0,"type":"gpio"}
,[26.4.2023 | 15:25:8] {"client-id":"5fa70df9-f0d0-479c-86db-faf3180cb8bd","gpioa":0,"gpiob":0,"gpioc":32768,"gpiod":2560,"gpioe":1296,"modeltime":0,"type":"gpio"}
,[26.4.2023 | 15:25:8] {"client-id":"5fa70df9-f0d0-479c-86db-faf3180cb8bd","gpioa":0,"gpiob":0,"gpioc":32768,"gpiod":2560,"gpioe":1296,"modeltime":0,"type":"gpio"}
,[26.4.2023 | 15:25:8] {"client-id":"5fa70df9-f0d0-479c-86db-faf3180cb8bd","gpioa":0,"gpiob":0,"gpioc":32768,"gpiod":2560,"gpioe":1296,"modeltime":0,"type":"gpio"}
,[26.4.2023 | 15:25:8] {"client-id":"5fa70df9-f0d0-479c-86db-faf3180cb8bd","gpioa":0,"gpiob":0,"gpioc":32768,"gpiod":2560,"gpioe":1296,"modeltime":0,"type":"gpio"}
,[26.4.2023 | 15:25:9] {"client-id":"5fa70df9-f0d0-479c-86db-faf3180cb8bd","gpioa":0,"gpiob":0,"gpioc":32768,"gpiod":2560,"gpioe":1296,"modeltime":0,"type":"gpio"}
,[26.4.2023 | 15:25:9] {"client-id":"5fa70df9-f0d0-479c-86db-faf3180cb8bd","gpioa":0,"gpiob":0,"gpioc":32768,"gpiod":2560,"gpioe":1296,"modeltime":0,"type":"gpio"}
,[26.4.2023 | 15:25:9] {"client-id":"5fa70df9-f0d0-479c-86db-faf3180cb8bd","gpioa":0,"gpiob":0,"gpioc":32768,"gpiod":2560,"gpioe":1296,"modeltime":0,"type":"gpio"}
,[26.4.2023 | 15:25:9] {"client-id":"5fa70df9-f0d0-479c-86db-faf3180cb8bd","gpioa":0,"gpiob":0,"gpioc":32768,"gpiod":2560,"gpioe":1296,"modeltime":0,"type":"gpio"}
,[26.4.2023 | 15:25:9] {"client-id":"5fa70df9-f0d0-479c-86db-faf3180cb8bd","gpioa":0,"gpiob":0,"gpioc":32768,"gpiod":2560,"gpioe":1296,"modeltime":0,"type":"gpio"}
,[26.4.2023 | 15:25:9] {"client-id":"5fa70df9-f0d0-479c-86db-faf3180cb8bd","gpioa":0,"gpiob":0,"gpioc":32768,"gpiod":2560,"gpioe":1296,"modeltime":0,"type":"gpio"}
,[26.4.2023 | 15:25:9] {"client-id":"5fa70df9-f0d0-479c-86db-faf3180cb8bd","gpioa":0,"gpiob":0,"gpioc":32768,"gpiod":2560,"gpioe":1296,"modeltime":0,"type":"gpio"}
,[26.4.2023 | 15:25:9] {"client-id":"5fa70df9-f0d0-479c-86db-faf3180cb8bd","gpioa":0,"gpiob":0,"gpioc":32768,"gpiod":2560,"gpioe":1296,"modeltime":0,"type":"gpio"}
,[26.4.2023 | 15:25:9] {"client-id":"5fa70df9-f0d0-479c-86db-faf3180cb8bd","gpioa":0,"gpiob":0,"gpioc":32768,"gpiod":2560,"gpioe":1296,"modeltime":0,"type":"gpio"}
,[26.4.2023 | 15:25:9] {"client-id":"5fa70df9-f0d0-479c-86db-faf3180cb8bd","gpioa":0,"gpiob":0,"gpioc":32768,"gpiod":2560,"gpioe":1296,"modeltime":0,"type":"gpio"}
,[26.4.2023 | 15:25:10] {"client-id":"5fa70df9-f0d0-479c-86db-faf3180cb8bd","gpioa":0,"gpiob":0,"gpioc":32768,"gpiod":768,"gpioe":1296,"modeltime":0,"type":"gpio"}
,[26.4.2023 | 15:25:10] {"client-id":"5fa70df9-f0d0-479c-86db-faf3180cb8bd","gpioa":0,"gpiob":0,"gpioc":32768,"gpiod":768,"gpioe":1296,"modeltime":0,"type":"gpio"}
,[26.4.2023 | 15:25:10] {"client-id":"5fa70df9-f0d0-479c-86db-faf3180cb8bd","gpioa":0,"gpiob":0,"gpioc":32768,"gpiod":768,"gpioe":1296,"modeltime":0,"type":"gpio"}
,[26.4.2023 | 15:25:10] {"client-id":"5fa70df9-f0d0-479c-86db-faf3180cb8bd","gpioa":0,"gpiob":0,"gpioc":32768,"gpiod":768,"gpioe":1296,"modeltime":0,"type":"gpio"}
,[26.4.2023 | 15:25:10] {"client-id":"5fa70df9-f0d0-479c-86db-faf3180cb8bd","gpioa":0,"gpiob":0,"gpioc":32768,"gpiod":768,"gpioe":1296,"modeltime":0,"type":"gpio"}
,[26.4.2023 | 15:25:10] {"client-id":"5fa70df9-f0d0-479c-86db-faf3180cb8bd","gpioa":0,"gpiob":0,"gpioc":32768,"gpiod":768,"gpioe":1296,"modeltime":0,"type":"gpio"}
,[26.4.2023 | 15:25:10] {"client-id":"5fa70df9-f0d0-479c-86db-faf3180cb8bd","gpioa":0,"gpiob":0,"gpioc":32768,"gpiod":768,"gpioe":1296,"modeltime":0,"type":"gpio"}
,[26.4.2023 | 15:25:10] {"client-id":"5fa70df9-f0d0-479c-86db-faf3180cb8bd","gpioa":0,"gpiob":0,"gpioc":32768,"gpiod":768,"gpioe":1296,"modeltime":0,"type":"gpio"}
,[26.4.2023 | 15:25:10] {"client-id":"5fa70df9-f0d0-479c-86db-faf3180cb8bd","gpioa":0,"gpiob":0,"gpioc":32768,"gpiod":768,"gpioe":1296,"modeltime":0,"type":"gpio"}
,[26.4.2023 | 15:25:10] {"client-id":"5fa70df9-f0d0-479c-86db-faf3180cb8bd","gpioa":0,"gpiob":0,"gpioc":32768,"gpiod":768,"gpioe":1296,"modeltime":0,"type":"gpio"}
,[26.4.2023 | 15:25:11] {"client-id":"5fa70df9-f0d0-479c-86db-faf3180cb8bd","gpioa":0,"gpiob":0,"gpioc":32768,"gpiod":768,"gpioe":1296,"modeltime":0,"type":"gpio"}
,[26.4.2023 | 15:25:11] {"client-id":"5fa70df9-f0d0-479c-86db-faf3180cb8bd","gpioa":0,"gpiob":0,"gpioc":32768,"gpiod":768,"gpioe":1296,"modeltime":0,"type":"gpio"}
,[26.4.2023 | 15:25:11] {"client-id":"5fa70df9-f0d0-479c-86db-faf3180cb8bd","gpioa":0,"gpiob":0,"gpioc":32768,"gpiod":768,"gpioe":1296,"modeltime":0,"type":"gpio"}
,[26.4.2023 | 15:25:11] {"client-id":"5fa70df9-f0d0-479c-86db-faf3180cb8bd","gpioa":0,"gpiob":0,"gpioc":32768,"gpiod":768,"gpioe":272,"modeltime":0,"type":"gpio"}
,[26.4.2023 | 15:25:11] {"client-id":"5fa70df9-f0d0-479c-86db-faf3180cb8bd","gpioa":0,"gpiob":0,"gpioc":32768,"gpiod":768,"gpioe":272,"modeltime":0,"type":"gpio"}
,[26.4.2023 | 15:25:11] {"client-id":"5fa70df9-f0d0-479c-86db-faf3180cb8bd","gpioa":0,"gpiob":0,"gpioc":32768,"gpiod":768,"gpioe":272,"modeltime":0,"type":"gpio"}
,[26.4.2023 | 15:25:11] {"client-id":"5fa70df9-f0d0-479c-86db-faf3180cb8bd","gpioa":0,"gpiob":0,"gpioc":32768,"gpiod":768,"gpioe":272,"modeltime":0,"type":"gpio"}
,[26.4.2023 | 15:25:11] {"client-id":"5fa70df9-f0d0-479c-86db-faf3180cb8bd","gpioa":0,"gpiob":0,"gpioc":32768,"gpiod":768,"gpioe":272,"modeltime":0,"type":"gpio"}
,[26.4.2023 | 15:25:11] {"client-id":"5fa70df9-f0d0-479c-86db-faf3180cb8bd","gpioa":0,"gpiob":0,"gpioc":32768,"gpiod":768,"gpioe":272,"modeltime":0,"type":"gpio"}
,[26.4.2023 | 15:25:12] {"client-id":"5fa70df9-f0d0-479c-86db-faf3180cb8bd","gpioa":0,"gpiob":0,"gpioc":32768,"gpiod":768,"gpioe":272,"modeltime":0,"type":"gpio"}
,[26.4.2023 | 15:25:12] {"client-id":"5fa70df9-f0d0-479c-86db-faf3180cb8bd","gpioa":0,"gpiob":0,"gpioc":32768,"gpiod":768,"gpioe":272,"modeltime":0,"type":"gpio"}
,[26.4.2023 | 15:25:12] {"client-id":"5fa70df9-f0d0-479c-86db-faf3180cb8bd","gpioa":0,"gpiob":0,"gpioc":32768,"gpiod":768,"gpioe":272,"modeltime":0,"type":"gpio"}
,[26.4.2023 | 15:25:12] {"client-id":"5fa70df9-f0d0-479c-86db-faf3180cb8bd","gpioa":0,"gpiob":0,"gpioc":32768,"gpiod":768,"gpioe":272,"modeltime":0,"type":"gpio"}
,[26.4.2023 | 15:25:12] {"client-id":"5fa70df9-f0d0-479c-86db-faf3180cb8bd","gpioa":0,"gpiob":0,"gpioc":32768,"gpiod":768,"gpioe":272,"modeltime":0,"type":"gpio"}
,[26.4.2023 | 15:25:12] {"client-id":"5fa70df9-f0d0-479c-86db-faf3180cb8bd","gpioa":0,"gpiob":0,"gpioc":32768,"gpiod":768,"gpioe":272,"modeltime":0,"type":"gpio"}
,[26.4.2023 | 15:25:12] {"client-id":"5fa70df9-f0d0-479c-86db-faf3180cb8bd","gpioa":0,"gpiob":0,"gpioc":32768,"gpiod":320,"gpioe":272,"modeltime":0,"type":"gpio"}
,[26.4.2023 | 15:25:12] {"client-id":"5fa70df9-f0d0-479c-86db-faf3180cb8bd","gpioa":0,"gpiob":0,"gpioc":32768,"gpiod":320,"gpioe":272,"modeltime":0,"type":"gpio"}
,[26.4.2023 | 15:25:12] {"client-id":"5fa70df9-f0d0-479c-86db-faf3180cb8bd","gpioa":0,"gpiob":0,"gpioc":32768,"gpiod":320,"gpioe":16,"modeltime":0,"type":"gpio"}
,[26.4.2023 | 15:25:12] {"client-id":"5fa70df9-f0d0-479c-86db-faf3180cb8bd","gpioa":0,"gpiob":0,"gpioc":32768,"gpiod":320,"gpioe":16,"modeltime":0,"type":"gpio"}
,[26.4.2023 | 15:25:13] {"client-id":"5fa70df9-f0d0-479c-86db-faf3180cb8bd","gpioa":0,"gpiob":0,"gpioc":32768,"gpiod":320,"gpioe":16,"modeltime":0,"type":"gpio"}
,[26.4.2023 | 15:25:13] {"client-id":"5fa70df9-f0d0-479c-86db-faf3180cb8bd","gpioa":0,"gpiob":0,"gpioc":32768,"gpiod":320,"gpioe":16,"modeltime":0,"type":"gpio"}
,[26.4.2023 | 15:25:13] {"client-id":"5fa70df9-f0d0-479c-86db-faf3180cb8bd","gpioa":0,"gpiob":0,"gpioc":32768,"gpiod":320,"gpioe":16,"modeltime":0,"type":"gpio"}
,[26.4.2023 | 15:25:13] {"client-id":"5fa70df9-f0d0-479c-86db-faf3180cb8bd","gpioa":0,"gpiob":0,"gpioc":32768,"gpiod":320,"gpioe":16,"modeltime":0,"type":"gpio"}
,[26.4.2023 | 15:25:13] {"client-id":"5fa70df9-f0d0-479c-86db-faf3180cb8bd","gpioa":0,"gpiob":0,"gpioc":32768,"gpiod":320,"gpioe":16,"modeltime":0,"type":"gpio"}
,[26.4.2023 | 15:25:13] {"client-id":"5fa70df9-f0d0-479c-86db-faf3180cb8bd","gpioa":0,"gpiob":0,"gpioc":32768,"gpiod":320,"gpioe":16,"modeltime":0,"type":"gpio"}
,[26.4.2023 | 15:25:13] {"client-id":"5fa70df9-f0d0-479c-86db-faf3180cb8bd","gpioa":0,"gpiob":0,"gpioc":32768,"gpiod":320,"gpioe":16,"modeltime":0,"type":"gpio"}
,[26.4.2023 | 15:25:13] {"client-id":"5fa70df9-f0d0-479c-86db-faf3180cb8bd","gpioa":0,"gpiob":0,"gpioc":32768,"gpiod":320,"gpioe":16,"modeltime":0,"type":"gpio"}
,[26.4.2023 | 15:25:13] {"client-id":"5fa70df9-f0d0-479c-86db-faf3180cb8bd","gpioa":0,"gpiob":0,"gpioc":32768,"gpiod":320,"gpioe":16,"modeltime":0,"type":"gpio"}
,[26.4.2023 | 15:25:13] {"client-id":"5fa70df9-f0d0-479c-86db-faf3180cb8bd","gpioa":0,"gpiob":0,"gpioc":32768,"gpiod":320,"gpioe":16,"modeltime":0,"type":"gpio"}
,[26.4.2023 | 15:25:14] {"client-id":"5fa70df9-f0d0-479c-86db-faf3180cb8bd","gpioa":0,"gpiob":0,"gpioc":32768,"gpiod":320,"gpioe":16,"modeltime":0,"type":"gpio"}
,[26.4.2023 | 15:25:14] {"client-id":"5fa70df9-f0d0-479c-86db-faf3180cb8bd","gpioa":0,"gpiob":0,"gpioc":32768,"gpiod":320,"gpioe":16,"modeltime":0,"type":"gpio"}
,[26.4.2023 | 15:25:14] {"client-id":"5fa70df9-f0d0-479c-86db-faf3180cb8bd","gpioa":0,"gpiob":0,"gpioc":32768,"gpiod":320,"gpioe":16,"modeltime":0,"type":"gpio"}
,[26.4.2023 | 15:25:14] {"client-id":"5fa70df9-f0d0-479c-86db-faf3180cb8bd","gpioa":0,"gpiob":0,"gpioc":32768,"gpiod":320,"gpioe":16,"modeltime":0,"type":"gpio"}
,[26.4.2023 | 15:25:14] {"client-id":"5fa70df9-f0d0-479c-86db-faf3180cb8bd","gpioa":0,"gpiob":0,"gpioc":32768,"gpiod":320,"gpioe":16,"modeltime":0,"type":"gpio"}
,[26.4.2023 | 15:25:14] {"client-id":"5fa70df9-f0d0-479c-86db-faf3180cb8bd","gpioa":0,"gpiob":0,"gpioc":32768,"gpiod":320,"gpioe":16,"modeltime":0,"type":"gpio"}
,[26.4.2023 | 15:25:14] {"client-id":"5fa70df9-f0d0-479c-86db-faf3180cb8bd","gpioa":0,"gpiob":0,"gpioc":32768,"gpiod":96,"gpioe":16,"modeltime":0,"type":"gpio"}
,[26.4.2023 | 15:25:14] {"client-id":"5fa70df9-f0d0-479c-86db-faf3180cb8bd","gpioa":0,"gpiob":0,"gpioc":32768,"gpiod":96,"gpioe":16,"modeltime":0,"type":"gpio"}
,[26.4.2023 | 15:25:14] {"client-id":"5fa70df9-f0d0-479c-86db-faf3180cb8bd","gpioa":0,"gpiob":0,"gpioc":32768,"gpiod":96,"gpioe":16,"modeltime":0,"type":"gpio"}
,[26.4.2023 | 15:25:14] {"client-id":"5fa70df9-f0d0-479c-86db-faf3180cb8bd","gpioa":0,"gpiob":0,"gpioc":32768,"gpiod":96,"gpioe":16,"modeltime":0,"type":"gpio"}
,[26.4.2023 | 15:25:15] {"client-id":"5fa70df9-f0d0-479c-86db-faf3180cb8bd","gpioa":0,"gpiob":0,"gpioc":32768,"gpiod":96,"gpioe":16,"modeltime":0,"type":"gpio"}
,[26.4.2023 | 15:25:15] {"client-id":"5fa70df9-f0d0-479c-86db-faf3180cb8bd","gpioa":0,"gpiob":0,"gpioc":32768,"gpiod":96,"gpioe":16,"modeltime":0,"type":"gpio"}
,[26.4.2023 | 15:25:15] {"client-id":"5fa70df9-f0d0-479c-86db-faf3180cb8bd","gpioa":0,"gpiob":0,"gpioc":32768,"gpiod":96,"gpioe":16,"modeltime":0,"type":"gpio"}
,[26.4.2023 | 15:25:15] {"client-id":"5fa70df9-f0d0-479c-86db-faf3180cb8bd","gpioa":0,"gpiob":0,"gpioc":32768,"gpiod":96,"gpioe":16,"modeltime":0,"type":"gpio"}
,[26.4.2023 | 15:25:15] {"client-id":"5fa70df9-f0d0-479c-86db-faf3180cb8bd","gpioa":0,"gpiob":0,"gpioc":32768,"gpiod":96,"gpioe":16,"modeltime":0,"type":"gpio"}
,[26.4.2023 | 15:25:15] {"client-id":"5fa70df9-f0d0-479c-86db-faf3180cb8bd","gpioa":0,"gpiob":0,"gpioc":32768,"gpiod":96,"gpioe":16,"modeltime":0,"type":"gpio"}
,[26.4.2023 | 15:25:15] {"client-id":"5fa70df9-f0d0-479c-86db-faf3180cb8bd","gpioa":0,"gpiob":0,"gpioc":32768,"gpiod":96,"gpioe":16,"modeltime":0,"type":"gpio"}
,[26.4.2023 | 15:25:15] {"client-id":"5fa70df9-f0d0-479c-86db-faf3180cb8bd","gpioa":0,"gpiob":0,"gpioc":32768,"gpiod":96,"gpioe":16,"modeltime":0,"type":"gpio"}
,[26.4.2023 | 15:25:15] {"client-id":"5fa70df9-f0d0-479c-86db-faf3180cb8bd","gpioa":0,"gpiob":0,"gpioc":32768,"gpiod":96,"gpioe":16,"modeltime":0,"type":"gpio"}
,[26.4.2023 | 15:25:15] {"client-id":"5fa70df9-f0d0-479c-86db-faf3180cb8bd","gpioa":0,"gpiob":0,"gpioc":32768,"gpiod":96,"gpioe":16,"modeltime":0,"type":"gpio"}
,[26.4.2023 | 15:25:16] {"client-id":"5fa70df9-f0d0-479c-86db-faf3180cb8bd","gpioa":0,"gpiob":0,"gpioc":32768,"gpiod":96,"gpioe":16,"modeltime":0,"type":"gpio"}
,[26.4.2023 | 15:25:16] {"client-id":"5fa70df9-f0d0-479c-86db-faf3180cb8bd","gpioa":0,"gpiob":0,"gpioc":32768,"gpiod":96,"gpioe":16,"modeltime":0,"type":"gpio"}
,[26.4.2023 | 15:25:16] {"client-id":"5fa70df9-f0d0-479c-86db-faf3180cb8bd","gpioa":0,"gpiob":0,"gpioc":32768,"gpiod":96,"gpioe":16,"modeltime":0,"type":"gpio"}
,[26.4.2023 | 15:25:16] {"client-id":"5fa70df9-f0d0-479c-86db-faf3180cb8bd","gpioa":0,"gpiob":0,"gpioc":32768,"gpiod":96,"gpioe":16,"modeltime":0,"type":"gpio"}
,[26.4.2023 | 15:25:16] {"client-id":"5fa70df9-f0d0-479c-86db-faf3180cb8bd","gpioa":0,"gpiob":0,"gpioc":32768,"gpiod":96,"gpioe":16,"modeltime":0,"type":"gpio"}
,[26.4.2023 | 15:25:16] {"client-id":"5fa70df9-f0d0-479c-86db-faf3180cb8bd","gpioa":0,"gpiob":0,"gpioc":32768,"gpiod":96,"gpioe":16,"modeltime":0,"type":"gpio"}
,[26.4.2023 | 15:25:16] {"client-id":"5fa70df9-f0d0-479c-86db-faf3180cb8bd","gpioa":0,"gpiob":0,"gpioc":32768,"gpiod":48,"gpioe":16,"modeltime":0,"type":"gpio"}
,[26.4.2023 | 15:25:16] {"client-id":"5fa70df9-f0d0-479c-86db-faf3180cb8bd","gpioa":0,"gpiob":0,"gpioc":32768,"gpiod":48,"gpioe":16,"modeltime":0,"type":"gpio"}
,[26.4.2023 | 15:25:16] {"client-id":"5fa70df9-f0d0-479c-86db-faf3180cb8bd","gpioa":0,"gpiob":0,"gpioc":32768,"gpiod":48,"gpioe":16,"modeltime":0,"type":"gpio"}
,[26.4.2023 | 15:25:16] {"client-id":"5fa70df9-f0d0-479c-86db-faf3180cb8bd","gpioa":0,"gpiob":0,"gpioc":32768,"gpiod":48,"gpioe":16,"modeltime":0,"type":"gpio"}
,[26.4.2023 | 15:25:17] {"client-id":"5fa70df9-f0d0-479c-86db-faf3180cb8bd","gpioa":0,"gpiob":0,"gpioc":32768,"gpiod":48,"gpioe":0,"modeltime":0,"type":"gpio"}
,[26.4.2023 | 15:25:17] {"client-id":"5fa70df9-f0d0-479c-86db-faf3180cb8bd","gpioa":0,"gpiob":0,"gpioc":32768,"gpiod":48,"gpioe":0,"modeltime":0,"type":"gpio"}
,[26.4.2023 | 15:25:17] {"client-id":"5fa70df9-f0d0-479c-86db-faf3180cb8bd","gpioa":0,"gpiob":0,"gpioc":32768,"gpiod":48,"gpioe":0,"modeltime":0,"type":"gpio"}
,[26.4.2023 | 15:25:17] {"client-id":"5fa70df9-f0d0-479c-86db-faf3180cb8bd","gpioa":0,"gpiob":0,"gpioc":32768,"gpiod":48,"gpioe":0,"modeltime":0,"type":"gpio"}
,[26.4.2023 | 15:25:17] {"client-id":"5fa70df9-f0d0-479c-86db-faf3180cb8bd","gpioa":0,"gpiob":0,"gpioc":32768,"gpiod":48,"gpioe":0,"modeltime":0,"type":"gpio"}
,[26.4.2023 | 15:25:17] {"client-id":"5fa70df9-f0d0-479c-86db-faf3180cb8bd","gpioa":0,"gpiob":0,"gpioc":32768,"gpiod":48,"gpioe":0,"modeltime":0,"type":"gpio"}
,[26.4.2023 | 15:25:17] {"client-id":"5fa70df9-f0d0-479c-86db-faf3180cb8bd","gpioa":0,"gpiob":0,"gpioc":32768,"gpiod":48,"gpioe":0,"modeltime":0,"type":"gpio"}
,[26.4.2023 | 15:25:17] {"client-id":"5fa70df9-f0d0-479c-86db-faf3180cb8bd","gpioa":0,"gpiob":0,"gpioc":32768,"gpiod":48,"gpioe":0,"modeltime":0,"type":"gpio"}
,[26.4.2023 | 15:25:17] {"client-id":"5fa70df9-f0d0-479c-86db-faf3180cb8bd","gpioa":0,"gpiob":0,"gpioc":32768,"gpiod":48,"gpioe":0,"modeltime":0,"type":"gpio"}
,[26.4.2023 | 15:25:17] {"client-id":"5fa70df9-f0d0-479c-86db-faf3180cb8bd","gpioa":0,"gpiob":0,"gpioc":32768,"gpiod":48,"gpioe":0,"modeltime":0,"type":"gpio"}
,[26.4.2023 | 15:25:18] {"client-id":"5fa70df9-f0d0-479c-86db-faf3180cb8bd","gpioa":0,"gpiob":0,"gpioc":32768,"gpiod":48,"gpioe":0,"modeltime":0,"type":"gpio"}
,[26.4.2023 | 15:25:18] {"client-id":"5fa70df9-f0d0-479c-86db-faf3180cb8bd","gpioa":0,"gpiob":0,"gpioc":32768,"gpiod":24,"gpioe":0,"modeltime":0,"type":"gpio"}
,[26.4.2023 | 15:25:18] {"client-id":"5fa70df9-f0d0-479c-86db-faf3180cb8bd","gpioa":0,"gpiob":0,"gpioc":32768,"gpiod":24,"gpioe":0,"modeltime":0,"type":"gpio"}
,[26.4.2023 | 15:25:18] {"client-id":"5fa70df9-f0d0-479c-86db-faf3180cb8bd","gpioa":0,"gpiob":0,"gpioc":32768,"gpiod":24,"gpioe":0,"modeltime":0,"type":"gpio"}
,[26.4.2023 | 15:25:18] {"client-id":"5fa70df9-f0d0-479c-86db-faf3180cb8bd","gpioa":0,"gpiob":0,"gpioc":32768,"gpiod":24,"gpioe":0,"modeltime":0,"type":"gpio"}
,[26.4.2023 | 15:25:18] {"client-id":"5fa70df9-f0d0-479c-86db-faf3180cb8bd","gpioa":0,"gpiob":0,"gpioc":32768,"gpiod":24,"gpioe":0,"modeltime":0,"type":"gpio"}
,[26.4.2023 | 15:25:18] {"client-id":"5fa70df9-f0d0-479c-86db-faf3180cb8bd","gpioa":0,"gpiob":0,"gpioc":32768,"gpiod":48,"gpioe":0,"modeltime":0,"type":"gpio"}
,[26.4.2023 | 15:25:18] {"client-id":"5fa70df9-f0d0-479c-86db-faf3180cb8bd","gpioa":0,"gpiob":0,"gpioc":32768,"gpiod":48,"gpioe":0,"modeltime":0,"type":"gpio"}
,[26.4.2023 | 15:25:18] {"client-id":"5fa70df9-f0d0-479c-86db-faf3180cb8bd","gpioa":0,"gpiob":0,"gpioc":32768,"gpiod":48,"gpioe":0,"modeltime":0,"type":"gpio"}
,[26.4.2023 | 15:25:18] {"client-id":"5fa70df9-f0d0-479c-86db-faf3180cb8bd","gpioa":0,"gpiob":0,"gpioc":32768,"gpiod":48,"gpioe":0,"modeltime":0,"type":"gpio"}
,[26.4.2023 | 15:25:19] {"client-id":"5fa70df9-f0d0-479c-86db-faf3180cb8bd","gpioa":0,"gpiob":0,"gpioc":32768,"gpiod":48,"gpioe":0,"modeltime":0,"type":"gpio"}
,[26.4.2023 | 15:25:19] {"client-id":"5fa70df9-f0d0-479c-86db-faf3180cb8bd","gpioa":0,"gpiob":0,"gpioc":32768,"gpiod":96,"gpioe":0,"modeltime":0,"type":"gpio"}
,[26.4.2023 | 15:25:19] {"client-id":"5fa70df9-f0d0-479c-86db-faf3180cb8bd","gpioa":0,"gpiob":0,"gpioc":32768,"gpiod":96,"gpioe":0,"modeltime":0,"type":"gpio"}
,[26.4.2023 | 15:25:19] {"client-id":"5fa70df9-f0d0-479c-86db-faf3180cb8bd","gpioa":0,"gpiob":0,"gpioc":32768,"gpiod":96,"gpioe":0,"modeltime":0,"type":"gpio"}
,[26.4.2023 | 15:25:19] {"client-id":"5fa70df9-f0d0-479c-86db-faf3180cb8bd","gpioa":0,"gpiob":0,"gpioc":32768,"gpiod":96,"gpioe":0,"modeltime":0,"type":"gpio"}
,[26.4.2023 | 15:25:19] {"client-id":"5fa70df9-f0d0-479c-86db-faf3180cb8bd","gpioa":0,"gpiob":0,"gpioc":32768,"gpiod":96,"gpioe":0,"modeltime":0,"type":"gpio"}
,[26.4.2023 | 15:25:19] {"client-id":"5fa70df9-f0d0-479c-86db-faf3180cb8bd","gpioa":0,"gpiob":0,"gpioc":32768,"gpiod":320,"gpioe":0,"modeltime":0,"type":"gpio"}
,[26.4.2023 | 15:25:19] {"client-id":"5fa70df9-f0d0-479c-86db-faf3180cb8bd","gpioa":0,"gpiob":0,"gpioc":32768,"gpiod":320,"gpioe":0,"modeltime":0,"type":"gpio"}
,[26.4.2023 | 15:25:19] {"client-id":"5fa70df9-f0d0-479c-86db-faf3180cb8bd","gpioa":0,"gpiob":0,"gpioc":32768,"gpiod":320,"gpioe":0,"modeltime":0,"type":"gpio"}
,[26.4.2023 | 15:25:19] {"client-id":"5fa70df9-f0d0-479c-86db-faf3180cb8bd","gpioa":0,"gpiob":0,"gpioc":32768,"gpiod":320,"gpioe":0,"modeltime":0,"type":"gpio"}
,[26.4.2023 | 15:25:20] {"client-id":"5fa70df9-f0d0-479c-86db-faf3180cb8bd","gpioa":0,"gpiob":0,"gpioc":32768,"gpiod":320,"gpioe":0,"modeltime":0,"type":"gpio"}
,[26.4.2023 | 15:25:20] {"client-id":"5fa70df9-f0d0-479c-86db-faf3180cb8bd","gpioa":0,"gpiob":0,"gpioc":32768,"gpiod":768,"gpioe":0,"modeltime":0,"type":"gpio"}
,[26.4.2023 | 15:25:20] {"client-id":"5fa70df9-f0d0-479c-86db-faf3180cb8bd","gpioa":0,"gpiob":0,"gpioc":32768,"gpiod":768,"gpioe":0,"modeltime":0,"type":"gpio"}
,[26.4.2023 | 15:25:20] {"client-id":"5fa70df9-f0d0-479c-86db-faf3180cb8bd","gpioa":0,"gpiob":0,"gpioc":32768,"gpiod":768,"gpioe":0,"modeltime":0,"type":"gpio"}
,[26.4.2023 | 15:25:20] {"client-id":"5fa70df9-f0d0-479c-86db-faf3180cb8bd","gpioa":0,"gpiob":0,"gpioc":32768,"gpiod":768,"gpioe":0,"modeltime":0,"type":"gpio"}
,[26.4.2023 | 15:25:20] {"client-id":"5fa70df9-f0d0-479c-86db-faf3180cb8bd","gpioa":0,"gpiob":0,"gpioc":32768,"gpiod":768,"gpioe":0,"modeltime":0,"type":"gpio"}
,[26.4.2023 | 15:25:20] {"client-id":"5fa70df9-f0d0-479c-86db-faf3180cb8bd","gpioa":0,"gpiob":0,"gpioc":32768,"gpiod":2560,"gpioe":0,"modeltime":0,"type":"gpio"}
,[26.4.2023 | 15:25:20] {"client-id":"5fa70df9-f0d0-479c-86db-faf3180cb8bd","gpioa":0,"gpiob":0,"gpioc":32768,"gpiod":2560,"gpioe":0,"modeltime":0,"type":"gpio"}
,[26.4.2023 | 15:25:20] {"client-id":"5fa70df9-f0d0-479c-86db-faf3180cb8bd","gpioa":0,"gpiob":0,"gpioc":32768,"gpiod":2560,"gpioe":0,"modeltime":0,"type":"gpio"}
,[26.4.2023 | 15:25:21] {"client-id":"5fa70df9-f0d0-479c-86db-faf3180cb8bd","gpioa":0,"gpiob":0,"gpioc":32768,"gpiod":2560,"gpioe":0,"modeltime":0,"type":"gpio"}
,[26.4.2023 | 15:25:21] {"client-id":"5fa70df9-f0d0-479c-86db-faf3180cb8bd","gpioa":0,"gpiob":0,"gpioc":32768,"gpiod":2560,"gpioe":0,"modeltime":0,"type":"gpio"}
,[26.4.2023 | 15:25:21] {"client-id":"5fa70df9-f0d0-479c-86db-faf3180cb8bd","gpioa":0,"gpiob":0,"gpioc":32768,"gpiod":6144,"gpioe":0,"modeltime":0,"type":"gpio"}
,[26.4.2023 | 15:25:21] {"client-id":"5fa70df9-f0d0-479c-86db-faf3180cb8bd","gpioa":0,"gpiob":0,"gpioc":32768,"gpiod":6144,"gpioe":0,"modeltime":0,"type":"gpio"}
,[26.4.2023 | 15:25:21] {"client-id":"5fa70df9-f0d0-479c-86db-faf3180cb8bd","gpioa":0,"gpiob":0,"gpioc":32768,"gpiod":6144,"gpioe":0,"modeltime":0,"type":"gpio"}
,[26.4.2023 | 15:25:21] {"client-id":"5fa70df9-f0d0-479c-86db-faf3180cb8bd","gpioa":0,"gpiob":0,"gpioc":32768,"gpiod":6144,"gpioe":0,"modeltime":0,"type":"gpio"}
,[26.4.2023 | 15:25:21] {"client-id":"5fa70df9-f0d0-479c-86db-faf3180cb8bd","gpioa":0,"gpiob":0,"gpioc":32768,"gpiod":6144,"gpioe":0,"modeltime":0,"type":"gpio"}
,[26.4.2023 | 15:25:21] {"client-id":"5fa70df9-f0d0-479c-86db-faf3180cb8bd","gpioa":0,"gpiob":0,"gpioc":32768,"gpiod":2560,"gpioe":0,"modeltime":0,"type":"gpio"}
,[26.4.2023 | 15:25:21] {"client-id":"5fa70df9-f0d0-479c-86db-faf3180cb8bd","gpioa":0,"gpiob":0,"gpioc":32768,"gpiod":2560,"gpioe":0,"modeltime":0,"type":"gpio"}
,[26.4.2023 | 15:25:21] {"client-id":"5fa70df9-f0d0-479c-86db-faf3180cb8bd","gpioa":0,"gpiob":0,"gpioc":32768,"gpiod":2560,"gpioe":0,"modeltime":0,"type":"gpio"}
,[26.4.2023 | 15:25:22] {"client-id":"5fa70df9-f0d0-479c-86db-faf3180cb8bd","gpioa":0,"gpiob":0,"gpioc":32768,"gpiod":2560,"gpioe":0,"modeltime":0,"type":"gpio"}
,[26.4.2023 | 15:25:22] {"type":"cmd","data":"stop"}
,[26.4.2023 | 15:25:22] {"client-id":"5fa70df9-f0d0-479c-86db-faf3180cb8bd","gpioa":0,"gpiob":0,"gpioc":32768,"gpiod":2560,"gpioe":0,"modeltime":0,"type":"gpio"}
